108
0 52
3 55
4 63
4 88
5 18
5 37
6 4
6 14
6 83
7 33
8 76
8 97
9 52
10 1
10 46
11 14
12 85
13 24
15 28
15 62
16 98
19 4
19 15
19 52
20 32
20 76
21 1
23 63
23 69
26 38
26 91
27 20
28 6
28 73
30 89
32 8
32 37
32 41
32 70
34 79
34 81
35 13
35 56
36 41
36 51
38 99
39 43
39 77
42 70
43 31
43 62
43 97
45 11
45 87
47 13
48 90
50 28
52 5
52 8
52 42
53 67
53 87
54 40
54 57
57 43
57 88
58 1
58 25
60 8
60 53
61 5
61 46
61 64
62 70
63 92
64 18
65 77
67 6
69 25
69 43
71 23
71 47
71 62
72 31
72 59
75 97
77 10
78 34
80 4
80 20
81 48
83 68
84 26
84 70
85 38
85 91
86 23
86 58
88 1
88 9
94 6
94 56
94 85
96 42
96 45
96 65
97 20
98 73
