107
0 58
1 22
1 91
2 1
2 22
2 83
3 53
3 78
4 31
5 57
5 66
6 40
7 78
7 89
8 2
9 36
9 62
11 12
13 0
13 55
13 96
14 80
15 89
16 65
20 3
20 36
21 59
22 10
23 46
24 29
25 58
25 63
26 19
26 78
26 87
28 5
29 94
31 27
32 36
34 13
34 43
35 63
37 55
39 1
39 20
39 98
40 85
44 79
45 66
47 62
48 12
48 35
49 2
50 89
51 85
53 5
53 27
53 37
53 95
54 33
57 36
57 64
57 77
58 5
58 46
60 13
60 23
60 44
63 53
64 28
64 96
66 56
66 85
67 75
70 42
72 8
72 49
73 79
74 18
74 43
75 60
75 90
75 95
76 49
77 61
78 31
79 0
81 83
81 98
82 29
82 33
82 87
84 13
84 57
84 69
84 76
85 40
88 3
88 19
90 63
90 96
91 82
92 31
92 47
92 58
93 86
99 76
