104
0 66
1 73
2 84
4 4
4 68
5 86
8 78
9 53
10 27
10 46
12 32
14 28
15 84
17 6
17 62
18 43
19 10
19 53
19 68
21 8
21 61
22 33
24 27
25 96
26 35
27 24
28 18
29 65
30 49
31 31
31 41
31 85
32 13
33 78
34 99
36 80
39 62
40 0
40 22
41 79
43 65
44 38
44 54
44 71
44 93
47 19
47 40
48 87
49 23
50 39
51 3
51 90
52 9
52 47
55 5
56 35
56 55
57 27
57 50
58 20
60 15
60 27
61 0
61 73
63 19
63 89
64 58
65 80
67 47
67 72
68 43
68 63
69 4
69 10
69 76
69 91
70 31
71 50
73 57
74 39
74 65
74 75
76 96
77 8
78 92
79 84
80 29
80 68
80 95
81 54
84 82
85 39
87 20
87 35
87 65
88 8
88 72
89 3
89 70
95 85
96 56
96 60
97 77
97 92
