114
0 44
1 9
1 88
2 50
2 81
2 98
4 66
6 27
8 10
9 48
9 90
10 59
10 79
12 97
13 1
13 19
14 51
15 75
17 46
17 64
17 86
17 92
21 75
22 34
23 9
23 16
23 40
23 77
24 2
25 24
25 53
25 74
26 86
26 95
27 96
28 64
30 75
31 13
31 53
31 66
33 3
33 60
33 93
35 21
37 1
37 46
38 11
38 37
38 81
39 47
40 19
40 98
41 89
44 56
45 26
47 16
47 40
47 69
48 8
48 50
49 28
51 0
51 70
51 90
52 99
53 6
53 21
56 24
57 3
58 84
58 91
61 79
62 31
62 47
63 32
64 37
65 54
66 94
67 90
69 83
70 22
70 57
71 42
72 6
73 0
74 59
74 92
75 74
76 24
76 43
77 93
79 87
81 17
82 14
83 77
85 8
86 44
87 11
88 57
89 28
89 92
90 96
91 71
92 50
93 6
93 94
95 59
96 25
96 38
96 67
96 79
97 13
98 31
98 39
