109
0 49
1 2
3 77
4 44
4 56
6 14
7 29
7 89
8 81
8 84
10 14
10 28
10 40
10 65
11 64
14 6
14 74
16 38
16 59
18 23
18 34
20 46
20 82
22 13
24 18
24 55
25 48
25 75
25 93
26 67
27 64
28 97
29 40
31 12
34 9
34 41
34 97
35 76
36 55
36 65
36 86
37 23
41 97
43 22
43 82
43 91
44 38
45 7
45 15
45 73
46 19
46 59
46 74
47 41
48 15
48 51
48 64
48 93
49 35
53 57
57 43
58 6
58 83
59 55
60 37
62 86
63 26
64 50
64 63
65 0
67 74
67 99
68 11
68 30
69 16
70 2
71 39
71 84
73 50
74 68
76 24
78 32
78 67
79 42
79 56
81 3
81 13
81 57
81 72
84 4
84 95
85 29
86 47
86 65
86 73
86 81
86 97
87 39
89 14
90 21
90 30
90 58
91 66
92 85
97 26
98 16
98 59
98 70
98 85
