102
1 37
3 52
3 74
4 96
5 6
8 4
8 40
9 15
10 54
10 84
12 29
13 71
16 8
16 89
17 72
18 99
22 31
23 28
23 73
24 84
25 0
25 87
26 42
26 45
28 72
29 6
31 26
31 96
33 5
33 60
33 77
34 42
34 90
37 17
38 60
40 78
42 42
42 74
45 82
48 61
49 74
50 26
50 49
50 91
51 1
51 54
51 96
53 30
54 83
56 12
56 22
56 42
58 89
58 95
60 7
61 51
61 69
63 78
64 14
64 23
64 37
65 10
65 57
66 69
67 20
69 7
69 47
71 79
72 19
72 89
73 1
73 30
73 73
74 75
75 52
75 64
77 45
78 18
78 78
79 27
79 43
81 68
81 93
83 35
84 64
85 84
86 18
86 55
87 76
89 32
89 34
92 46
93 12
94 58
94 63
96 84
97 9
97 27
97 96
98 37
98 39
99 82
