112
0 5
1 59
1 93
3 83
4 26
5 69
6 99
7 14
7 90
8 61
8 74
10 5
10 58
11 17
11 23
12 39
13 30
15 10
17 45
17 79
17 90
17 93
18 54
20 21
20 45
22 64
24 6
24 35
24 58
26 78
26 91
28 44
28 97
29 3
29 50
29 51
30 19
31 29
32 67
35 19
35 76
35 82
35 86
37 35
39 92
42 10
42 25
42 67
43 37
43 81
44 3
45 74
46 58
47 93
48 47
49 12
51 48
52 78
53 4
53 17
54 52
55 33
55 79
56 31
56 62
59 68
60 86
62 9
63 13
63 20
63 30
63 39
65 54
66 61
67 68
68 40
70 20
70 54
71 87
71 93
72 36
74 63
74 70
76 11
77 26
78 49
79 81
80 30
80 77
80 92
81 24
82 67
83 0
83 58
85 17
85 87
86 72
86 96
88 62
89 48
90 80
92 95
93 21
93 26
94 43
94 57
94 71
95 26
96 11
97 33
97 51
98 77
