97
2 3
3 2
7 50
7 58
8 72
10 86
12 42
14 35
14 90
16 28
17 27
17 59
17 85
19 18
19 48
19 55
19 89
20 76
23 33
27 96
29 36
30 48
30 83
32 51
33 7
34 41
34 69
35 21
35 26
35 96
36 58
39 15
39 17
40 50
40 85
41 72
41 92
43 34
45 39
46 55
46 84
47 10
48 47
48 88
50 19
50 23
51 61
51 97
52 69
59 13
59 24
60 16
60 34
60 82
61 24
61 64
63 97
64 44
64 84
65 71
65 81
66 34
67 52
69 11
69 44
70 29
71 40
73 88
74 82
75 59
75 67
76 20
76 96
78 44
79 50
79 69
79 74
79 88
80 14
81 31
83 29
83 61
84 20
84 48
85 74
85 97
86 10
88 64
89 53
94 33
94 46
94 58
94 82
95 94
96 49
98 29
98 68
