106
0 97
1 37
1 92
2 2
2 68
3 27
4 72
5 22
5 37
5 96
6 18
9 19
10 3
11 62
12 5
12 70
13 48
14 53
14 97
16 60
16 93
17 62
18 74
21 39
22 8
22 45
23 44
23 89
27 20
28 24
28 86
28 97
29 85
30 78
31 49
32 9
32 32
32 92
35 36
36 21
36 50
36 59
39 83
40 55
41 9
43 22
45 11
47 1
47 62
47 87
49 52
49 75
49 89
50 27
50 40
54 6
55 26
55 41
55 72
55 87
56 70
57 14
57 39
57 96
59 3
61 50
61 64
61 77
62 11
62 75
63 3
64 88
66 20
67 35
67 53
67 99
68 62
71 68
73 25
74 13
75 90
77 60
79 50
79 94
80 23
80 35
83 13
84 95
85 5
85 57
85 89
87 66
89 66
92 20
92 56
92 85
93 29
94 14
94 46
96 89
97 2
97 25
97 39
97 70
98 78
99 98
