112
0 46
2 10
2 14
2 58
2 71
2 96
3 37
4 83
5 60
6 19
7 69
9 21
9 89
12 43
12 50
12 56
13 10
13 11
16 5
17 30
17 83
19 46
19 50
19 93
20 67
21 72
22 26
22 36
23 27
24 60
26 17
26 74
27 1
28 59
28 99
29 38
30 19
31 76
32 93
33 12
34 57
35 44
36 62
37 79
38 2
42 40
42 72
42 92
43 55
44 3
44 49
46 19
47 11
47 86
48 4
49 97
52 57
53 9
54 66
55 54
56 41
56 45
57 30
59 92
60 89
61 23
61 79
63 9
64 53
64 75
66 1
66 81
67 40
67 92
68 16
68 64
69 29
69 45
72 4
72 29
75 20
77 13
77 64
78 41
78 97
79 50
80 82
80 91
81 7
82 1
82 53
83 28
86 87
87 30
87 78
88 39
88 86
90 14
90 58
92 66
93 22
95 12
95 34
95 92
96 11
97 48
97 53
97 75
97 92
98 90
99 59
99 69
