103
0 67
1 36
3 95
4 56
4 85
5 17
6 76
7 46
7 49
7 58
8 86
9 12
12 4
14 66
15 88
17 97
18 69
19 80
21 42
21 89
22 27
22 53
23 12
24 33
24 59
25 10
25 51
26 91
27 4
27 58
28 14
29 27
29 77
32 43
33 66
33 74
34 22
35 25
37 9
40 50
40 56
40 83
41 35
42 10
42 43
43 66
43 93
44 2
46 77
49 51
49 81
52 9
52 21
52 31
53 43
53 44
53 64
55 68
56 14
57 8
57 35
57 73
59 99
61 50
61 61
62 31
65 32
65 80
66 0
66 25
68 10
68 11
70 70
71 53
73 35
75 63
75 96
77 84
78 30
78 46
80 11
80 54
81 68
85 76
86 56
87 98
88 5
89 17
89 47
90 26
90 69
92 39
93 2
93 92
94 33
94 81
96 10
96 25
96 78
97 3
97 83
97 99
98 15
