104
0 28
1 1
1 17
1 90
2 34
3 7
3 53
3 64
3 89
4 79
7 36
9 46
10 11
10 20
10 94
11 51
15 41
15 68
15 79
16 17
17 40
17 79
18 94
19 10
21 92
22 54
23 24
23 52
24 61
26 16
26 37
26 98
27 85
28 20
29 1
30 17
32 7
32 80
34 66
35 55
35 88
36 20
36 22
36 79
36 90
37 7
37 40
39 58
40 39
41 69
41 72
42 17
42 47
44 28
47 92
48 24
48 44
49 2
49 94
51 21
51 61
54 11
55 83
56 16
57 18
57 27
57 41
57 43
58 0
59 9
60 89
61 2
61 48
62 80
64 25
66 12
67 38
67 57
69 82
70 5
70 94
70 98
74 22
74 37
78 42
79 9
80 8
80 61
81 1
83 73
83 98
84 64
85 81
86 34
88 88
89 25
89 43
89 59
93 62
94 23
94 52
95 4
95 71
98 36
