109
0 1
0 91
1 76
2 28
3 96
4 12
6 65
7 87
8 52
10 37
10 97
11 16
12 78
13 56
14 9
14 23
14 71
16 47
17 32
17 89
18 58
21 53
21 78
24 36
25 22
26 11
26 86
27 96
28 44
29 4
29 24
29 75
30 67
31 58
31 79
33 54
34 32
34 81
35 13
35 68
36 96
38 4
38 25
38 76
39 91
40 1
41 65
42 53
42 92
43 78
45 15
45 43
46 33
46 37
47 65
50 42
50 69
51 55
52 3
52 29
53 55
53 90
54 76
57 11
59 20
59 59
59 92
60 0
60 27
60 73
64 20
65 55
66 82
67 89
68 9
69 28
69 33
70 17
74 7
74 75
75 22
75 51
77 38
78 88
79 40
80 64
80 96
83 7
84 49
86 1
86 64
87 69
87 78
88 38
89 64
89 91
91 30
92 98
94 20
94 81
95 55
96 14
96 32
96 47
97 4
97 30
97 39
98 96
99 63
