103
1 29
3 3
3 17
3 61
3 86
4 8
4 20
5 51
7 47
7 74
9 9
9 78
10 61
11 56
11 89
11 97
13 13
15 9
15 34
15 39
16 18
16 45
18 52
18 70
19 2
19 90
20 42
21 54
22 24
22 38
22 59
22 82
24 1
26 19
26 71
26 98
29 36
31 83
31 98
32 12
32 44
33 32
34 56
36 99
38 21
39 40
41 4
42 61
43 30
44 74
45 33
46 42
51 13
52 34
52 79
53 97
55 15
55 84
56 31
57 41
59 21
59 59
60 17
60 60
61 4
65 48
65 98
68 11
69 0
69 27
69 48
70 56
71 87
72 36
73 31
73 95
75 67
75 78
76 8
77 35
78 54
78 77
78 88
78 91
79 64
80 57
81 95
85 12
85 85
86 23
87 74
88 44
88 87
89 70
90 6
92 19
93 46
95 53
95 77
95 87
96 5
97 64
99 66
