107
1 35
1 46
1 50
2 83
3 10
4 21
4 83
4 87
4 97
5 64
5 69
6 5
6 63
8 25
8 30
8 43
8 55
10 81
13 35
13 44
13 93
14 7
15 55
16 97
17 61
18 23
20 48
23 54
24 1
24 8
24 72
24 76
24 91
25 62
30 96
31 56
32 43
32 67
32 78
34 4
34 48
35 37
36 0
36 38
36 89
38 93
38 97
40 13
40 23
40 74
41 7
41 45
41 65
44 8
46 22
47 39
48 27
49 78
52 51
54 35
54 55
54 67
58 21
59 6
59 69
61 5
61 59
62 78
62 84
64 28
66 17
66 76
68 43
69 6
70 53
70 62
71 5
71 79
72 29
73 16
74 65
77 19
78 30
78 86
78 90
80 41
80 66
80 71
81 1
81 11
83 5
83 20
83 57
88 12
89 74
89 84
92 42
93 0
93 22
93 47
94 31
95 10
95 63
95 78
96 58
98 42
98 94
