107
1 4
2 9
2 86
2 91
3 48
4 18
4 66
4 98
6 23
6 29
6 34
6 53
8 30
9 38
9 72
11 63
11 89
13 54
16 75
17 8
19 47
19 59
20 36
22 12
23 28
24 49
24 83
25 52
26 19
26 68
27 0
28 39
28 91
29 69
31 9
31 49
31 72
32 41
32 81
33 20
35 11
35 70
36 20
36 84
37 97
38 43
38 57
39 49
42 77
45 63
47 0
47 52
48 10
48 18
48 38
50 44
50 93
52 22
52 50
52 71
53 26
54 60
56 13
58 83
59 92
59 94
60 6
61 55
62 32
62 45
63 13
63 67
63 68
63 74
65 15
66 3
66 90
69 45
69 94
70 96
72 30
73 13
73 62
75 14
75 18
75 36
75 79
76 90
77 56
78 58
78 95
81 81
82 42
82 67
84 25
84 42
84 81
86 90
87 11
87 74
89 55
89 60
92 61
93 95
95 73
95 94
98 38
