110
1 68
3 9
3 47
3 86
3 92
5 76
6 1
7 33
7 49
8 45
9 65
10 25
10 55
11 86
12 17
13 71
15 97
16 85
17 15
17 31
17 52
18 46
20 79
22 6
22 58
22 74
23 65
24 30
25 6
25 42
25 45
25 60
26 68
28 92
31 48
31 76
32 24
33 65
34 11
34 32
34 41
34 96
35 3
38 12
39 84
40 23
41 89
42 53
44 76
46 36
46 54
47 4
47 48
47 70
48 62
49 14
49 70
54 88
55 5
55 99
56 28
56 37
56 44
57 68
57 78
60 51
62 22
63 68
65 24
65 41
65 64
66 5
66 85
68 10
69 58
69 82
69 88
71 19
71 49
71 98
73 70
74 27
74 53
77 44
78 10
78 36
78 83
80 0
80 21
81 82
83 52
85 10
85 26
88 66
89 12
90 6
90 45
90 70
91 46
91 96
92 22
93 9
93 61
93 84
94 36
95 1
95 75
97 13
97 49
99 91
