104
2 18
3 33
3 45
4 60
6 84
7 43
7 57
7 76
7 78
8 9
8 18
8 95
9 40
11 75
14 25
16 65
16 94
18 30
19 85
22 20
23 38
23 61
25 92
26 75
27 13
27 62
28 29
28 68
29 78
30 22
30 53
30 99
34 39
34 57
34 91
35 72
37 80
39 27
39 46
40 9
41 11
41 87
42 94
44 37
44 82
45 91
47 20
49 40
49 52
50 75
52 21
52 28
55 40
55 56
55 89
57 67
58 75
61 78
62 96
63 11
63 26
63 32
63 40
63 47
64 73
65 48
66 66
67 10
68 85
69 75
70 25
70 26
73 84
74 95
75 16
75 38
75 55
75 68
76 10
76 50
78 86
79 95
80 17
81 28
81 45
83 40
83 60
83 74
85 47
86 29
86 92
87 90
88 13
88 58
92 11
92 73
93 65
93 90
94 35
95 21
96 26
96 59
97 53
98 84
