98
0 24
1 46
2 71
3 31
4 42
6 98
8 23
9 25
10 54
10 87
12 80
13 11
14 3
16 14
17 35
17 70
18 4
18 64
19 90
19 92
20 55
22 38
22 96
23 67
24 18
25 79
28 9
28 22
30 19
31 56
32 48
32 70
32 85
33 35
38 5
38 24
38 43
39 64
40 62
40 95
41 75
43 54
43 82
45 25
46 16
48 62
49 38
49 96
50 82
52 7
52 48
52 66
53 27
56 49
56 56
57 40
58 66
59 6
61 56
61 83
64 86
65 17
68 8
68 26
69 15
69 76
70 36
71 70
72 50
73 55
74 45
74 48
74 85
78 54
78 63
79 36
80 34
80 90
81 41
83 9
83 17
85 65
86 2
86 20
86 66
86 77
87 13
87 93
92 58
94 32
94 78
95 34
96 5
96 44
96 58
97 27
97 52
99 84
