86
1 63
2 33
2 82
3 34
3 44
4 17
4 48
5 12
5 23
5 32
5 90
5 93
6 76
7 83
10 61
10 68
10 75
12 39
12 53
12 96
13 20
14 98
15 16
15 59
15 69
15 92
16 46
17 30
18 24
18 57
18 69
18 79
20 38
21 88
23 78
24 38
25 50
25 96
26 42
26 65
26 70
26 89
27 29
27 54
27 96
30 32
32 82
33 93
34 61
34 66
34 74
34 77
35 55
36 41
36 73
38 98
39 48
40 85
43 56
45 81
45 93
46 64
47 98
52 54
52 75
53 61
53 67
53 87
54 76
57 66
58 88
60 94
61 84
63 72
64 68
65 95
66 89
67 78
70 74
73 92
76 87
77 95
80 98
81 88
89 91
91 95
