105
0 80
1 21
1 42
1 85
2 62
3 9
3 98
4 29
6 67
8 22
9 71
10 87
11 37
12 21
13 12
13 90
14 9
15 30
15 49
15 78
15 93
16 57
20 8
22 15
23 10
23 96
27 1
28 29
28 43
30 19
31 57
32 21
32 41
34 99
35 76
36 63
37 5
37 86
37 96
39 40
40 2
40 35
41 97
42 14
43 71
45 7
45 63
46 19
47 65
48 34
48 83
49 23
49 46
49 90
51 7
52 40
52 49
53 76
55 22
55 73
56 32
56 68
58 2
58 57
59 82
61 97
62 8
62 72
63 6
63 67
65 28
65 34
67 58
67 90
67 95
68 12
68 68
70 3
71 31
71 80
73 28
73 47
73 59
74 19
75 35
75 93
79 73
79 87
81 13
81 50
81 53
83 26
84 38
84 69
85 7
86 93
88 80
89 28
89 55
89 83
93 61
95 43
95 78
99 19
99 51
