109
2 60
2 82
3 18
3 43
4 27
7 14
7 52
7 76
10 28
10 56
10 88
11 76
13 21
14 45
14 96
15 74
17 26
17 47
18 9
18 66
23 11
24 75
25 30
25 52
25 70
26 13
28 90
28 96
30 17
30 31
31 82
34 60
34 75
35 41
36 93
37 3
37 45
38 62
39 5
41 87
42 92
42 96
43 36
43 57
44 25
48 12
48 75
48 88
51 95
52 16
53 54
53 56
54 5
54 47
55 30
55 71
57 39
57 84
59 71
59 85
59 90
61 98
62 8
62 22
63 60
63 67
65 11
67 67
68 26
68 51
69 79
71 15
71 57
71 64
71 96
72 46
73 35
73 79
74 19
75 27
76 91
77 39
82 1
82 48
82 58
82 86
83 86
84 62
85 19
85 24
85 71
87 59
88 80
89 1
89 54
89 96
90 3
91 13
91 41
91 67
91 97
93 55
94 34
95 23
95 73
96 3
97 59
97 83
99 47
