94
0 84
1 8
2 97
4 3
4 17
6 93
7 28
8 41
9 16
9 97
10 62
11 8
12 49
12 75
14 67
14 82
15 53
16 4
16 23
16 72
17 14
17 47
19 7
19 20
20 4
20 33
20 92
20 96
24 38
25 25
25 60
25 78
26 47
27 7
27 21
27 95
28 19
28 68
29 84
30 35
31 26
31 43
35 95
36 38
38 17
38 84
39 89
40 38
40 56
42 9
45 31
45 73
46 7
47 20
49 60
50 17
50 23
50 48
50 96
53 68
55 34
56 43
56 54
57 10
60 19
62 94
63 56
64 69
66 48
67 1
67 5
68 69
69 67
72 78
73 17
73 55
73 92
76 14
79 4
79 86
81 77
83 50
84 21
85 87
85 89
88 69
92 44
93 79
93 92
94 39
96 51
96 90
97 33
99 99
