107
0 91
2 40
2 80
3 34
4 9
4 56
5 29
5 72
7 24
7 94
8 64
9 86
10 37
11 77
12 64
13 11
13 46
14 28
15 50
15 74
16 3
16 70
17 18
18 31
19 33
19 83
22 46
23 7
23 22
25 54
26 59
26 67
27 70
28 29
29 22
30 36
31 99
32 9
32 86
33 38
34 87
35 3
35 30
35 47
35 52
35 70
37 60
37 94
39 78
40 25
43 38
44 9
44 36
46 59
47 81
48 72
50 5
50 54
51 97
52 4
53 29
53 39
53 77
54 24
54 92
55 72
58 37
59 11
59 82
60 42
63 50
64 5
65 20
65 23
68 49
70 5
70 24
71 77
72 18
72 82
73 42
74 62
75 37
75 96
76 53
78 49
78 90
79 29
81 14
81 96
83 38
84 4
84 57
84 66
85 13
85 49
86 91
89 82
90 18
90 35
91 85
92 52
93 11
95 31
95 70
97 60
98 42
