104
0 18
0 34
0 54
0 62
0 85
0 95
1 10
1 50
2 2
2 26
2 42
2 70
2 78
8 10
8 42
9 2
9 54
9 70
10 34
10 45
10 63
10 87
10 94
11 18
11 78
12 26
28 62
28 70
28 86
29 18
30 1
30 25
30 34
30 45
30 77
30 94
31 42
32 10
32 54
38 2
38 34
38 54
39 18
39 26
40 50
40 61
40 69
40 79
41 10
42 42
42 86
42 94
48 86
48 94
49 18
49 50
50 26
50 70
51 2
51 10
51 34
51 42
51 78
52 54
52 62
58 10
59 2
59 54
60 43
60 51
60 86
61 18
61 70
62 26
62 34
62 62
62 78
62 94
68 10
68 26
68 54
68 70
68 86
69 34
69 62
70 47
71 18
71 42
71 78
71 94
72 2
88 34
88 86
88 94
90 10
90 19
90 41
90 54
90 62
90 71
90 79
91 26
91 50
92 2
