104
1 6
3 63
3 90
4 4
4 33
5 28
6 21
7 47
8 4
8 74
9 12
9 46
11 52
11 82
12 12
12 64
13 36
13 89
13 94
14 25
14 78
16 15
16 69
17 46
18 28
21 58
22 33
23 20
23 31
23 93
24 47
24 56
24 81
25 66
27 13
29 63
29 73
29 78
29 85
30 32
31 7
33 94
36 3
36 35
37 20
38 57
38 65
39 43
39 74
39 96
41 33
45 67
47 7
48 38
49 88
50 12
52 20
54 62
55 70
56 46
56 84
57 34
57 58
58 72
60 24
60 82
62 61
63 16
63 37
66 61
66 69
68 53
68 85
68 98
70 32
71 68
73 1
73 11
73 26
73 46
75 33
78 92
79 37
82 96
83 73
84 5
84 48
86 62
86 93
86 96
87 9
87 70
87 83
88 27
90 12
92 38
92 44
93 31
94 52
94 81
94 95
97 65
98 76
99 31
