104
0 76
0 78
1 5
1 22
2 29
5 55
6 85
7 97
8 53
8 58
9 6
9 45
10 15
10 34
11 73
11 91
12 38
15 80
15 92
16 44
16 73
17 59
19 2
19 34
20 52
21 4
21 13
21 86
23 67
26 80
26 90
28 45
30 2
30 24
32 43
32 80
34 62
35 23
35 35
35 73
36 25
36 69
38 93
39 45
40 21
43 2
43 70
44 7
46 83
47 10
49 42
49 62
50 6
51 27
51 59
51 64
51 94
52 32
52 77
55 74
57 82
57 83
59 47
59 60
62 29
64 96
65 82
68 11
69 68
70 18
70 56
70 83
72 8
73 51
73 66
74 74
74 88
76 1
76 23
76 79
77 38
77 61
78 72
78 83
79 95
80 37
81 77
86 26
88 63
89 12
89 91
90 22
92 4
92 43
93 71
94 16
95 55
96 34
96 48
96 94
97 4
97 84
99 27
99 61
