111
2 23
2 57
2 80
3 95
4 9
4 53
5 23
5 35
6 28
6 68
10 34
10 44
10 86
10 95
11 38
11 62
14 70
15 27
15 83
16 56
16 78
19 4
19 13
20 51
21 92
22 25
22 61
23 14
23 76
23 91
24 43
25 53
26 0
27 37
27 99
30 59
32 27
32 28
33 8
33 72
34 20
34 53
34 93
38 25
38 65
38 74
39 52
40 14
41 90
42 54
42 95
43 66
44 3
44 33
44 50
48 62
51 80
51 91
52 3
52 27
52 40
52 78
52 93
53 12
54 68
55 3
56 39
58 13
58 69
58 83
60 19
61 60
61 88
62 52
62 79
63 22
64 46
66 29
67 54
69 2
70 9
70 62
71 40
73 6
73 14
73 56
77 47
77 81
78 42
79 96
80 15
80 66
81 81
82 2
82 38
82 78
82 89
84 57
85 28
88 34
88 69
88 80
88 97
91 49
94 30
96 84
97 23
97 41
98 0
98 64
99 80
