111
0 0
2 35
2 89
3 30
4 36
4 50
4 64
4 96
6 8
10 4
10 62
12 26
12 39
13 78
17 11
17 24
18 7
18 61
19 24
20 14
21 28
21 41
21 48
21 83
22 15
22 72
22 98
23 1
24 92
25 68
26 97
29 8
29 28
29 34
31 72
32 84
33 18
33 95
34 1
34 22
35 37
38 56
38 72
40 5
40 25
41 48
42 76
43 26
45 7
45 63
45 88
46 12
46 37
46 56
47 44
49 99
50 11
52 1
55 60
55 81
56 52
57 70
57 91
60 88
61 14
61 35
61 46
61 97
62 23
64 0
65 3
65 33
65 70
66 8
66 81
69 81
69 88
71 52
72 14
72 58
73 69
74 11
74 67
75 77
76 26
76 94
77 31
79 3
79 52
79 79
81 30
81 88
82 61
83 15
83 77
84 2
85 21
85 42
85 90
87 73
88 42
89 27
90 44
91 62
93 17
93 41
96 78
97 84
98 38
98 77
99 8
