106
0 98
1 25
1 81
2 0
2 11
2 17
2 78
3 43
3 45
4 13
4 59
6 17
7 32
8 39
10 94
12 12
12 90
13 59
14 28
14 77
15 81
16 10
20 3
20 30
21 55
21 84
21 93
21 95
22 8
23 48
24 35
24 86
26 23
28 33
28 43
29 73
30 18
30 24
32 90
33 65
34 7
34 75
34 94
36 41
37 60
39 43
39 94
40 41
40 84
41 8
41 17
43 92
45 53
45 79
47 22
48 30
48 42
48 62
49 57
51 3
51 98
53 1
53 10
54 47
54 94
56 36
58 19
58 69
58 89
61 16
61 26
62 65
63 40
64 95
65 10
65 57
65 82
67 45
67 74
68 86
71 31
71 89
73 40
73 51
73 77
74 1
76 20
77 9
77 62
80 32
83 23
83 55
83 73
83 88
85 3
89 40
90 30
91 11
91 44
91 94
92 62
92 64
93 87
96 26
97 78
97 86
