109
1 12
2 66
4 14
4 50
4 98
5 22
5 53
5 77
8 33
10 47
11 2
11 63
11 72
13 20
15 29
16 12
16 65
16 94
17 97
18 41
19 28
19 55
21 83
23 43
25 1
26 21
26 90
27 28
27 85
28 41
28 55
28 69
28 96
29 75
31 20
32 9
32 46
32 52
32 61
35 2
36 39
36 90
37 82
38 27
39 65
39 93
40 16
40 53
41 71
42 9
44 35
46 55
47 65
47 74
48 24
48 58
48 95
50 3
51 43
51 72
52 48
53 32
55 45
55 56
55 81
57 61
58 1
58 33
59 39
59 44
60 96
63 5
63 82
64 2
64 75
66 31
68 65
69 16
69 47
71 99
72 73
73 26
73 38
73 46
73 56
75 7
75 41
77 89
78 58
79 95
82 22
83 48
83 53
84 3
84 78
86 10
86 35
86 69
86 72
87 26
88 28
93 55
94 37
94 67
94 82
96 3
96 75
98 22
98 54
