106
0 26
1 53
4 30
4 77
9 52
10 14
11 2
11 34
11 90
12 65
13 1
13 73
14 24
15 50
15 77
19 57
19 86
20 7
21 15
21 68
22 65
23 52
27 76
27 92
28 29
28 40
30 12
30 59
31 2
31 97
32 46
33 3
35 37
36 24
37 66
37 71
37 88
38 55
41 94
45 11
45 19
45 47
46 28
46 60
46 79
46 90
48 71
49 38
49 73
51 18
51 57
52 36
53 79
54 0
54 22
54 26
54 92
55 67
56 54
56 60
58 95
59 23
60 34
61 2
62 20
62 45
65 69
65 75
67 50
68 13
68 29
68 44
69 4
73 97
74 65
75 20
75 62
75 86
77 8
77 16
79 27
80 1
80 37
80 76
82 15
83 49
84 42
85 26
86 82
88 53
89 22
89 69
90 32
90 47
91 78
92 7
92 28
92 65
95 73
96 2
96 11
96 93
97 88
97 94
98 36
98 80
