201
0 5
0 18
0 34
0 56
0 94
1 29
1 49
1 86
2 68
2 79
2 97
3 14
3 42
4 0
4 21
4 28
4 35
4 42
5 64
5 76
6 56
7 49
7 71
8 90
8 96
9 83
11 64
12 35
13 42
13 53
13 56
14 4
14 12
14 13
14 74
15 95
16 30
16 79
17 21
17 86
18 42
18 70
18 77
19 47
19 82
20 19
21 32
22 56
22 63
22 92
23 1
23 5
23 16
23 29
23 98
25 22
25 51
25 58
25 65
26 91
27 31
28 12
28 14
29 3
29 39
29 81
30 42
30 72
30 87
33 23
33 37
33 54
33 68
33 76
34 9
34 97
35 15
35 88
36 27
37 40
37 51
37 82
39 36
41 24
41 60
41 63
42 13
42 28
43 7
43 74
43 77
44 2
44 42
44 51
47 0
47 61
47 85
47 89
48 19
48 75
48 97
49 46
49 54
50 26
50 33
50 44
51 7
51 12
53 2
53 70
53 72
54 18
54 24
54 59
54 85
54 91
55 77
56 7
56 33
56 40
56 65
57 44
57 52
61 21
61 70
63 15
63 32
63 74
64 5
64 28
64 40
64 93
64 96
65 49
65 56
65 64
68 1
68 58
68 71
68 85
69 37
69 41
70 6
70 77
70 96
71 30
71 64
72 15
72 24
74 21
74 51
74 77
76 82
76 96
77 9
77 61
78 2
78 28
78 35
78 71
79 40
79 54
80 58
82 30
83 4
83 88
84 17
84 34
84 49
84 67
84 69
85 43
85 95
86 7
86 79
88 0
89 86
90 20
90 27
90 34
91 39
91 95
92 6
92 14
92 58
93 47
93 69
93 90
94 77
96 66
96 74
97 30
97 45
98 37
98 51
98 80
98 88
99 0
99 14
99 23
99 58
