105
0 19
2 21
2 57
2 69
2 94
3 28
3 94
4 3
4 60
4 85
6 41
7 8
7 36
9 20
9 70
9 97
13 1
13 61
14 49
18 10
18 73
18 92
19 45
19 59
22 17
25 80
26 5
26 30
26 54
27 38
30 30
30 73
31 68
32 6
32 17
32 25
32 82
32 87
34 74
35 48
38 93
40 26
40 83
42 1
42 22
42 52
43 34
43 76
44 8
44 15
47 99
49 82
51 27
51 77
52 31
53 23
53 52
54 14
54 42
55 29
55 95
56 71
56 84
57 62
60 54
60 78
61 14
61 64
61 70
61 89
62 9
62 43
62 97
64 2
66 84
71 24
71 98
72 9
72 63
74 3
74 85
75 53
76 13
79 21
81 33
81 56
81 74
81 81
86 38
86 53
87 15
88 67
88 87
89 14
89 28
89 31
89 80
91 75
92 86
93 3
93 59
93 66
93 94
94 41
94 78
