118
1 12
1 51
1 64
1 94
2 37
4 22
4 85
4 97
5 76
6 60
7 57
9 4
9 79
10 43
12 18
12 34
13 42
13 54
13 90
15 67
17 67
18 93
19 78
19 86
20 13
20 16
22 31
23 5
23 58
24 41
24 72
25 25
26 5
26 75
27 62
28 10
28 24
29 20
29 28
29 92
30 46
31 77
33 71
35 13
35 52
37 42
37 63
39 6
40 24
42 4
42 86
44 90
44 95
45 21
46 68
47 21
49 50
51 12
52 13
52 38
52 65
52 74
53 34
55 43
55 51
55 81
56 77
57 21
57 91
58 99
60 33
63 53
63 63
64 3
64 10
64 20
65 54
65 94
66 16
66 85
67 28
67 36
67 72
67 76
68 17
68 20
70 46
70 95
72 5
75 78
76 6
76 74
77 87
78 54
78 61
82 17
82 96
83 63
85 12
86 30
86 47
86 92
87 0
87 22
88 75
89 81
92 80
93 64
93 94
94 39
94 73
95 9
95 24
96 19
97 36
98 82
99 2
99 97
