113
1 37
2 19
2 71
3 10
3 24
3 84
3 97
5 81
6 38
6 45
6 97
8 10
8 64
11 0
11 12
11 48
12 20
14 32
14 60
18 14
18 81
18 97
20 46
22 54
23 5
23 60
23 75
24 16
24 21
24 83
27 82
30 8
30 33
30 54
31 60
33 60
33 72
34 15
34 91
35 96
36 20
37 29
37 47
38 85
39 36
41 4
41 63
43 7
43 40
46 26
47 72
48 94
49 59
50 1
50 12
50 22
51 9
51 31
52 16
52 37
53 34
53 50
53 80
53 97
55 87
56 60
57 79
58 89
60 67
61 7
61 40
63 24
64 52
64 95
65 85
66 73
67 14
67 65
70 39
71 59
72 69
77 97
78 66
78 84
80 1
80 24
81 19
82 79
82 98
83 52
83 77
84 63
85 48
86 34
86 36
87 90
88 15
89 22
90 65
91 83
92 62
92 81
93 4
93 52
96 1
96 17
97 37
97 43
97 55
97 63
97 89
98 28
98 93
