106
0 10
1 54
2 21
2 43
3 27
3 66
4 77
5 3
5 54
5 97
6 40
7 73
8 15
8 33
9 88
11 79
12 11
13 27
14 80
16 38
17 16
17 28
17 95
20 55
21 14
22 40
23 6
23 67
28 91
29 24
29 53
30 2
30 61
31 31
31 66
32 41
32 88
33 55
34 15
35 67
36 22
36 49
36 96
38 14
40 89
42 48
43 36
44 77
51 43
52 2
52 49
52 60
56 69
56 79
57 69
58 21
58 35
58 92
59 38
60 45
60 56
60 75
60 96
61 11
61 58
62 0
64 51
64 78
66 23
66 37
67 70
67 94
68 13
68 89
70 5
70 22
70 40
70 58
71 24
74 13
75 30
76 2
77 86
78 40
78 55
78 80
79 45
80 70
84 16
84 24
84 95
87 69
88 32
88 72
89 46
90 3
90 10
90 17
93 28
93 55
94 95
96 13
96 62
96 77
97 48
97 84
