109
2 70
2 92
3 2
3 65
4 51
8 19
9 7
9 85
9 93
12 31
12 77
14 36
14 53
14 96
17 56
18 77
19 91
20 47
22 13
23 82
24 41
25 11
26 56
28 10
28 43
29 5
29 19
30 51
30 74
30 92
33 54
34 21
36 75
39 62
39 76
39 83
41 3
42 12
42 43
43 70
45 51
46 3
46 13
46 23
46 34
48 60
48 80
49 58
53 75
54 94
55 22
55 29
55 38
55 90
56 59
56 69
57 43
57 51
58 57
58 79
59 77
60 5
60 10
60 40
60 86
60 97
64 19
64 34
66 21
66 64
67 73
68 65
69 92
70 8
70 55
71 26
71 46
71 78
73 43
74 3
74 72
75 95
76 53
77 60
78 21
79 98
80 2
81 22
83 7
83 44
83 88
84 62
84 76
85 39
85 97
87 35
88 23
89 70
92 36
92 46
92 49
93 7
97 11
98 32
98 89
98 98
99 22
99 54
99 67
