114
1 8
2 45
2 91
3 34
3 82
3 96
6 36
7 57
7 67
7 73
8 51
9 26
10 9
10 30
11 66
12 17
12 79
15 41
15 76
16 90
17 5
19 82
20 2
21 13
21 18
21 98
23 55
24 32
24 38
25 67
26 30
26 56
27 46
27 85
28 10
28 22
28 34
28 93
29 12
29 62
31 0
33 48
34 27
35 95
36 39
37 59
38 8
38 15
38 53
38 82
40 3
41 55
42 46
42 67
42 84
43 17
44 39
45 92
49 47
50 19
50 29
51 0
52 54
53 38
53 98
54 50
55 72
56 7
56 83
60 11
60 59
61 69
61 95
63 38
63 80
63 87
64 6
65 30
65 97
66 8
66 80
68 59
69 52
70 21
71 61
72 10
72 57
72 70
72 91
73 1
73 97
75 40
76 98
77 20
78 61
80 48
81 16
81 67
82 80
83 33
84 62
86 43
87 5
87 91
88 53
88 59
88 73
91 12
93 46
94 83
95 31
95 90
99 21
99 39
