111
1 25
1 59
1 81
2 33
2 92
3 14
3 41
3 52
5 23
8 7
8 46
8 61
8 81
9 24
9 37
10 30
12 51
12 59
15 69
16 43
19 17
19 84
20 58
20 64
21 12
23 26
23 47
24 2
24 30
24 91
25 39
26 79
27 54
27 69
27 71
28 13
30 13
32 23
33 35
33 87
38 46
40 28
41 13
41 82
41 95
42 5
43 51
43 61
46 34
47 22
47 40
47 55
49 77
49 88
51 13
51 65
51 85
52 4
52 18
53 77
55 21
55 88
56 0
56 29
58 10
58 41
62 52
62 58
63 21
64 17
64 74
66 43
66 47
67 84
67 88
67 94
68 71
70 20
70 24
71 7
71 62
71 94
72 44
73 51
74 81
75 34
76 13
77 32
77 40
79 78
79 88
79 97
80 53
82 10
83 31
83 69
83 98
85 68
86 18
87 80
88 89
89 42
89 46
92 12
92 24
93 54
94 91
95 27
95 47
96 38
97 74
