112
0 32
0 95
2 6
2 37
3 21
4 51
5 13
5 62
5 79
6 37
7 68
8 97
10 54
11 26
11 47
11 69
11 91
14 13
14 60
18 20
18 65
20 31
23 1
25 42
25 49
26 78
26 96
27 53
27 94
28 29
29 24
29 30
31 6
31 48
31 57
33 2
33 39
34 68
36 99
37 87
38 60
39 15
39 25
39 49
40 2
40 71
41 83
44 14
45 24
46 86
47 19
47 47
49 40
49 95
52 3
52 21
52 47
52 71
53 9
54 40
54 51
55 24
56 59
57 5
57 72
57 91
58 76
60 8
60 63
60 94
61 51
62 32
62 41
63 19
66 41
66 84
66 89
67 30
68 99
70 55
72 32
72 52
73 18
76 38
76 89
78 7
78 50
78 68
79 93
80 23
81 29
81 41
81 60
81 84
82 82
83 76
85 1
85 11
87 46
88 63
88 93
90 25
90 38
91 52
92 0
92 87
94 15
95 53
97 32
97 43
98 19
99 98
