108
1 10
1 23
1 92
2 33
3 80
5 53
6 43
7 34
8 19
8 59
9 2
9 23
9 97
12 71
15 12
15 53
16 83
16 87
16 92
16 98
17 22
17 67
19 31
22 8
23 84
23 90
25 54
25 93
26 14
28 26
29 13
29 77
30 31
30 56
32 39
33 79
34 27
34 93
35 56
36 45
37 7
38 99
39 78
40 44
40 75
41 52
42 15
42 58
42 91
46 33
46 39
46 79
47 5
47 58
47 69
49 21
50 94
52 13
53 44
53 65
54 25
54 93
55 33
56 5
56 53
57 70
58 10
60 25
61 75
64 18
64 64
65 44
68 15
68 87
70 19
70 23
71 37
72 51
73 93
74 54
76 46
77 8
77 60
78 74
80 10
80 65
82 33
82 36
82 99
85 22
85 86
87 73
88 39
88 65
89 53
90 41
92 72
93 84
94 2
94 6
94 24
95 26
95 51
96 14
96 41
96 81
96 94
97 73
