86
2 2
2 14
3 6
8 28
10 31
11 7
15 12
15 26
17 19
17 45
19 6
19 35
19 48
20 45
25 15
25 24
26 10
28 42
36 12
40 31
48 22
48 26
48 37
51 9
52 2
52 43
53 38
54 22
55 5
55 16
58 50
60 28
61 43
62 25
66 69
67 54
68 11
68 15
69 64
70 26
71 34
71 45
72 80
72 87
72 88
73 96
74 70
75 60
76 16
77 54
78 2
78 27
78 64
79 88
79 93
80 48
80 97
81 11
81 44
81 64
82 55
82 69
83 10
83 28
83 35
83 74
84 14
84 23
85 80
87 98
88 23
88 75
89 2
89 48
90 30
91 83
92 7
92 59
92 91
94 55
94 70
97 6
97 83
98 10
99 28
99 44
