97
2 3
3 54
3 98
4 9
7 1
7 20
7 64
11 12
14 54
14 78
15 44
15 77
19 16
19 93
21 51
23 85
24 34
24 55
24 65
26 25
26 45
27 76
27 90
29 66
31 33
33 19
33 39
34 11
34 78
36 55
37 13
38 2
38 18
39 97
40 69
40 88
42 56
42 96
45 30
45 40
46 25
47 70
48 8
48 75
49 6
49 23
49 58
49 98
53 50
53 77
54 31
54 90
55 43
59 3
59 8
59 43
60 27
60 59
61 99
62 84
63 1
65 7
65 91
66 53
66 65
68 37
68 41
69 91
70 22
71 0
71 29
72 57
73 68
75 18
75 30
75 74
76 53
77 48
80 81
80 95
81 5
81 38
82 89
84 17
84 56
84 59
86 90
89 11
89 27
89 49
90 34
90 54
91 89
93 24
94 36
95 78
97 4
