113
1 65
2 7
3 33
3 68
4 39
6 23
6 47
7 16
11 65
11 76
12 83
13 51
15 13
15 33
15 54
15 94
16 32
17 5
17 27
17 71
17 86
18 38
18 96
20 61
20 83
23 67
24 31
24 51
24 71
25 21
25 89
26 46
28 58
29 5
29 35
29 71
30 13
30 61
31 76
31 83
32 91
33 47
36 88
37 13
38 24
39 35
40 39
41 8
41 22
41 54
42 64
42 94
43 39
43 49
45 8
45 76
47 55
48 16
49 96
51 72
52 6
54 20
54 86
55 44
56 40
57 35
57 69
58 71
59 28
59 57
59 80
60 61
61 11
62 52
62 92
65 9
66 95
67 32
67 59
68 2
70 77
70 80
71 12
71 49
71 64
72 17
72 30
73 38
74 82
77 45
77 65
78 11
78 95
79 38
80 26
84 30
84 80
84 85
85 71
86 92
87 40
87 49
89 1
89 41
90 95
91 67
93 91
94 4
94 27
94 30
94 58
95 76
98 71
