95
1 23
2 67
3 4
3 19
4 57
4 82
5 93
7 13
7 90
9 74
11 19
11 53
11 59
12 95
13 90
14 26
14 96
14 99
15 3
15 63
16 78
17 25
17 68
18 51
19 10
19 18
20 71
21 83
21 89
24 13
24 64
24 92
25 14
25 32
26 97
27 84
28 19
28 52
29 4
30 74
48 67
51 90
52 85
54 5
54 99
56 13
56 23
58 76
58 95
60 51
61 29
61 67
62 6
62 41
63 41
64 15
66 66
67 95
68 5
68 89
69 36
69 49
69 83
72 92
74 25
74 64
75 84
76 20
77 46
79 9
79 31
79 59
80 24
82 19
83 72
85 43
85 57
85 73
86 8
86 82
87 54
88 21
90 48
91 9
91 61
93 27
93 76
96 2
96 30
96 72
97 8
97 43
97 58
98 34
99 54
