112
0 3
0 53
1 47
3 80
4 3
4 85
5 7
6 56
6 79
6 96
8 11
8 28
9 19
10 24
12 13
12 32
15 71
15 96
17 48
17 67
19 39
20 6
20 14
20 29
21 82
21 97
22 11
22 25
24 34
27 4
27 75
28 59
29 19
29 26
30 50
33 13
33 25
33 41
33 71
33 86
34 49
36 81
37 34
38 54
40 43
41 89
43 60
44 37
45 29
45 42
48 58
49 67
50 46
51 13
51 76
51 84
52 65
54 2
55 10
55 32
55 71
55 97
56 24
57 35
58 60
59 48
60 9
60 87
61 46
62 17
62 79
64 66
65 3
65 95
66 79
67 19
69 40
69 55
71 38
71 83
72 78
72 99
73 94
74 56
76 32
77 59
79 63
80 84
80 96
81 11
81 81
83 14
83 39
83 92
84 83
85 32
86 16
86 52
86 57
87 3
88 41
89 39
91 63
91 90
96 7
96 39
96 63
96 79
97 21
98 13
98 49
99 5
