107
0 54
1 93
2 28
2 95
3 64
3 93
5 15
5 47
6 67
7 4
8 61
9 31
9 46
11 40
13 78
14 99
16 5
16 35
16 70
17 24
20 61
20 90
22 95
23 46
24 12
24 68
25 77
26 30
28 6
28 82
29 23
29 53
29 56
29 95
31 15
31 68
33 65
34 11
34 43
34 81
35 2
36 31
36 76
42 17
45 28
45 32
45 42
45 82
45 91
47 4
51 25
51 52
51 54
52 0
52 39
52 84
53 15
56 66
57 23
57 94
58 81
59 27
59 89
60 2
60 14
61 36
61 45
64 71
65 43
65 62
66 77
66 81
66 94
67 54
69 38
70 57
73 27
74 69
75 27
75 84
76 0
76 10
76 43
77 93
78 46
78 71
78 87
80 24
81 81
82 59
84 50
87 12
87 97
90 13
91 97
92 30
92 46
92 60
93 71
93 79
96 6
97 34
97 59
97 70
98 24
98 40
98 90
