101
1 10
1 29
1 51
1 96
4 66
5 20
6 24
8 72
8 76
9 36
10 52
11 42
11 92
11 98
12 12
12 26
12 64
13 76
16 35
17 52
17 72
19 11
19 56
22 30
22 39
24 65
24 96
28 13
29 52
30 17
30 74
31 91
33 30
33 60
33 84
36 4
36 12
36 89
42 24
42 56
42 67
42 78
44 1
44 45
45 8
47 66
48 37
49 65
51 50
51 97
52 33
52 42
53 89
54 47
55 11
56 84
56 96
57 25
57 92
59 53
59 66
60 57
61 13
61 36
64 51
65 95
67 83
69 5
69 13
69 14
70 80
72 22
72 60
73 88
75 36
75 96
76 49
76 55
76 71
77 21
78 13
79 30
81 7
82 64
82 84
82 87
83 67
86 96
88 45
89 86
90 17
90 75
90 76
92 10
93 25
93 36
95 85
96 35
96 45
96 53
96 92
