113
0 36
0 87
2 44
2 48
2 83
3 11
4 20
5 71
6 58
8 75
9 37
9 90
9 93
11 23
12 3
12 48
12 56
14 20
15 92
16 77
18 4
18 70
19 45
20 90
22 48
26 76
27 66
28 14
28 37
28 58
28 64
30 29
31 3
31 17
31 93
32 83
33 48
34 72
34 97
36 8
36 77
38 16
38 32
41 3
41 36
42 55
43 65
43 83
44 12
44 51
45 18
45 93
47 43
48 0
48 58
49 15
49 80
51 20
53 51
53 73
54 32
56 34
56 51
58 14
58 27
58 71
59 21
59 73
59 97
60 6
60 40
61 87
62 2
62 53
62 59
63 83
64 99
65 38
68 43
69 4
69 79
70 67
71 26
71 84
72 15
74 59
75 98
76 4
77 11
79 44
79 74
79 91
80 22
80 54
81 45
82 17
82 29
85 52
85 83
87 62
88 5
88 6
93 25
93 28
93 37
94 71
94 91
95 13
95 15
97 41
97 50
97 57
98 86
