104
0 52
1 13
3 36
3 53
4 99
5 26
5 62
8 92
9 49
9 76
9 97
12 7
13 2
13 71
14 39
15 67
15 81
16 44
17 32
19 96
20 10
23 1
23 87
26 22
28 28
28 72
29 92
30 94
32 17
32 45
34 54
35 53
35 62
38 1
38 86
38 91
39 62
40 71
43 19
44 33
45 15
47 18
47 75
48 26
48 45
48 58
49 5
50 48
50 86
53 11
53 92
55 28
55 78
56 38
59 62
60 43
60 51
61 40
61 98
62 76
63 15
63 64
66 71
66 88
66 92
67 17
67 33
67 48
67 62
69 80
70 3
72 6
73 46
74 92
75 8
76 23
76 26
77 96
78 65
80 13
80 33
81 62
82 70
82 86
83 51
83 78
84 48
85 40
87 32
89 89
90 5
90 16
90 84
91 51
92 7
92 99
94 37
96 11
96 15
96 61
96 82
96 84
97 61
98 27
