105
0 38
2 21
2 57
4 48
4 98
7 83
7 97
8 15
9 29
9 37
9 74
11 2
13 85
14 2
14 43
15 56
17 47
18 97
19 24
19 66
20 15
20 71
21 86
22 5
24 31
25 69
26 45
26 61
29 7
29 46
31 86
33 65
34 44
34 54
35 11
35 63
35 74
35 85
35 97
36 38
38 26
38 90
39 36
39 58
40 63
43 68
44 8
44 79
46 17
46 27
46 46
46 53
47 2
47 31
49 41
50 5
52 76
53 15
53 89
54 44
54 59
55 61
55 92
57 34
58 22
59 7
59 96
61 38
61 83
63 96
64 17
65 7
65 91
66 0
66 13
67 70
68 41
68 58
69 83
71 28
71 67
74 4
75 30
75 79
78 24
78 67
79 34
79 93
80 57
82 17
82 90
83 67
86 1
87 7
89 81
91 35
91 49
93 0
93 23
95 12
96 30
96 64
97 37
97 51
98 85
