110
1 2
1 13
1 64
1 78
3 11
4 40
6 62
7 57
8 13
8 41
9 31
9 75
12 93
13 39
14 67
15 3
15 25
15 96
16 89
17 12
22 21
22 59
24 1
24 34
24 42
24 64
25 59
26 44
27 27
28 97
30 12
30 21
30 75
30 96
31 85
32 19
32 66
34 2
35 33
36 15
38 51
39 71
41 42
41 59
41 64
42 26
42 36
42 97
43 1
44 14
46 26
46 38
46 72
47 18
47 54
47 84
50 67
51 2
51 32
55 73
56 36
57 89
57 92
58 78
60 2
60 49
61 22
63 69
65 18
65 37
65 50
65 99
66 42
67 43
67 85
67 95
68 11
70 67
71 62
72 4
72 89
73 38
73 55
76 31
76 72
77 93
78 74
79 39
79 46
82 15
82 45
83 83
84 55
84 77
85 5
85 33
88 20
90 16
90 56
91 68
92 27
92 91
93 15
94 72
95 39
95 46
96 49
98 6
98 20
98 77
