111
1 12
2 88
3 22
3 76
4 19
4 97
6 51
7 71
8 60
9 38
10 28
10 44
12 10
12 27
14 89
17 5
17 47
17 55
17 68
18 32
20 66
20 74
20 80
21 3
21 20
21 29
21 42
22 31
23 2
23 77
24 9
26 52
26 85
27 56
28 58
29 96
30 33
30 68
32 6
33 23
33 83
34 48
34 61
36 38
37 94
39 56
39 68
40 28
40 85
42 2
45 45
45 77
47 45
48 68
49 7
50 56
51 38
54 13
54 27
56 88
57 20
58 84
59 35
61 20
62 2
63 10
63 53
63 78
64 45
64 75
65 61
66 52
66 85
67 33
70 92
71 26
72 1
72 79
73 13
74 61
74 84
75 43
78 17
80 6
80 10
80 35
80 95
81 20
81 58
82 72
83 39
85 72
86 49
89 48
89 84
90 0
90 15
91 23
92 66
93 32
94 60
95 76
97 9
97 17
97 64
97 79
97 89
98 99
99 26
99 36
99 50
