107
2 96
3 13
4 4
4 24
4 33
4 66
5 2
5 73
7 17
8 3
8 6
8 48
8 84
8 91
11 38
12 23
12 32
14 95
15 8
15 20
16 60
16 70
17 38
18 44
18 50
21 4
21 20
21 26
21 82
23 96
27 25
27 85
27 93
28 6
30 66
32 38
32 87
33 69
33 91
34 15
34 31
34 78
34 96
35 12
35 40
38 33
39 3
39 47
40 56
40 66
42 95
43 7
43 30
45 40
49 51
50 68
52 36
53 60
54 54
55 43
55 75
55 96
56 20
56 94
57 26
58 66
60 40
63 21
63 55
64 4
64 60
65 16
65 28
65 82
66 71
66 92
67 76
68 5
71 59
71 94
72 90
73 6
74 18
74 46
74 80
75 29
75 63
77 72
78 48
79 94
80 34
81 2
84 23
84 53
88 64
88 74
89 44
91 39
93 0
95 30
95 79
96 14
96 22
97 24
97 52
98 94
98 96
