103
2 10
4 2
4 27
4 95
5 49
6 55
10 10
10 78
10 83
13 12
13 45
13 60
13 70
13 90
15 8
15 75
16 10
17 4
17 24
17 97
18 82
19 99
20 38
21 67
21 75
22 27
22 48
23 16
27 61
27 87
28 17
30 48
33 3
34 28
34 36
35 7
36 42
37 67
37 95
38 12
40 59
41 44
42 65
42 81
43 2
45 17
46 20
46 87
47 39
47 96
49 27
49 48
49 94
51 32
52 11
52 73
53 22
55 97
56 10
57 54
57 75
58 81
59 68
61 19
61 85
63 40
63 43
64 6
64 75
64 93
65 25
65 64
65 82
66 16
68 49
69 32
70 17
72 80
74 45
74 54
75 85
76 10
76 96
77 63
78 41
79 26
79 71
80 82
83 11
83 20
84 54
86 91
87 31
89 67
90 25
90 44
92 47
94 93
95 8
96 23
96 35
98 74
99 67
