111
0 74
2 93
3 59
4 7
4 46
4 97
5 37
5 55
5 80
6 70
10 84
12 4
12 81
13 47
15 14
15 24
15 36
15 89
17 63
19 90
20 14
20 34
21 46
21 55
23 69
23 77
24 98
25 75
28 23
28 58
29 7
29 87
30 34
32 18
32 54
33 42
34 50
35 92
36 53
36 59
39 2
39 80
40 71
41 26
41 39
41 81
43 12
43 25
43 96
44 3
45 64
46 77
49 69
50 22
50 55
51 38
51 50
51 91
52 26
55 75
57 15
57 99
58 51
59 30
60 76
61 7
61 59
61 87
62 38
63 22
65 67
68 97
69 13
69 19
69 50
69 83
70 33
71 2
73 89
74 26
74 46
74 78
75 65
77 9
79 7
81 92
81 97
83 26
83 51
85 38
86 19
87 41
87 67
87 86
88 87
89 30
89 53
89 98
90 5
90 53
91 28
91 74
92 18
92 84
94 79
95 60
95 95
95 98
96 64
98 1
98 29
