109
0 25
1 86
2 15
4 42
4 58
4 78
6 2
6 60
7 69
8 47
9 96
11 4
11 88
11 93
12 79
13 13
13 32
15 37
16 52
20 12
20 27
20 48
22 29
23 52
23 64
23 87
26 6
26 10
26 20
26 97
28 40
29 78
30 87
31 26
31 70
32 5
32 42
32 77
34 33
34 56
35 91
37 4
38 9
38 17
38 50
41 76
41 87
42 29
45 65
46 30
46 63
47 9
48 21
48 26
49 55
50 9
50 42
50 90
51 50
51 74
52 35
52 83
56 76
57 0
58 13
58 67
58 79
58 99
60 16
60 25
60 47
62 70
64 56
65 86
66 20
67 68
69 29
69 78
70 10
70 83
72 37
72 59
73 50
77 47
80 7
80 13
80 95
81 36
85 28
86 63
86 90
87 12
87 72
88 16
88 76
89 48
89 66
90 80
91 34
92 19
92 40
92 92
93 30
95 53
95 73
96 25
97 3
99 35
99 84
