103
3 30
4 90
5 56
5 64
7 15
7 49
7 65
8 75
10 38
10 80
11 11
11 28
12 85
13 6
13 32
13 47
13 55
13 98
14 95
16 43
19 62
20 39
20 56
22 79
22 80
23 27
23 46
23 98
30 10
31 89
32 32
32 59
33 45
36 60
36 77
38 70
39 23
40 12
40 51
41 39
41 45
42 17
43 81
43 95
44 29
45 61
45 65
48 8
48 43
48 49
51 21
51 51
51 86
52 61
52 65
53 34
54 20
55 63
58 45
59 77
62 62
62 83
63 97
64 75
65 92
66 9
66 34
66 83
67 71
68 41
71 2
71 41
71 58
72 48
72 61
72 75
74 23
75 13
76 96
77 11
77 44
77 74
79 0
79 58
81 21
83 89
84 32
84 53
84 75
85 68
86 39
89 9
89 65
91 51
91 95
92 42
92 92
93 35
96 55
96 83
98 23
99 14
99 97
