104
0 50
2 18
3 3
4 66
5 40
6 97
7 43
8 27
9 31
10 73
12 1
12 18
12 70
14 23
14 35
14 43
17 3
18 49
18 88
19 95
22 26
22 45
25 13
25 34
25 56
25 83
26 91
27 1
27 22
29 80
30 54
31 34
31 50
31 59
32 69
35 0
35 61
37 53
38 27
40 22
40 28
40 68
40 75
40 88
44 62
44 96
45 8
45 25
46 67
47 73
47 94
49 50
49 64
50 7
50 43
52 31
54 72
55 15
55 25
55 67
56 83
57 55
58 10
60 31
61 45
61 59
63 66
64 49
64 53
64 78
64 87
65 91
66 8
66 24
68 19
72 85
73 95
74 62
74 66
75 25
75 37
78 13
78 93
79 4
79 25
79 54
81 61
82 62
83 10
85 4
86 56
86 82
87 30
89 3
89 94
91 76
93 43
93 44
93 77
93 88
94 36
95 9
95 30
95 53
