109
0 65
1 28
1 95
2 47
3 19
4 7
4 58
5 78
6 49
8 91
9 86
11 15
12 2
12 74
15 41
16 24
16 64
17 89
17 96
18 38
18 44
19 42
19 69
20 8
21 33
22 12
22 18
23 84
25 26
25 73
27 45
27 87
28 18
29 29
30 79
31 55
31 57
33 14
33 80
36 9
36 77
36 94
38 33
38 58
38 65
40 16
40 36
42 26
42 79
42 96
45 17
45 48
45 58
46 92
47 86
50 34
50 68
51 2
51 6
52 64
53 13
53 53
53 82
53 99
54 67
55 18
57 35
57 90
60 38
62 74
63 4
64 88
65 68
69 22
69 89
70 45
71 38
71 72
74 46
74 58
74 68
74 77
74 88
77 35
78 20
79 10
79 26
83 2
83 97
84 56
85 59
86 17
86 81
86 94
87 67
91 36
92 14
92 18
93 32
93 46
93 51
93 60
93 76
95 15
95 83
96 44
97 8
98 93
99 35
