106
0 66
0 75
2 7
2 80
4 25
4 34
4 38
7 46
7 58
7 79
11 9
11 50
11 54
13 42
14 70
16 11
16 26
18 2
18 90
19 56
21 31
21 36
21 79
23 55
24 45
30 58
32 30
32 80
33 11
34 29
34 79
35 37
36 10
36 51
36 75
37 22
37 41
39 70
41 89
42 63
42 79
42 98
44 94
45 8
45 27
45 37
46 21
47 85
48 2
48 45
48 52
48 75
49 67
53 77
54 60
55 26
55 84
55 89
57 2
57 40
58 45
59 96
61 53
62 33
63 26
63 78
64 5
65 44
66 35
66 59
66 84
69 55
69 75
70 25
70 66
71 98
72 15
74 18
74 26
75 46
76 92
77 3
77 36
79 83
80 40
80 97
81 13
83 65
83 73
85 1
86 8
87 96
88 15
88 45
88 74
89 85
90 82
91 28
91 63
92 55
93 9
93 39
93 76
97 64
98 0
98 23
