107
0 15
0 71
2 44
4 2
4 91
5 83
7 16
7 48
9 69
10 10
10 42
11 1
11 37
12 26
14 33
14 56
14 64
14 99
15 10
16 84
17 95
21 23
21 80
22 69
24 12
24 50
25 84
25 93
26 61
26 99
27 11
27 33
28 52
28 74
29 23
31 36
32 44
32 55
33 66
33 99
35 31
35 85
37 78
38 9
38 89
39 29
39 59
39 64
41 2
41 40
43 86
46 77
47 32
48 6
48 95
49 21
49 79
51 49
53 74
54 39
54 56
54 64
56 0
56 47
58 16
58 28
58 63
58 97
60 21
60 53
60 80
61 90
62 36
62 77
63 16
66 42
67 22
68 62
68 93
69 3
73 94
75 74
76 40
77 63
78 97
82 19
82 26
83 6
83 33
84 4
84 9
87 67
90 17
90 58
90 78
90 85
91 2
92 68
94 2
95 44
95 45
96 32
97 85
97 94
98 11
99 51
99 60
