109
0 83
1 32
2 58
2 67
3 50
3 77
4 58
5 13
8 24
8 29
9 4
9 45
9 53
9 64
10 78
11 11
11 82
11 96
12 50
12 87
14 15
14 42
18 1
19 55
19 62
19 77
21 29
21 73
22 19
22 84
23 53
23 59
23 96
24 24
24 46
26 42
27 8
27 96
29 8
32 69
34 13
35 43
35 85
36 22
36 55
36 94
37 5
37 35
39 68
39 84
40 57
42 1
42 46
42 92
43 23
44 66
45 78
46 13
46 16
46 90
50 3
50 47
51 39
52 41
54 10
54 76
54 97
58 16
58 52
59 59
62 49
62 92
63 87
63 98
65 82
67 27
67 73
68 20
69 9
70 14
72 80
74 2
74 27
74 34
75 76
76 93
77 35
78 4
79 94
82 0
82 65
82 80
87 24
87 55
88 28
89 63
90 7
90 67
91 57
92 26
92 40
93 15
93 16
93 74
95 48
95 97
96 0
96 68
99 86
