108
0 31
0 37
2 73
3 4
3 94
5 18
5 32
5 54
6 49
6 63
7 79
7 86
8 88
8 99
9 42
11 30
11 64
12 22
13 4
13 59
14 50
15 3
15 34
16 39
16 94
17 0
18 55
19 15
21 41
21 61
21 69
21 85
22 27
23 21
24 40
24 81
25 25
25 95
26 50
30 5
30 33
32 15
36 34
36 63
36 99
38 4
39 34
39 82
40 60
43 5
44 18
44 72
44 93
46 57
47 45
48 87
49 27
49 32
50 40
51 64
53 92
56 22
56 32
56 44
58 36
60 12
60 70
60 93
63 50
65 64
65 84
66 80
66 86
66 95
67 2
67 38
67 48
71 51
73 15
73 24
73 31
74 47
74 67
75 63
76 2
76 75
77 94
78 46
79 38
79 85
82 8
82 27
83 2
83 18
86 64
87 57
87 97
88 17
89 74
90 48
91 37
91 43
93 10
95 80
96 41
98 83
98 93
99 33
