109
0 78
1 17
2 8
3 3
4 64
4 91
7 5
7 70
7 97
10 44
11 79
13 13
14 21
15 54
15 57
15 69
15 86
18 97
20 95
21 80
23 6
23 33
26 44
26 73
27 78
30 32
31 19
32 3
32 11
32 44
34 17
34 87
35 53
36 2
36 60
37 64
38 28
39 12
40 89
41 35
41 73
46 59
47 3
47 42
47 70
48 48
49 18
49 34
51 0
51 14
51 83
51 98
52 37
53 91
54 21
56 4
57 15
59 45
60 38
61 17
61 71
61 86
62 65
64 9
64 97
67 32
68 2
69 73
69 94
70 41
70 53
71 25
72 85
74 10
74 56
75 65
76 51
78 22
79 20
79 85
80 71
81 67
81 83
81 87
82 27
82 40
82 98
83 6
85 16
85 42
87 59
87 68
88 0
90 18
90 91
91 21
91 32
91 62
93 9
94 51
94 65
94 84
96 55
97 4
98 12
98 22
99 67
99 74
99 96
