164
0 0
0 29
0 37
0 54
0 70
1 75
1 82
2 16
2 93
3 7
3 21
3 42
6 7
7 13
7 26
7 36
8 19
8 55
8 66
8 77
9 41
9 82
9 92
10 2
10 51
16 75
17 23
17 47
17 56
17 61
18 2
18 7
18 13
18 82
19 35
22 37
23 7
23 22
24 2
24 42
24 76
25 50
25 89
25 99
26 12
26 28
26 58
26 61
26 83
27 70
30 13
30 29
30 35
30 54
31 23
31 41
31 61
32 3
32 51
33 6
34 72
34 86
34 99
35 77
38 19
38 33
38 50
38 76
38 90
38 97
39 41
39 61
41 2
41 12
42 72
43 7
45 21
47 47
47 70
48 1
48 4
48 27
48 74
48 87
48 97
49 16
49 65
51 35
51 42
54 22
54 28
54 34
54 49
54 85
55 9
55 58
55 89
56 61
56 69
56 74
57 96
58 40
61 49
62 1
62 20
62 26
62 33
62 44
62 75
63 12
64 59
64 91
66 9
66 64
66 69
67 84
70 36
70 44
72 14
72 93
73 8
73 21
74 49
74 69
74 78
74 84
74 98
77 49
78 97
79 57
81 29
81 37
82 16
82 40
82 93
83 0
83 63
83 84
85 21
86 72
87 3
87 42
87 85
87 90
88 11
89 98
90 30
90 33
90 55
91 63
94 34
96 58
96 61
96 75
96 87
96 88
97 6
97 19
97 26
97 42
97 96
98 2
98 12
98 50
