110
0 66
1 55
3 22
3 33
3 41
3 75
6 77
7 7
7 24
7 48
9 19
9 99
11 67
12 38
12 47
13 84
14 5
14 57
15 9
17 31
18 35
18 62
19 51
20 94
21 24
21 50
22 71
23 19
24 97
25 85
26 1
26 37
28 24
31 1
31 83
32 40
32 97
33 64
34 8
34 43
35 69
36 37
37 61
39 2
39 4
41 75
43 82
44 47
44 60
44 96
45 66
47 29
47 79
47 94
48 52
49 19
49 71
51 46
52 16
52 90
53 40
55 32
59 13
59 97
60 52
61 95
62 29
63 6
63 31
63 87
64 78
65 51
67 18
67 81
69 70
70 2
70 27
70 36
70 66
71 71
71 99
73 95
74 50
75 31
75 57
76 43
80 22
80 72
80 93
82 6
82 54
84 59
86 96
87 52
87 70
88 79
89 10
89 23
89 85
90 32
90 45
93 29
93 54
93 86
94 77
95 12
96 57
98 19
98 62
98 97
