105
1 27
1 82
2 15
2 59
3 79
4 0
4 10
5 65
6 52
6 87
7 93
8 62
10 40
10 69
12 10
12 19
12 46
13 27
13 74
15 55
16 19
16 48
17 67
20 37
22 4
22 7
22 73
22 95
24 92
25 41
25 80
26 52
27 23
27 81
31 4
31 32
31 60
32 22
33 8
33 64
33 97
35 55
35 61
35 88
38 40
39 98
40 94
44 9
45 2
45 61
46 23
48 9
48 77
49 46
52 32
52 49
52 69
55 12
55 76
56 30
56 41
56 91
57 3
58 63
59 12
60 49
60 65
63 94
64 21
65 30
65 55
65 91
66 20
66 43
66 78
69 1
71 42
71 59
72 63
74 27
74 71
77 42
80 93
81 64
82 92
83 34
83 74
86 45
87 4
87 50
88 18
90 43
91 9
91 89
92 30
92 98
93 15
93 75
94 26
95 45
97 42
97 62
97 86
98 94
99 48
