104
0 91
2 13
2 49
5 68
7 20
7 98
8 39
11 76
11 85
13 39
14 44
14 51
14 64
15 12
16 23
16 86
17 29
17 93
18 67
19 15
21 67
22 3
23 25
24 36
25 75
27 81
27 94
28 30
31 3
31 7
31 40
31 65
31 92
32 18
32 21
35 62
35 74
37 82
38 55
39 26
39 68
40 48
40 85
41 14
41 19
45 29
45 99
46 73
46 91
48 31
49 11
49 53
49 81
51 15
51 62
52 49
54 4
54 92
57 30
58 74
60 65
61 17
61 81
61 95
62 88
63 22
63 46
65 38
65 84
66 45
70 9
70 53
73 41
74 48
74 72
75 50
75 66
76 4
77 62
78 20
78 84
79 90
80 27
81 95
83 88
85 37
85 50
86 37
86 55
86 60
87 81
89 70
90 16
92 7
92 56
93 1
95 99
96 9
96 47
96 75
96 80
96 86
98 23
99 66
