105
1 68
2 1
2 52
2 63
3 20
3 97
8 81
8 92
9 27
11 43
11 72
13 26
13 47
13 62
16 33
16 97
17 51
17 80
18 10
18 74
20 43
22 15
22 34
25 96
26 25
27 54
27 71
28 43
30 84
32 13
33 30
33 95
34 41
35 82
36 60
37 25
38 41
38 46
39 10
40 3
42 59
42 88
43 46
43 94
44 3
46 22
47 36
47 45
47 67
48 54
52 56
53 66
54 47
56 18
56 74
57 38
58 62
58 89
59 11
60 28
61 16
61 42
64 54
64 80
64 89
65 2
65 35
65 37
67 76
68 18
70 27
70 82
71 48
71 56
71 89
73 8
73 18
73 25
73 43
73 73
75 0
75 59
76 57
78 69
78 79
78 97
80 42
83 25
84 59
85 81
86 2
86 23
86 34
86 93
88 12
88 16
89 72
91 80
92 33
95 82
95 99
96 76
98 5
99 15
99 46
