109
1 4
1 25
1 39
1 61
2 22
3 70
4 48
5 73
5 94
6 96
9 38
10 4
10 85
11 64
12 21
13 30
13 47
13 89
14 55
17 79
19 66
20 68
21 24
22 20
22 42
24 13
24 30
25 59
26 78
27 80
29 65
31 39
31 73
33 5
33 52
34 64
35 90
36 86
36 99
38 4
38 20
38 52
39 33
39 49
40 7
41 68
42 66
43 2
44 76
47 37
49 11
50 54
50 68
51 43
52 33
53 21
53 56
53 77
53 87
56 17
58 63
59 29
61 41
61 90
62 73
63 7
63 27
65 48
66 39
66 86
67 66
68 3
69 76
70 15
70 20
70 71
71 6
72 32
72 86
73 23
73 83
74 27
75 53
76 51
77 81
78 92
79 42
79 80
80 61
82 9
82 40
82 57
82 73
83 51
85 96
86 68
87 81
88 33
89 28
89 86
89 92
90 59
91 3
92 47
94 25
94 84
95 61
98 96
99 19
