109
0 67
0 94
2 53
2 78
3 21
3 39
4 47
6 59
7 6
7 11
7 80
8 70
9 41
9 98
10 51
13 26
14 28
15 68
16 47
16 54
16 90
18 27
18 71
19 98
21 17
22 3
22 96
23 44
25 13
25 87
30 0
31 2
31 18
31 35
33 95
34 74
35 87
36 56
39 6
39 56
40 10
40 22
42 38
42 46
43 14
43 29
43 93
44 2
47 18
47 74
47 94
49 71
50 40
50 63
51 23
51 51
54 91
54 98
55 10
55 64
60 37
61 13
61 20
61 41
61 52
61 63
61 69
61 96
64 62
66 80
67 12
67 74
68 48
70 16
70 56
72 31
72 39
72 97
75 26
75 64
77 64
78 48
79 32
79 74
80 1
80 10
80 16
81 41
81 86
82 29
83 92
85 66
86 51
86 91
87 82
87 96
90 33
91 59
92 20
92 31
92 71
94 3
94 91
95 51
96 75
96 96
97 44
98 15
98 67
