106
0 55
4 22
5 88
8 63
9 98
11 13
11 45
11 76
12 34
13 63
15 70
16 12
16 26
17 50
17 66
20 1
20 28
20 56
23 85
24 69
24 82
25 19
27 2
27 40
27 47
27 95
28 80
32 53
32 89
34 23
34 92
35 63
35 74
36 33
36 80
38 35
39 27
39 92
40 9
40 65
42 0
42 72
43 26
43 44
43 75
45 54
47 51
47 89
48 33
48 71
48 95
49 81
52 79
54 8
55 35
56 89
58 71
59 81
59 89
60 18
60 70
61 49
62 15
62 38
63 46
64 3
64 44
64 67
65 75
66 34
68 73
69 20
69 85
71 41
72 49
72 54
75 78
77 59
77 85
78 21
78 34
78 97
82 20
82 57
83 89
84 7
85 15
85 68
85 99
86 23
86 31
86 78
87 47
88 80
90 88
91 40
94 71
94 93
95 53
95 62
97 8
97 34
97 39
97 74
98 80
99 13
