109
1 17
2 32
2 44
3 82
4 67
5 77
6 24
6 56
8 44
8 98
9 98
10 21
11 55
12 66
12 74
14 89
15 85
16 54
17 29
17 42
18 3
18 82
20 18
20 41
23 60
23 69
24 5
24 27
27 48
27 63
27 70
27 79
27 99
29 15
30 34
31 91
32 6
36 95
37 57
37 82
38 22
39 20
40 35
41 8
41 77
43 28
43 78
44 58
46 93
47 6
48 50
48 57
48 69
49 26
49 30
49 36
53 19
54 82
55 46
55 67
57 89
58 12
58 58
59 27
60 6
60 94
61 79
62 2
62 82
63 42
64 23
64 32
64 50
64 89
67 38
68 63
68 94
69 47
70 76
70 86
74 18
74 77
75 56
77 27
77 73
79 9
80 19
80 63
82 15
82 36
82 58
83 87
85 44
85 69
86 81
86 90
87 43
87 51
88 87
89 95
90 7
92 58
94 31
95 79
97 14
97 77
98 23
99 47
99 55
