110
0 97
2 60
2 94
3 6
3 18
3 33
4 64
5 26
5 83
6 9
8 96
9 13
10 24
10 72
12 43
13 71
14 55
14 89
15 2
15 13
16 4
16 61
17 29
18 23
18 57
18 67
19 14
20 89
20 98
22 29
23 45
24 98
25 78
27 39
27 62
29 12
29 22
30 4
30 24
31 68
32 60
33 37
35 18
36 80
36 88
39 31
39 41
39 52
39 69
39 82
40 11
44 19
45 19
45 76
45 96
46 57
48 8
49 49
49 92
50 8
52 70
52 81
53 65
56 45
56 83
57 72
58 36
58 97
59 20
60 87
61 51
62 29
62 79
64 61
65 5
65 44
66 10
67 4
68 53
69 96
70 38
72 19
72 68
72 72
73 84
74 6
74 61
77 24
78 78
78 94
80 12
81 52
83 15
83 30
85 25
85 44
85 84
87 46
87 71
88 77
90 21
91 87
92 47
93 8
93 54
96 31
96 66
97 41
99 25
99 74
