110
1 54
2 32
2 75
3 16
4 49
5 4
5 35
5 87
6 22
6 79
7 44
9 19
9 68
11 4
12 57
12 87
14 30
14 48
14 66
15 5
16 96
17 23
17 73
18 18
18 94
19 31
21 44
21 74
25 49
25 87
26 54
27 97
29 8
30 15
31 26
32 39
32 89
37 9
38 69
40 67
41 16
41 35
41 49
42 99
43 19
43 28
44 74
45 2
45 6
47 28
47 44
48 58
49 19
50 91
51 95
53 37
53 41
54 54
55 64
56 16
56 23
57 21
58 13
60 48
62 47
63 99
64 27
66 15
66 59
68 65
70 3
70 29
70 43
70 80
70 97
71 32
72 10
72 76
73 2
74 32
74 59
78 22
78 65
80 94
81 81
81 84
82 6
83 15
83 55
84 14
84 46
84 71
84 89
85 40
86 2
86 56
89 24
89 65
91 31
92 6
92 85
93 75
94 32
94 40
95 0
96 14
96 18
97 76
99 23
99 98
