104
0 41
0 53
0 86
1 10
1 19
1 67
2 54
4 93
5 76
7 74
8 24
8 30
8 80
10 8
10 28
12 3
12 42
13 88
18 16
18 78
18 94
20 26
20 43
21 6
21 27
21 40
23 41
24 5
24 11
24 93
26 87
32 59
32 64
33 75
34 92
35 2
35 28
36 92
36 98
38 24
39 62
40 10
40 75
41 50
43 3
43 67
44 75
45 32
45 50
46 48
46 62
46 84
47 9
48 39
48 48
48 89
50 6
50 21
53 16
53 35
54 31
55 21
57 57
57 64
58 7
58 18
58 89
59 95
60 32
62 43
62 72
64 33
65 5
67 43
68 21
70 53
71 33
72 7
72 97
74 19
74 40
76 60
77 24
79 0
79 10
79 91
80 87
81 33
81 41
81 92
82 53
82 69
84 24
84 60
87 81
88 7
90 34
90 94
91 79
95 93
96 12
96 13
97 67
98 40
