105
2 49
3 56
3 87
4 70
5 0
6 14
6 37
6 63
8 2
8 69
9 66
12 48
12 87
14 8
14 36
14 75
15 94
16 51
16 59
16 65
18 15
19 89
21 59
22 50
23 82
25 7
25 39
28 28
29 4
29 75
29 87
30 18
31 49
31 80
35 66
35 99
36 42
37 33
38 79
39 11
39 66
39 85
40 2
42 24
42 40
43 34
44 49
44 69
45 85
47 5
48 8
48 24
50 47
50 60
54 67
55 16
56 92
57 23
58 8
63 60
64 16
64 77
64 85
66 57
67 36
68 17
69 9
70 76
70 94
71 23
71 44
73 84
74 20
74 32
74 47
76 3
76 63
77 89
78 36
78 81
79 14
79 57
79 74
81 45
83 87
85 3
85 31
85 91
86 19
87 7
87 13
87 49
88 38
90 76
91 60
91 71
92 33
92 37
94 95
95 89
96 51
97 2
97 38
98 58
99 81
