108
1 7
2 10
3 66
4 24
4 56
4 62
5 91
7 73
8 3
8 30
9 62
10 10
10 49
11 5
11 35
12 22
12 52
12 69
14 42
14 61
15 96
18 69
18 86
20 40
20 43
20 81
22 18
23 75
24 23
24 28
24 96
29 85
30 31
30 56
31 7
32 34
32 56
32 81
33 12
34 29
34 51
35 78
36 16
38 84
38 98
39 42
39 67
40 5
41 32
42 13
42 26
42 90
43 68
44 60
48 32
49 95
50 1
50 6
50 28
50 36
50 75
50 84
51 21
52 73
53 49
53 65
54 37
58 61
60 14
60 81
61 0
61 24
63 8
64 46
64 91
66 14
68 25
69 46
70 33
72 56
72 66
75 17
76 76
77 39
77 62
78 87
80 53
80 72
83 15
83 51
84 5
85 3
86 76
87 29
87 62
90 5
90 54
92 94
93 55
95 98
96 46
96 86
97 20
97 28
97 37
97 49
97 70
98 8
