110
0 16
0 35
1 54
2 20
3 66
3 82
5 2
6 75
7 45
7 60
9 9
9 56
10 28
11 34
13 68
13 90
14 78
15 53
15 60
17 12
18 76
18 92
20 44
21 18
21 82
22 28
22 50
22 98
24 35
24 87
25 58
26 26
28 44
28 74
29 29
30 93
31 83
32 3
32 59
34 44
35 62
36 59
36 89
39 74
40 12
40 99
41 21
42 8
42 58
43 51
44 69
44 98
45 0
45 61
48 29
48 80
49 11
49 20
49 41
49 52
50 78
51 23
51 86
52 70
53 3
55 4
57 95
58 34
59 43
59 55
59 73
62 15
62 17
62 98
63 75
64 40
65 32
66 67
68 20
69 4
69 64
70 55
70 87
71 27
71 69
72 13
72 48
73 29
79 77
80 19
80 38
81 95
82 50
82 72
82 75
84 60
85 97
86 12
86 18
87 49
87 81
91 38
91 65
91 67
93 35
96 29
98 15
98 38
99 1
99 96
