110
2 3
2 68
2 94
3 18
4 60
5 77
6 13
9 6
10 23
10 75
12 24
12 47
12 72
14 44
14 61
15 93
18 3
18 52
18 77
19 25
20 74
21 48
21 67
21 84
24 10
25 17
25 36
25 95
26 57
26 65
28 4
29 46
29 77
29 80
31 38
31 48
33 30
33 63
34 30
34 70
35 56
37 40
38 5
39 89
39 91
40 23
41 30
43 43
44 24
44 50
46 33
47 71
47 79
48 4
48 57
49 22
49 61
49 91
50 14
50 53
52 4
53 31
53 95
55 47
56 38
57 36
58 45
58 53
58 82
59 98
60 18
60 67
60 88
62 68
63 4
63 21
65 37
65 78
67 13
67 23
68 61
69 33
69 51
71 85
72 7
75 13
75 97
76 63
76 84
79 21
79 39
79 76
80 57
83 19
87 62
87 96
88 39
88 49
89 30
89 73
89 92
91 42
92 9
92 14
93 98
95 37
96 85
97 20
97 28
98 49
