108
1 1
1 34
1 45
3 73
4 23
4 51
4 79
5 55
6 13
6 89
7 54
8 39
10 61
11 82
12 23
12 32
13 95
15 11
17 57
18 16
18 48
18 66
19 24
19 35
20 15
20 90
22 11
23 88
26 91
28 25
28 74
29 5
29 15
29 50
30 33
31 44
31 60
31 68
31 91
34 34
35 24
35 54
35 96
37 9
39 0
39 63
40 11
40 46
42 35
42 80
43 18
44 33
45 60
49 21
49 43
49 73
50 89
51 6
52 46
53 68
54 33
55 50
56 92
58 59
59 89
60 41
61 13
61 61
63 10
63 29
63 45
64 5
67 34
70 74
71 6
71 86
71 97
72 2
73 25
75 53
76 31
77 61
78 37
79 21
80 27
80 66
80 76
80 98
81 48
81 88
83 83
84 6
84 23
85 8
85 62
85 69
86 2
86 54
86 90
89 80
90 72
92 10
92 61
92 97
93 90
94 25
97 47
97 58
