109
2 10
2 30
2 48
2 54
2 74
4 61
6 81
7 5
7 71
8 57
9 39
9 52
10 94
11 72
13 14
13 41
13 88
14 1
15 21
16 87
19 56
20 92
21 7
21 17
21 32
21 51
21 87
22 67
25 7
25 16
25 39
25 56
26 3
26 30
26 36
26 79
28 25
29 37
31 19
31 92
34 51
35 64
35 77
36 25
36 86
38 13
38 93
38 97
39 52
40 69
44 9
44 77
44 88
45 20
45 36
46 77
49 17
49 65
51 94
53 41
53 45
53 82
54 72
56 14
56 30
56 57
57 45
58 18
59 96
63 32
63 72
64 29
66 26
66 91
66 92
67 44
68 32
68 81
70 66
70 84
71 5
72 1
72 14
73 99
75 65
77 30
77 46
78 34
82 95
83 21
83 30
83 53
83 85
84 73
84 78
85 40
87 18
87 51
89 88
90 32
91 40
91 95
92 13
93 9
93 68
95 21
96 32
98 7
99 80
