109
1 51
1 87
2 18
2 82
3 35
3 51
5 65
5 76
6 13
6 28
7 66
11 39
11 84
12 89
13 1
14 95
15 52
16 30
16 74
17 94
19 82
20 43
21 24
21 40
21 54
23 11
24 62
25 71
26 5
26 17
26 92
27 65
28 51
29 26
29 76
29 80
31 7
32 53
33 12
34 27
34 66
34 95
35 18
37 47
38 39
38 95
39 18
39 58
39 80
40 14
40 73
43 1
43 91
45 58
48 68
48 96
51 77
52 26
52 38
52 54
53 24
54 10
54 42
55 97
58 70
59 24
59 68
61 2
62 14
62 52
63 87
64 41
65 32
66 56
67 13
68 32
69 20
69 80
73 44
74 20
74 62
76 52
77 97
78 9
79 17
80 10
81 68
82 30
83 71
83 85
84 67
85 56
87 13
87 33
87 90
88 5
88 7
88 41
89 98
91 52
92 73
93 65
95 52
95 70
95 84
97 7
97 14
97 45
98 27
