108
1 48
1 85
1 92
2 57
2 79
3 70
5 40
5 60
7 5
7 97
8 83
10 27
13 55
13 77
13 85
14 11
14 28
15 17
15 52
15 98
16 87
17 36
18 75
19 66
21 46
21 59
21 84
22 56
23 12
23 71
26 26
26 93
27 11
28 76
29 7
29 31
29 67
32 26
32 34
32 64
32 73
32 83
33 89
34 51
37 63
38 15
39 86
40 20
40 76
44 7
46 19
46 63
49 48
50 80
51 12
51 35
51 41
52 73
55 39
55 59
56 25
57 90
59 2
59 84
60 92
61 76
62 44
64 4
65 58
66 80
67 68
68 12
68 23
68 56
69 0
69 77
72 11
73 44
74 36
76 89
77 38
78 28
78 63
80 64
81 74
82 14
82 15
82 34
82 47
82 91
83 92
88 83
89 34
90 30
90 95
91 7
91 22
91 64
91 75
95 66
97 13
97 22
97 25
97 39
97 50
97 93
98 3
98 58
