102
0 37
1 60
4 73
5 8
5 51
6 74
8 97
9 95
10 74
11 22
11 65
12 9
12 46
13 8
15 88
17 53
17 77
17 97
18 24
18 58
19 15
19 32
22 38
22 69
24 8
24 67
24 77
25 28
26 51
27 11
27 21
27 47
27 93
29 50
30 85
32 96
34 8
34 69
37 19
37 51
38 88
40 41
42 3
43 9
43 65
43 71
45 49
47 29
48 30
48 94
48 97
49 10
52 49
53 21
53 63
53 78
55 96
56 3
56 19
56 87
57 75
57 78
59 32
60 42
61 51
61 59
61 87
62 13
62 25
62 69
64 99
66 3
67 15
70 67
71 58
72 12
73 26
73 45
75 65
76 2
76 34
80 16
80 67
80 91
81 77
82 79
84 92
85 26
87 53
89 36
89 61
89 76
89 86
90 21
91 4
91 87
95 15
95 61
96 31
96 43
98 1
98 91
