113
1 55
1 73
2 26
2 85
3 43
4 97
5 79
6 12
6 67
7 37
8 93
9 60
11 0
11 23
12 46
12 87
13 18
14 12
14 33
14 35
17 40
18 25
18 62
19 51
20 3
20 21
20 99
22 9
22 62
22 74
23 43
25 41
27 3
28 92
29 7
29 16
29 31
30 54
31 80
32 49
32 88
33 22
33 69
37 50
38 43
38 57
39 26
40 16
40 66
40 97
41 39
43 1
45 28
47 20
47 73
47 81
47 96
50 34
50 91
52 27
52 66
53 54
53 84
54 75
55 9
58 41
58 46
59 32
60 63
62 19
62 87
64 9
64 22
64 63
65 76
68 32
68 44
68 97
69 4
70 89
72 13
73 71
74 9
74 53
74 56
75 41
75 91
76 94
77 2
80 17
80 66
81 52
82 24
83 15
83 35
84 82
85 92
86 48
86 83
87 75
88 31
88 64
91 56
92 81
93 77
94 5
94 72
94 94
97 25
97 62
97 94
98 47
99 36
