100
2 76
2 96
4 15
4 54
5 28
6 0
6 33
6 97
7 6
8 80
9 64
11 48
11 61
12 46
13 76
14 88
15 13
15 62
16 93
18 17
20 18
20 58
21 42
22 36
24 71
25 77
26 93
27 14
27 56
28 11
32 25
32 65
32 98
35 46
35 50
36 71
37 80
37 96
38 98
40 58
41 27
42 10
42 22
43 23
44 35
46 4
46 94
47 7
47 82
48 3
49 38
50 52
51 68
52 87
53 23
54 34
55 53
56 29
57 25
59 61
59 97
60 6
60 59
62 34
62 44
62 79
64 6
64 90
66 20
66 39
66 67
68 71
70 22
70 55
72 2
72 16
74 53
75 28
76 40
76 72
76 76
79 33
81 74
81 93
82 20
82 48
82 60
85 26
86 93
87 48
88 82
91 26
92 6
92 53
93 45
94 75
95 3
96 38
97 16
99 57
