110
0 18
1 3
3 8
3 32
3 77
5 46
5 96
6 5
6 94
7 27
7 60
8 68
8 78
9 47
11 14
11 37
12 24
14 0
14 61
15 11
16 32
18 23
18 28
19 94
20 30
20 67
21 48
21 57
21 82
22 2
23 79
25 6
26 15
26 21
26 88
29 77
32 4
32 45
33 13
33 57
33 65
35 0
36 22
37 7
37 36
37 37
38 71
39 20
40 85
41 47
44 52
44 59
45 0
45 87
46 28
47 14
47 31
47 43
48 3
49 18
49 28
49 66
50 62
51 10
55 43
55 77
56 51
56 84
58 25
59 63
60 18
62 10
63 21
63 71
63 97
65 14
67 0
67 59
68 29
68 79
69 13
69 45
72 89
72 95
73 50
73 68
75 59
81 35
81 38
82 15
82 52
83 3
85 27
86 81
88 29
88 66
89 85
90 4
91 35
91 43
92 14
92 51
92 92
93 13
93 22
93 97
94 51
94 62
95 8
95 80
