106
0 33
1 81
2 13
2 71
3 43
5 96
6 0
7 92
8 21
10 37
11 20
11 63
11 68
12 58
13 78
15 83
16 26
16 43
17 93
19 10
19 21
21 75
21 86
22 52
25 36
26 80
28 38
30 18
30 22
30 69
30 89
32 52
32 98
33 19
35 38
36 30
36 42
36 51
37 65
39 3
39 75
42 18
43 41
44 46
46 9
46 36
46 53
48 93
50 11
51 35
51 70
52 75
53 86
54 94
55 25
55 53
55 60
55 72
58 60
58 97
59 39
59 81
60 1
60 48
60 50
61 10
61 32
64 38
65 22
68 72
69 42
70 81
72 9
72 22
74 97
76 10
76 69
77 42
77 43
78 71
80 90
81 83
82 17
82 33
82 96
85 0
85 39
85 56
86 74
87 33
87 71
88 10
89 57
90 15
90 48
92 20
92 41
92 72
93 1
95 30
97 26
97 54
98 11
98 16
98 45
98 87
