107
1 38
1 80
2 25
2 72
2 91
3 9
3 81
4 17
6 3
6 71
7 52
7 65
11 14
12 87
18 32
19 5
21 60
21 88
23 18
23 24
25 15
25 80
26 71
27 46
27 91
29 15
30 6
30 52
30 62
31 68
31 78
33 49
33 72
34 35
35 37
36 15
36 90
37 14
37 52
38 98
39 60
40 31
40 65
41 47
41 54
43 78
43 82
45 22
46 64
48 7
48 44
49 70
49 97
53 11
54 50
54 75
54 84
56 59
56 89
57 38
58 23
60 35
60 98
61 68
63 12
63 59
64 24
64 83
66 15
67 5
67 34
69 1
69 36
70 29
71 89
71 93
71 96
73 13
73 19
74 55
77 3
77 35
77 41
79 19
79 79
80 97
81 26
81 41
81 52
82 76
86 95
88 56
88 65
89 16
89 24
89 94
90 5
90 80
91 10
92 6
93 25
95 64
96 86
97 38
97 68
98 15
99 32
