105
0 0
1 10
1 52
1 68
2 25
2 59
3 29
3 43
4 96
7 75
8 85
9 40
9 48
10 82
11 17
11 61
11 64
14 15
14 32
14 40
17 3
18 54
19 73
20 63
21 84
24 21
24 97
25 34
25 46
26 75
27 15
28 51
28 81
29 3
29 49
31 41
31 66
31 93
33 32
36 79
36 87
37 29
38 54
38 62
41 2
41 20
42 44
43 24
44 64
46 91
47 68
50 26
50 44
50 92
51 1
51 62
51 83
52 6
56 4
57 65
57 75
58 19
59 31
61 87
62 43
62 58
62 95
63 26
63 31
63 65
64 77
66 0
66 16
67 79
68 85
69 6
69 87
70 46
70 64
72 96
73 35
74 42
74 88
75 68
76 80
76 97
80 19
81 27
82 35
82 47
83 59
87 74
89 21
89 50
90 6
90 93
91 80
92 9
92 39
95 26
95 36
95 95
97 40
97 50
97 77
