105
1 90
2 11
2 48
2 77
3 92
6 5
8 12
8 46
8 66
8 84
9 53
9 74
9 97
10 25
10 29
11 12
12 72
14 14
16 31
16 80
18 48
18 56
18 86
21 25
21 33
22 67
25 22
27 66
28 85
29 15
30 4
30 18
30 72
31 49
31 65
32 7
32 60
32 98
33 29
34 86
37 1
37 30
37 81
38 53
39 64
40 10
41 99
43 54
45 12
46 35
46 42
46 95
48 19
49 46
50 7
51 26
51 76
53 86
54 60
55 76
57 14
59 66
59 79
60 50
61 29
63 65
63 75
66 99
68 30
68 40
68 96
69 13
69 19
69 55
70 0
71 59
73 27
73 85
74 3
74 71
76 55
77 30
80 12
80 20
81 46
84 57
85 25
85 38
86 54
87 93
88 70
89 83
90 6
90 82
91 42
91 61
92 13
94 43
94 72
95 33
97 69
98 6
98 85
99 18
99 93
