105
1 42
2 59
2 79
3 24
3 72
5 61
6 34
7 38
8 56
11 7
11 82
13 34
15 36
15 76
16 93
16 98
18 3
18 21
18 65
20 23
20 46
21 49
21 94
22 65
23 14
23 43
23 83
25 9
27 67
28 85
29 2
30 33
30 71
32 18
32 49
33 35
33 44
33 58
34 6
34 12
34 69
35 15
37 23
37 79
38 86
39 57
40 67
42 11
43 28
44 92
45 74
47 95
48 83
50 53
51 7
51 73
54 36
54 80
55 39
58 50
59 25
59 88
60 19
60 61
63 0
64 18
64 57
64 63
64 70
64 81
66 3
66 30
70 95
71 50
72 32
72 87
76 48
76 86
77 68
77 80
78 16
78 99
79 1
80 26
80 80
80 90
85 33
85 45
86 56
87 32
87 85
88 51
89 19
89 73
89 90
91 20
91 76
92 10
92 29
93 98
94 36
96 64
96 66
98 55
99 13
