108
1 25
2 0
2 13
2 61
2 73
2 86
3 30
3 54
4 41
4 64
5 9
6 42
7 98
12 83
13 36
13 65
16 4
16 42
18 10
18 73
19 31
19 65
22 80
23 4
23 40
23 87
24 51
26 17
27 59
27 83
28 31
28 79
29 8
29 94
30 45
30 71
31 52
32 18
32 25
34 10
34 79
37 91
37 92
38 2
39 39
40 61
43 26
43 99
44 41
45 15
45 84
46 6
46 68
47 59
48 88
49 79
49 86
51 96
52 33
55 23
56 35
56 60
56 64
59 52
59 75
61 3
61 78
62 29
62 44
63 8
63 86
64 7
65 99
66 46
68 64
68 81
69 20
69 38
70 2
71 23
74 13
74 39
76 3
76 35
77 21
78 87
79 35
79 56
80 74
81 91
82 70
83 39
84 7
84 13
85 3
85 48
85 81
86 67
88 58
88 96
91 61
92 52
93 4
95 13
95 97
96 71
98 30
98 80
