109
0 19
0 98
1 1
2 15
3 8
3 61
4 50
4 83
5 63
5 69
6 23
11 6
11 34
11 86
12 82
14 19
14 27
15 4
16 57
18 81
20 57
20 69
21 16
21 54
22 7
22 66
22 80
24 30
24 93
25 38
26 22
26 34
30 47
31 6
32 27
32 95
33 13
33 80
34 93
35 33
36 22
39 9
39 41
39 50
39 77
40 26
41 37
41 95
42 65
44 76
45 49
48 68
49 44
50 21
50 62
50 95
51 8
52 0
52 25
53 81
54 32
54 52
54 83
55 36
57 13
57 54
57 68
61 46
62 82
62 97
63 26
63 85
64 37
65 18
66 13
67 59
68 0
68 41
68 54
69 63
70 22
70 91
72 78
73 26
75 67
76 37
76 79
77 61
77 99
78 47
78 53
79 7
79 36
80 51
80 98
81 24
85 93
86 61
87 55
88 85
89 9
89 46
90 81
90 99
94 40
95 1
96 95
97 48
98 74
