116
0 97
1 5
1 64
2 31
3 7
3 40
3 53
4 19
5 44
5 66
5 78
7 1
7 87
9 61
10 26
10 41
11 20
13 57
14 8
14 48
14 93
16 70
17 54
17 57
17 79
19 89
20 48
20 77
20 92
21 33
25 71
25 83
26 66
27 34
27 91
29 87
30 3
30 12
31 58
32 96
34 25
34 42
35 5
36 50
38 65
39 43
39 59
40 78
41 10
41 67
41 94
42 1
44 44
44 88
45 91
47 72
48 35
50 69
52 5
53 11
54 27
56 1
56 51
56 82
57 95
58 79
59 10
60 16
60 88
62 36
62 64
62 84
64 3
64 55
65 27
65 73
67 67
68 20
69 33
69 89
70 53
70 63
71 40
71 50
71 82
72 65
74 7
77 73
78 1
78 59
79 37
81 85
82 45
83 26
84 4
84 17
84 80
84 88
85 60
86 28
86 52
86 65
87 14
92 68
93 43
94 95
95 12
95 21
95 80
96 8
96 33
96 90
97 76
98 29
98 58
98 93
