112
0 79
1 55
1 87
2 14
3 8
3 27
3 93
4 70
4 98
6 92
7 80
8 37
8 47
11 3
11 18
11 33
11 60
12 15
12 25
12 48
12 66
14 43
15 31
17 12
17 85
19 97
21 41
22 76
23 64
23 88
24 50
24 80
28 24
28 95
29 49
29 64
30 40
30 60
31 16
32 28
34 80
34 96
35 11
35 71
36 12
36 35
36 73
37 25
37 47
39 63
39 94
41 75
42 64
42 79
42 91
45 52
46 95
47 6
47 33
47 68
49 24
49 43
49 46
50 11
50 75
51 85
53 86
54 5
55 54
58 30
60 84
62 54
63 30
63 71
66 91
67 0
67 46
68 35
68 48
69 78
69 99
71 9
71 31
71 38
71 68
75 72
76 94
77 43
77 89
78 16
79 21
79 34
80 62
81 57
82 29
83 8
84 60
84 70
88 17
88 77
92 3
92 26
92 91
93 98
94 10
94 27
95 50
95 95
97 12
97 55
97 58
99 81
