105
1 8
3 52
5 20
5 26
5 89
6 45
6 61
9 86
10 9
10 72
13 80
14 33
15 49
18 95
20 9
22 73
23 26
23 58
24 65
25 8
25 46
26 6
27 43
27 81
29 8
31 16
31 23
32 91
33 67
36 13
36 43
36 56
37 80
37 87
38 22
39 99
40 3
40 52
40 76
43 8
43 64
45 23
45 40
47 41
48 14
48 20
49 3
49 79
51 30
51 88
53 61
53 97
54 5
54 49
57 50
57 68
58 23
59 7
59 9
59 42
61 69
62 77
63 31
64 48
66 18
66 76
67 86
68 22
69 36
69 59
71 67
72 49
73 0
73 80
74 47
74 91
76 12
76 28
77 76
77 94
78 58
80 55
81 62
82 20
82 41
82 96
83 66
85 75
86 87
87 40
89 18
90 47
90 55
92 26
92 89
94 10
94 25
94 67
95 47
95 58
95 63
97 78
98 12
98 41
99 2
