111
0 7
1 76
2 18
2 99
3 53
4 28
4 44
4 76
7 65
8 23
10 3
10 14
14 61
14 98
15 13
16 20
17 31
17 34
17 52
19 59
22 68
23 72
24 9
24 97
25 35
25 45
25 55
25 68
27 70
28 38
29 20
29 28
29 76
30 87
31 35
33 3
33 49
35 45
36 3
37 12
37 47
37 86
38 62
40 35
41 84
41 93
43 46
43 52
44 29
45 99
46 62
47 34
47 82
49 81
49 92
53 43
55 30
56 94
57 60
58 32
58 72
59 45
59 85
60 51
62 84
63 1
63 5
63 13
63 19
63 54
63 91
66 72
67 18
67 25
69 11
69 41
70 1
70 37
70 48
70 85
73 22
73 72
73 86
74 56
75 7
75 42
75 49
77 65
79 28
79 58
79 94
80 13
82 51
85 68
87 2
87 33
88 84
89 14
89 23
90 40
91 92
93 14
94 71
96 2
96 22
96 90
98 64
99 27
99 52
99 60
99 85
