102
2 78
3 4
3 26
3 90
4 61
5 2
5 54
6 49
9 79
9 84
11 72
12 29
12 43
12 93
16 22
16 55
18 14
18 90
20 5
20 60
22 77
23 36
25 15
29 99
30 3
31 6
31 38
32 85
34 65
34 82
34 96
35 25
36 28
37 13
37 19
37 48
38 72
39 70
42 38
43 29
44 60
45 54
45 84
45 93
46 9
46 45
47 76
48 4
49 39
50 6
51 29
52 21
53 97
54 16
56 51
57 34
57 81
57 90
60 2
60 67
62 59
63 49
63 75
64 31
64 57
64 61
64 92
65 85
66 3
66 25
66 35
68 21
68 72
69 12
69 47
71 91
74 31
74 67
75 82
76 50
77 35
79 58
79 80
80 70
82 15
82 26
83 13
84 58
84 61
86 75
87 37
89 1
89 30
90 30
90 41
90 77
90 85
95 57
96 79
99 6
99 20
99 87
