104
0 52
2 87
3 15
3 38
4 25
4 62
4 73
5 37
5 99
6 8
6 66
10 46
10 50
10 72
11 9
13 94
16 27
16 29
17 98
18 8
18 18
20 47
20 68
24 27
24 77
25 63
25 69
26 16
26 32
26 75
26 95
27 45
28 12
28 88
34 56
35 94
36 36
36 66
37 78
38 14
38 50
38 59
39 38
40 48
41 4
41 68
43 17
43 71
44 8
46 93
47 45
47 97
48 18
48 65
49 13
50 54
51 9
51 26
53 18
53 31
54 73
55 44
55 58
55 93
58 32
58 96
59 5
60 8
62 46
62 54
64 72
66 89
67 58
67 73
68 9
68 42
72 46
72 96
73 43
73 82
75 30
76 2
76 15
76 80
77 62
79 93
80 97
83 3
83 48
85 24
86 91
87 43
87 50
89 14
90 26
95 78
95 86
96 28
96 36
96 42
96 57
97 8
97 61
97 99
