111
0 57
1 21
1 37
1 64
2 3
2 96
5 88
6 86
7 2
8 18
11 16
11 76
11 97
14 4
14 48
14 51
15 37
16 88
16 90
17 20
18 37
18 58
20 11
20 77
21 55
21 73
24 22
24 46
25 36
25 98
28 79
28 95
33 9
33 89
34 26
34 42
34 61
34 95
35 75
36 30
36 64
36 79
37 0
39 46
40 40
41 17
44 6
44 39
44 73
44 89
45 60
45 79
49 16
49 32
49 43
51 40
52 55
52 70
53 18
53 70
54 26
54 46
54 91
54 98
56 14
60 9
60 31
61 79
62 96
63 19
63 49
63 53
66 67
68 50
68 72
69 3
70 28
71 62
71 82
72 92
73 57
73 67
73 95
75 10
75 35
76 5
76 23
76 75
78 66
79 99
80 70
82 59
85 13
85 47
87 13
87 72
87 77
90 95
93 33
93 54
93 72
94 0
95 27
95 37
95 40
95 55
96 49
96 79
97 62
97 65
99 2
