111
0 2
0 11
1 93
2 16
2 45
2 66
4 54
4 77
5 86
6 36
6 50
7 10
7 65
8 78
9 63
10 45
11 24
14 13
14 27
14 46
14 80
15 88
16 7
16 54
16 97
17 19
17 70
18 33
19 3
21 76
22 68
23 4
24 49
26 32
27 88
28 53
29 4
30 1
30 35
34 63
34 81
35 10
36 45
37 85
39 81
40 14
41 8
41 33
42 52
43 39
44 70
45 49
45 95
48 4
48 41
48 80
49 88
50 27
51 88
52 39
53 33
54 13
54 98
56 46
57 55
58 75
59 25
59 97
60 13
61 84
62 61
63 7
63 45
65 19
65 38
65 60
65 76
68 85
69 11
70 67
71 55
72 22
73 30
74 85
74 93
77 61
77 90
78 62
79 4
79 13
79 97
80 41
82 93
83 2
84 73
85 4
86 59
86 99
87 38
89 17
90 49
92 36
93 4
93 53
93 82
93 98
94 10
94 47
96 74
98 8
99 64
