108
0 17
0 88
2 78
3 67
5 7
5 24
7 29
8 68
9 22
9 85
12 33
13 6
13 56
13 82
13 96
14 45
15 18
16 40
17 73
19 31
21 51
21 67
24 3
24 33
24 56
25 9
26 26
27 21
27 89
28 99
30 15
30 78
33 63
34 50
34 65
36 88
37 17
37 93
38 31
38 79
40 40
40 97
41 25
41 95
42 81
43 70
44 30
44 60
45 51
46 12
47 66
47 89
50 16
51 4
53 85
54 10
54 41
55 77
56 23
56 56
57 37
57 48
58 19
61 73
61 90
63 32
64 22
65 4
65 10
66 16
66 84
67 9
67 38
68 65
68 82
69 48
69 56
70 39
72 24
72 97
75 16
76 24
77 46
79 66
80 39
80 89
81 97
82 0
82 88
84 41
84 74
87 66
87 95
88 8
88 16
88 22
88 56
90 83
91 46
91 66
92 85
93 93
94 77
95 35
95 78
96 16
96 42
98 22
