106
0 6
2 12
2 49
3 26
4 85
5 58
6 32
6 38
6 49
7 26
11 40
11 80
11 87
11 93
12 68
13 16
13 59
14 17
14 49
18 98
19 2
20 26
22 28
22 63
23 13
23 53
23 65
25 72
26 45
26 99
28 56
30 3
30 80
31 7
32 49
33 17
34 60
34 71
35 94
37 43
37 55
37 83
38 7
38 60
39 29
40 48
41 12
41 69
42 25
44 94
46 13
46 97
47 17
47 52
47 59
47 77
49 35
49 53
49 74
49 96
51 29
54 45
54 91
55 40
56 30
58 89
59 12
59 72
59 83
61 43
63 20
63 42
63 61
64 52
64 81
65 20
65 30
66 51
66 98
68 70
72 1
73 87
73 97
74 26
79 2
79 42
79 83
79 90
80 23
81 6
81 14
81 55
81 67
83 24
83 60
85 1
91 40
91 45
91 89
91 98
94 2
94 13
94 60
96 26
97 44
99 68
