112
0 4
4 26
5 68
6 28
6 58
7 13
7 78
8 6
8 73
8 87
9 27
9 54
11 1
11 19
12 54
14 64
15 13
15 64
19 5
20 31
20 35
20 47
20 79
21 86
23 96
24 55
24 73
25 3
25 65
25 97
26 79
27 39
28 73
29 25
29 28
29 87
30 86
31 9
32 57
34 38
35 23
35 67
36 48
37 40
38 14
38 34
38 99
39 79
39 85
40 50
41 64
43 7
45 57
46 48
46 78
47 29
47 37
47 79
47 95
48 6
49 20
50 76
51 34
52 57
54 59
54 90
55 9
55 43
55 81
56 5
57 34
57 97
59 20
59 93
60 27
60 73
61 46
63 6
63 84
68 73
68 91
69 61
69 97
70 36
72 78
72 90
74 9
77 25
77 29
77 47
77 58
77 72
77 82
80 29
80 68
81 87
83 39
83 80
84 4
86 56
86 67
86 86
86 95
87 41
89 77
90 51
92 38
93 19
94 90
96 80
97 87
98 44
