112
1 33
1 67
1 96
3 34
3 71
4 9
4 49
4 82
6 67
9 14
9 29
10 5
10 33
10 96
12 80
13 3
13 57
15 10
16 70
18 48
20 87
23 45
24 60
24 65
25 10
27 6
28 23
30 32
30 76
33 21
33 40
34 3
34 14
35 78
35 88
36 7
36 34
36 69
37 59
37 96
40 25
40 62
41 80
42 34
42 48
42 89
43 14
44 32
44 47
44 72
45 80
46 70
47 8
47 40
47 52
50 97
53 28
53 95
54 16
54 42
54 56
56 29
57 74
57 84
58 50
61 4
63 81
63 86
64 1
64 18
64 50
64 93
65 35
65 59
66 23
66 54
66 68
68 41
68 81
71 7
71 68
72 12
73 99
75 35
76 59
76 84
79 45
80 4
81 18
81 42
82 63
82 86
84 14
84 37
84 61
85 7
86 52
87 81
88 50
90 25
90 61
92 89
93 15
93 46
94 4
96 33
96 91
96 99
98 18
98 71
99 43
99 86
