100
2 33
3 2
3 47
6 28
7 8
8 17
8 38
10 51
11 5
11 93
12 28
12 83
13 11
15 2
15 27
15 74
16 90
17 17
18 85
20 10
21 56
22 25
22 38
23 5
26 29
26 98
27 19
27 83
28 74
30 8
30 70
31 46
31 56
33 41
34 2
35 17
37 65
37 98
38 35
38 39
40 63
40 79
41 27
43 7
43 46
43 67
45 29
46 16
47 6
49 96
50 99
51 15
51 55
52 87
53 77
54 23
54 39
56 53
56 97
57 17
59 32
60 45
61 6
62 41
62 96
63 17
63 74
63 88
64 34
67 90
68 69
68 76
70 54
71 15
73 17
74 48
76 61
76 79
78 15
78 89
80 56
82 34
82 69
83 83
85 3
85 27
88 12
88 59
89 13
89 44
90 74
92 38
92 51
92 70
93 3
94 22
96 6
96 79
97 66
98 14
