106
0 82
1 18
2 35
4 33
4 93
5 54
6 97
9 68
10 39
10 76
12 34
12 66
13 38
14 79
14 88
15 6
15 20
15 44
16 54
19 77
20 18
20 92
21 8
22 63
22 86
22 90
23 58
24 38
26 3
26 87
27 72
28 51
29 30
29 46
30 96
31 66
34 11
35 37
38 27
39 1
39 47
40 10
41 70
42 45
42 60
43 26
44 0
44 11
44 36
48 17
48 54
48 66
50 53
51 40
52 16
52 33
52 99
54 5
54 72
54 91
55 28
55 41
55 48
55 83
57 69
61 34
62 55
64 27
66 63
67 67
67 88
68 16
70 2
70 32
70 48
70 83
73 9
73 58
73 75
73 92
76 11
76 28
77 91
79 89
80 44
81 32
81 36
82 65
83 99
85 73
87 12
87 65
87 69
87 78
88 0
88 37
89 56
90 76
91 89
92 16
93 26
94 57
95 7
95 46
96 61
98 29
