113
0 22
1 11
1 14
1 63
2 36
3 30
3 50
4 43
7 85
11 13
11 80
13 68
13 90
14 7
14 24
14 28
14 52
14 54
15 91
19 13
20 24
20 76
20 94
21 67
23 14
26 3
26 50
26 86
27 54
28 12
30 24
30 76
30 97
31 20
31 30
34 60
34 63
35 88
35 91
36 3
38 42
39 50
39 61
40 26
42 13
42 22
42 78
43 75
44 6
44 38
44 94
45 66
46 1
46 36
47 97
48 10
49 49
49 60
50 75
50 84
50 88
52 6
53 30
53 52
55 9
55 15
55 37
55 41
55 67
59 98
61 72
62 4
63 31
63 35
63 58
63 94
67 12
68 41
71 22
71 81
73 26
73 68
74 85
75 93
76 14
76 51
77 2
78 61
78 86
79 96
80 5
81 16
81 34
81 69
83 24
86 29
87 53
88 95
89 15
90 42
90 90
91 25
92 12
92 46
92 76
93 31
95 2
95 57
96 44
96 48
96 72
97 19
97 82
