205
0 0
0 30
0 41
0 78
0 90
1 5
1 27
1 64
2 49
2 58
3 17
4 21
4 51
4 72
4 96
5 3
5 86
6 26
6 61
6 79
7 10
7 94
8 37
8 45
8 70
10 28
11 4
11 20
11 58
13 37
13 79
14 13
14 44
14 50
14 67
15 84
16 0
16 31
16 62
16 92
17 7
17 26
17 42
17 89
18 47
18 73
18 83
19 55
19 98
20 18
22 0
22 8
22 16
22 24
23 32
23 48
23 66
23 72
23 94
24 42
26 58
26 80
26 86
28 6
29 53
29 78
30 28
30 47
30 87
31 14
31 58
31 94
32 18
32 35
32 67
34 4
35 38
35 46
35 77
35 91
37 14
37 49
37 81
38 30
38 62
38 66
39 0
39 20
39 48
40 55
40 90
41 39
41 78
42 19
42 26
43 70
43 98
44 10
44 33
44 62
46 40
47 16
47 58
48 86
48 95
49 5
49 34
49 50
49 67
50 74
50 78
51 2
51 23
52 20
52 36
52 93
53 30
53 54
53 69
53 77
55 4
56 62
56 84
57 12
57 44
58 28
60 50
60 82
61 9
61 41
61 79
61 95
63 4
63 16
63 18
63 37
63 61
63 69
64 70
65 2
65 6
65 33
65 66
65 80
66 49
66 90
67 24
67 98
68 41
69 56
70 0
70 16
70 24
70 32
71 10
71 47
72 39
72 72
72 80
73 53
73 86
74 66
75 94
76 42
76 74
77 5
78 25
78 35
78 95
79 12
79 62
80 70
80 86
81 20
81 52
82 4
82 84
84 44
84 78
84 93
85 27
86 19
86 51
87 14
87 37
87 66
88 6
88 60
88 62
89 2
89 41
89 70
89 95
90 81
90 87
91 14
91 26
92 30
92 49
93 56
94 0
94 8
95 30
97 18
97 27
