103
0 22
3 4
3 46
7 70
8 36
8 63
9 10
10 72
11 60
12 20
12 44
12 52
13 82
15 42
16 96
17 4
18 38
18 86
20 24
20 66
21 49
21 75
22 45
23 15
25 6
25 31
26 29
26 85
28 9
29 4
30 54
30 99
32 50
33 16
33 80
35 76
36 21
38 67
39 52
39 68
40 89
41 3
42 42
42 86
43 10
44 28
46 62
47 94
48 0
49 47
50 24
50 91
51 72
52 37
52 82
53 18
53 77
55 29
56 7
57 57
58 63
59 83
61 8
61 35
62 73
63 44
64 95
65 38
65 92
69 27
70 11
70 33
70 47
71 98
72 70
73 19
74 41
74 69
78 39
78 48
79 0
79 25
79 78
79 90
82 17
83 38
86 8
86 34
86 64
86 98
87 1
88 52
88 90
90 30
92 12
92 59
93 62
94 51
96 21
96 39
97 8
97 31
97 83
