111
0 46
1 87
2 50
3 10
3 18
3 76
7 24
8 3
9 15
9 98
10 38
10 49
12 23
14 8
14 58
15 46
17 64
17 84
18 48
19 15
20 23
22 92
24 32
24 59
26 49
27 7
28 61
28 75
30 76
31 20
31 87
32 55
33 39
35 12
35 52
36 72
38 98
39 22
40 9
40 36
41 15
42 44
43 53
43 95
44 2
44 3
44 86
47 70
49 44
50 18
51 5
52 49
52 66
54 14
55 96
56 77
57 64
58 16
59 0
60 28
60 91
62 96
63 1
64 50
65 39
65 81
66 99
67 11
67 22
68 68
70 88
71 60
72 6
72 23
72 47
72 75
74 86
75 37
76 91
77 32
77 48
80 13
80 19
80 29
80 67
80 75
81 92
82 41
82 57
84 4
84 71
86 29
88 15
88 47
88 55
88 82
88 85
90 63
91 1
91 24
92 69
93 77
94 47
95 28
95 91
95 99
96 37
96 54
98 15
98 66
99 81
