113
0 90
2 52
2 96
3 39
3 59
4 7
4 29
5 51
5 73
6 81
7 42
8 8
9 67
9 82
11 38
11 91
15 8
15 75
16 4
16 45
18 94
19 24
19 42
19 48
20 83
21 79
23 62
25 4
26 14
26 29
27 9
27 33
27 82
27 99
31 87
32 41
32 84
34 15
34 20
34 28
34 76
36 2
37 47
38 58
39 9
39 50
40 95
41 37
41 63
42 15
42 88
43 71
44 11
46 17
46 56
47 27
47 84
48 94
50 48
50 71
50 86
51 39
51 85
52 44
52 50
53 13
54 6
58 27
58 59
58 97
60 51
61 37
61 73
62 2
62 89
64 5
68 97
69 45
70 51
70 91
71 65
72 12
72 75
72 95
74 42
75 2
75 29
76 65
77 17
77 34
78 52
78 99
80 11
80 80
82 88
84 61
84 78
85 1
85 41
86 12
86 49
87 70
87 86
88 18
88 95
89 55
93 42
94 23
96 50
96 89
97 94
98 78
99 68
