108
0 3
2 35
2 69
3 10
3 77
5 93
6 25
7 61
9 35
9 52
10 80
12 3
14 70
15 31
15 64
16 42
16 97
17 56
18 89
19 30
20 26
21 74
22 67
23 1
23 85
24 59
26 5
26 41
26 89
27 36
29 14
30 60
32 33
33 11
35 38
35 70
35 93
37 23
37 52
37 80
38 66
38 82
39 24
39 37
41 63
42 80
43 11
44 61
47 92
48 15
48 51
49 11
49 72
49 83
50 64
52 53
52 63
53 28
54 19
54 45
55 17
55 26
57 99
59 37
59 54
60 3
60 23
61 81
64 56
65 90
66 92
67 79
68 43
70 9
70 28
70 70
70 81
74 28
75 3
75 16
77 34
78 75
79 18
79 37
79 93
81 44
81 60
84 32
86 36
88 4
88 21
89 89
90 55
90 68
90 96
91 40
92 77
92 89
94 54
94 75
94 97
95 1
95 26
97 8
97 26
98 20
98 32
98 96
