103
0 9
0 21
0 33
0 51
0 69
0 81
2 1
2 44
2 58
2 62
2 89
2 94
4 12
4 30
6 20
6 41
6 52
6 67
6 73
6 80
6 98
8 3
8 33
8 87
10 11
10 26
10 50
10 59
12 18
12 84
14 2
14 31
14 41
14 47
14 61
14 70
14 76
14 91
14 98
16 9
16 21
18 38
18 56
18 67
18 85
20 30
20 96
22 1
22 11
22 16
22 23
22 44
22 53
22 65
22 77
22 83
26 5
26 31
26 38
26 50
26 59
26 73
26 92
26 98
28 12
28 24
28 84
30 44
30 62
30 68
32 15
32 75
32 87
34 2
34 8
34 25
34 32
34 37
34 46
34 55
34 97
36 18
36 84
38 53
38 64
38 71
38 77
38 95
40 3
40 15
40 39
40 87
42 23
42 29
42 46
42 61
44 12
44 36
44 54
44 72
44 84
44 96
46 2
