106
2 2
2 32
2 53
2 59
4 44
4 87
6 8
6 56
7 38
7 82
10 18
10 98
11 28
11 87
13 4
14 20
14 66
14 96
15 60
16 6
16 61
16 98
17 27
17 35
17 52
21 87
23 73
25 17
25 52
25 60
29 59
29 84
30 2
33 17
34 24
34 32
34 35
34 52
34 96
35 47
36 8
39 13
42 23
43 71
44 69
46 37
48 14
48 15
48 50
51 47
51 61
51 88
53 56
54 26
54 96
55 44
55 74
57 74
59 57
60 6
60 43
61 3
61 32
62 10
62 66
62 93
63 83
68 59
69 41
70 28
70 97
72 1
72 12
72 87
74 7
74 51
75 59
76 27
76 74
77 84
78 11
78 28
79 43
79 90
81 47
81 84
82 71
83 15
83 22
83 63
85 53
86 89
87 44
87 73
89 0
89 18
90 32
90 49
91 60
91 74
92 9
94 9
97 21
97 68
97 85
97 90
