105
1 75
2 11
2 79
3 50
4 1
4 62
4 67
4 96
5 20
6 30
7 36
7 46
8 14
10 83
12 55
14 49
14 89
15 59
16 31
18 20
18 46
20 74
22 43
23 32
23 74
23 85
24 4
24 77
26 20
26 91
27 10
28 21
28 22
28 34
28 58
28 68
31 60
34 29
35 57
35 93
36 39
36 79
38 92
39 68
41 19
41 23
41 43
41 50
41 94
43 45
43 76
44 10
44 28
45 4
45 81
47 33
47 80
49 4
49 62
52 88
58 16
59 3
59 88
60 34
60 70
60 88
60 92
61 56
62 36
62 42
63 12
63 64
63 76
64 22
65 50
67 6
67 12
67 40
70 60
71 21
72 37
73 86
74 20
75 93
76 39
76 52
77 0
77 79
80 29
80 94
81 35
84 12
84 86
85 72
87 49
87 80
90 31
91 58
94 42
94 70
96 60
96 66
97 51
98 26
99 74
