109
0 61
1 97
2 5
2 21
2 92
3 10
3 47
3 86
4 38
8 19
8 40
8 88
9 98
10 4
10 47
12 28
12 80
15 30
15 64
16 60
17 49
18 13
20 3
21 75
22 46
22 76
22 94
24 18
24 35
26 86
27 6
27 62
27 92
28 47
28 77
29 29
29 55
33 2
33 33
33 99
35 22
38 41
39 49
40 27
40 57
40 67
40 72
41 86
42 19
43 86
47 72
49 99
50 2
50 49
51 27
52 4
54 30
54 73
55 37
55 87
56 75
56 98
57 19
58 65
59 53
61 7
62 39
62 68
62 74
62 92
64 19
64 24
65 44
66 4
66 37
66 82
70 15
71 47
73 21
73 66
73 95
76 30
77 72
78 85
79 69
80 6
80 49
80 94
81 15
81 78
82 28
84 56
85 64
86 54
86 86
87 41
88 5
89 16
89 32
89 80
90 87
92 82
93 59
93 67
95 3
95 28
95 80
96 97
98 49
