106
1 17
1 26
1 74
2 65
2 85
3 14
3 38
6 67
8 52
10 9
10 56
11 87
14 73
15 2
15 85
17 15
17 26
17 44
17 95
20 34
22 16
23 61
24 68
24 75
25 45
25 50
26 5
27 19
27 84
28 30
31 40
31 59
32 69
32 92
33 16
33 91
35 13
35 49
36 68
36 77
37 1
37 35
39 81
40 29
41 71
41 86
41 89
42 15
42 41
42 71
43 2
43 22
43 62
46 78
47 20
47 43
48 35
49 50
53 96
56 10
56 18
56 54
58 44
59 30
59 82
61 38
61 63
61 90
63 38
65 10
66 25
66 65
67 4
68 93
70 12
70 54
72 61
74 58
75 96
76 26
76 74
76 88
78 6
78 71
79 91
80 31
82 94
83 66
84 29
86 49
87 45
88 5
88 15
88 21
88 56
88 70
88 81
91 79
93 25
93 91
94 63
94 82
94 99
95 49
96 4
99 66
