136
0 20
0 54
1 2
1 50
1 60
1 68
2 9
2 29
2 39
2 77
2 90
2 97
8 37
8 68
9 1
9 19
9 29
9 91
10 8
11 48
11 60
12 77
13 99
17 9
18 1
18 17
18 37
18 88
18 99
19 28
19 61
19 86
20 80
22 27
22 47
22 70
27 89
28 37
28 50
28 71
28 97
29 30
30 6
31 1
31 17
31 77
32 57
35 90
36 44
38 1
38 21
38 27
38 39
38 61
38 98
39 9
39 77
39 89
40 71
42 47
43 38
43 74
49 11
49 61
50 0
50 17
50 27
50 91
51 38
51 77
52 99
53 49
53 69
57 49
57 81
58 27
58 67
58 81
59 7
61 39
62 10
62 20
62 91
62 97
63 0
63 59
65 76
68 41
68 99
69 28
69 57
70 2
70 22
70 82
71 15
71 68
72 47
72 87
73 9
77 39
78 2
79 87
80 52
80 66
80 77
81 28
81 58
82 7
82 19
82 47
82 97
84 83
88 37
88 58
89 87
90 0
90 32
90 99
91 21
91 69
92 9
92 50
92 78
95 44
96 99
97 2
97 31
97 91
98 18
98 59
98 70
98 81
99 7
99 14
99 36
99 52
