99
2 5
2 10
2 20
2 25
2 30
2 35
2 40
2 55
2 65
2 70
2 75
2 90
2 95
3 0
3 15
3 45
3 48
3 60
3 80
3 85
12 0
12 5
12 10
12 15
12 20
12 25
12 40
12 50
12 60
12 65
12 70
12 75
12 80
12 90
13 30
13 35
13 45
13 55
13 85
13 95
22 5
22 20
22 30
22 35
22 40
22 45
22 60
22 75
22 80
22 85
22 90
22 95
23 0
23 10
23 15
23 25
23 50
23 55
23 65
23 70
30 2
30 12
30 22
30 33
30 43
30 52
30 63
30 73
30 83
30 93
49 3
49 12
49 23
49 32
49 42
70 8
70 17
70 22
70 33
70 43
70 57
70 63
70 77
70 82
70 93
72 0
72 50
73 70
78 32
80 4
80 43
81 18
87 4
87 20
92 45
94 8
95 33
95 43
96 19
