104
0 40
1 38
2 19
2 80
3 31
4 19
4 64
6 54
7 3
9 47
9 73
10 53
16 21
16 75
16 80
17 47
17 90
18 53
19 33
19 66
21 8
21 41
22 35
22 49
22 56
23 22
28 3
28 59
28 84
29 8
29 29
29 89
31 72
32 39
33 57
34 67
34 85
36 19
37 4
39 40
39 94
40 61
40 97
41 27
42 46
45 33
45 80
46 16
46 20
46 55
48 42
48 55
51 32
52 69
53 43
54 67
57 11
57 40
58 9
58 84
60 72
60 79
60 97
61 32
62 55
63 39
63 43
65 65
65 89
66 77
68 19
68 51
69 3
70 87
73 3
73 10
73 95
74 40
76 6
78 18
79 52
80 59
81 22
82 42
82 91
82 93
83 30
86 33
86 52
86 77
88 5
91 81
91 94
92 13
95 49
95 67
95 74
96 95
96 98
97 27
98 7
98 44
98 59
98 80
