104
3 52
4 62
6 51
6 95
7 10
9 14
9 41
10 80
11 2
14 58
15 42
15 75
17 14
17 56
19 25
22 11
23 90
24 86
25 3
26 44
27 51
27 65
28 85
29 29
30 95
31 69
32 21
32 52
33 4
34 9
34 65
35 56
38 63
39 27
40 72
41 6
42 48
43 21
44 53
44 81
44 98
47 91
48 67
50 43
51 53
52 5
52 68
53 26
53 40
54 34
54 88
56 88
57 58
57 79
59 5
59 13
59 22
59 36
59 57
59 97
61 68
62 45
63 54
64 61
64 99
65 13
67 69
67 77
68 55
69 29
70 51
70 70
71 38
71 78
73 17
73 19
74 88
75 28
77 8
78 48
78 53
78 79
80 43
82 13
82 68
82 87
83 91
86 23
86 56
87 7
88 38
89 72
91 16
92 49
92 60
92 77
94 99
96 27
96 28
96 89
97 36
98 7
98 97
99 68
