107
0 0
0 20
0 97
4 42
5 79
7 6
7 57
8 16
9 30
9 54
9 65
10 23
11 13
12 24
16 67
16 81
17 72
18 13
18 42
19 23
19 93
20 40
21 3
21 50
22 19
24 21
25 8
25 53
31 5
32 99
33 34
33 74
34 6
35 53
35 64
36 22
37 39
38 94
39 96
41 31
41 46
42 1
42 40
42 80
44 12
44 56
44 69
44 74
45 94
47 81
47 96
48 2
49 5
50 49
50 55
52 28
53 33
55 23
57 26
57 57
57 83
58 49
59 3
60 83
60 90
63 39
63 78
64 4
64 5
64 44
64 63
67 16
68 29
68 50
68 68
69 12
72 59
74 6
74 31
74 72
75 56
77 34
79 31
79 48
82 5
82 58
82 94
83 23
84 40
87 11
87 63
89 46
90 23
92 95
95 7
95 77
95 85
96 0
96 15
97 26
97 35
97 65
97 99
98 79
98 91
99 60
99 76
