104
0 68
2 93
3 8
3 86
4 50
5 17
5 31
6 95
7 83
8 77
9 88
10 5
10 67
11 88
13 24
14 16
14 41
14 53
16 35
17 8
18 60
18 73
24 54
25 29
27 35
28 18
28 96
29 64
30 24
30 42
31 57
32 17
34 71
34 84
36 13
36 24
36 35
37 7
40 94
41 84
41 99
42 64
45 73
45 81
46 10
46 37
46 92
47 27
47 52
47 82
48 13
48 42
49 3
49 26
49 90
52 81
53 64
55 51
55 59
55 97
56 15
59 38
61 62
62 84
62 96
63 5
63 12
63 55
64 46
65 19
67 26
67 49
70 9
70 63
71 86
73 23
75 72
76 32
76 40
76 47
77 23
77 57
77 64
78 79
80 3
80 12
81 5
83 21
85 1
85 62
86 86
87 54
88 83
89 65
89 80
90 18
90 92
91 5
92 74
94 29
95 96
96 49
96 59
96 81
