104
2 34
2 97
3 71
4 4
4 11
4 42
6 77
7 53
8 21
8 51
9 58
10 81
11 17
12 29
13 3
13 84
16 82
17 54
17 63
18 7
18 35
23 62
25 23
26 52
26 88
26 98
27 18
27 37
29 77
29 81
29 91
32 20
32 40
32 59
34 7
34 50
34 74
36 35
37 53
37 97
38 49
39 11
39 75
41 16
42 28
42 50
45 58
47 7
47 41
48 18
48 75
49 31
49 97
52 43
52 70
55 53
56 46
56 56
57 84
59 33
59 76
62 97
63 24
65 6
65 36
66 50
66 52
66 90
67 64
67 76
68 22
69 27
70 65
70 87
71 77
73 3
75 15
75 71
76 24
77 2
77 35
79 34
79 88
80 52
82 46
83 78
83 83
84 19
84 32
84 60
85 24
87 36
88 85
90 72
90 81
92 45
93 97
96 9
96 25
96 41
97 23
97 68
97 80
98 90
