105
1 11
2 35
2 93
3 0
4 84
5 1
5 65
6 43
7 21
9 8
9 33
10 51
11 21
12 56
12 65
12 73
13 79
14 7
14 90
17 37
18 26
18 64
18 78
19 98
20 14
20 33
22 89
24 20
24 97
25 7
26 41
27 79
28 5
28 56
30 32
33 20
33 86
33 98
38 46
40 26
40 85
40 92
40 95
41 5
41 17
41 63
45 33
47 12
47 27
48 58
49 5
49 85
50 50
51 15
51 77
53 95
54 50
55 71
56 23
57 99
58 66
60 26
61 58
64 22
64 74
65 33
65 51
66 94
69 4
69 98
71 30
74 75
75 39
75 87
76 10
76 21
76 49
76 82
78 13
79 1
80 32
80 55
80 97
82 29
83 84
85 21
85 50
85 63
85 73
87 5
87 10
88 40
90 36
90 65
90 92
92 70
93 17
93 87
94 27
94 67
95 7
95 13
96 61
97 23
97 44
