114
0 19
0 57
0 78
1 10
1 14
2 49
3 69
4 29
4 43
4 58
6 36
7 1
7 33
7 88
8 13
10 46
10 67
11 41
13 52
16 33
17 87
18 41
18 50
18 91
19 15
21 74
24 1
24 32
25 76
26 88
28 95
29 20
29 23
29 46
31 59
33 7
33 66
35 19
36 54
36 86
37 8
37 56
39 25
39 33
39 43
39 63
39 83
42 13
42 60
43 39
44 21
45 2
46 50
49 58
49 68
50 7
50 24
50 41
50 45
50 72
52 32
52 98
54 11
56 50
57 21
58 2
58 62
58 82
60 9
60 35
60 94
61 0
62 70
62 80
63 29
66 43
66 50
66 62
67 27
67 85
69 39
69 71
70 12
73 11
74 69
76 29
77 0
77 79
77 82
78 48
79 56
81 90
82 73
82 77
83 27
85 33
85 44
86 50
86 66
87 97
88 2
88 5
88 84
91 96
92 11
92 31
92 54
92 72
93 11
94 77
95 2
95 46
97 57
99 33
