111
0 61
2 63
3 41
3 49
5 13
5 45
6 85
8 71
12 0
12 56
13 9
14 5
14 40
14 84
15 98
16 69
16 76
17 33
17 83
19 14
20 36
21 24
21 46
25 9
26 93
27 54
27 98
28 8
28 73
29 22
29 36
30 70
31 13
32 47
33 91
33 97
34 72
35 83
36 68
38 9
39 53
39 91
40 35
40 60
41 98
43 24
45 9
45 19
45 86
46 1
46 34
46 69
49 36
49 86
49 94
50 74
52 25
52 43
55 13
56 37
56 50
56 64
58 31
59 71
59 86
60 19
62 63
62 82
62 94
64 2
65 43
65 71
66 49
66 56
67 40
67 61
67 83
70 23
71 43
71 53
71 95
72 2
72 8
72 30
72 92
74 22
74 40
75 58
77 72
78 11
78 44
80 47
81 79
84 2
87 50
87 59
88 94
89 24
89 61
91 13
91 35
94 12
94 20
95 2
95 71
96 76
97 23
97 41
97 47
97 95
98 57
