112
1 94
2 20
4 85
5 79
6 18
6 31
7 7
7 47
7 55
7 64
8 70
9 26
11 30
13 11
13 17
14 71
16 85
16 99
17 39
18 63
19 2
19 93
20 28
20 58
21 75
22 63
23 15
24 50
26 26
26 72
28 88
28 98
30 53
31 55
32 18
33 70
34 9
34 36
36 15
37 27
38 93
39 87
41 38
42 64
43 52
43 73
45 89
46 45
46 52
46 63
47 15
47 19
48 1
49 30
49 69
51 98
52 80
53 6
55 16
55 32
55 92
56 36
56 59
56 90
58 75
59 46
60 54
60 84
61 36
61 69
63 2
63 49
65 20
67 63
68 9
68 28
68 92
69 44
69 83
71 54
73 11
73 52
74 4
75 71
76 38
76 63
77 80
77 91
78 38
79 71
79 81
80 19
80 98
82 2
83 29
83 51
84 15
85 61
88 22
89 71
90 8
90 42
90 57
91 57
92 87
95 30
95 76
95 97
96 9
96 61
97 17
97 34
