107
0 90
1 4
2 0
2 24
2 35
3 12
3 52
4 15
5 70
7 60
10 16
10 52
12 9
12 34
12 45
12 69
12 76
13 93
14 32
15 20
18 16
18 72
18 86
19 54
20 40
20 67
23 4
24 6
25 23
26 88
27 65
30 85
31 93
32 28
33 6
33 96
34 65
34 86
36 3
38 6
38 25
38 33
38 96
40 12
40 34
41 68
43 53
43 81
47 34
47 94
48 90
49 38
51 4
51 89
53 18
56 9
58 77
59 6
59 39
59 47
59 65
60 73
61 55
63 20
64 2
65 27
66 64
67 75
68 12
68 93
70 3
70 40
72 74
72 80
73 27
73 91
73 95
75 98
76 15
76 49
77 65
78 77
79 0
79 92
81 58
81 84
81 96
83 27
83 32
84 28
85 19
85 69
86 9
86 65
89 42
89 90
90 26
90 57
91 77
91 92
94 53
96 6
96 34
96 45
97 22
97 95
99 72
