110
1 86
2 70
3 58
5 76
8 53
9 20
10 10
10 73
10 94
11 83
12 64
13 4
13 20
13 32
15 9
15 66
17 25
18 59
19 37
20 91
21 45
22 44
23 62
24 93
26 2
26 28
28 30
29 12
31 15
31 57
32 49
32 78
32 81
33 24
33 69
37 0
37 41
38 88
39 2
39 52
40 69
42 12
42 63
43 19
43 28
43 62
43 79
44 45
46 34
47 21
48 5
49 41
49 89
51 9
51 48
51 57
54 19
55 68
55 97
56 4
57 22
58 16
58 50
58 76
60 2
62 36
63 8
64 49
64 81
65 59
65 95
67 30
68 88
71 1
72 66
72 81
74 15
75 46
76 35
76 39
76 70
78 57
79 75
79 96
80 22
80 53
81 81
83 8
84 57
85 11
85 91
86 25
87 8
87 65
87 97
90 14
90 72
90 86
91 62
92 90
93 47
93 99
94 62
94 83
95 4
96 42
97 31
97 84
99 35
99 79
