108
1 96
2 27
2 54
2 84
4 56
5 64
5 74
6 16
7 35
7 96
9 73
12 38
13 6
13 9
13 99
14 52
14 64
15 79
17 74
17 85
20 26
20 57
22 46
24 4
24 43
24 88
25 85
26 63
27 31
27 51
31 80
32 31
33 91
34 11
34 22
35 46
35 59
35 76
36 60
37 40
39 69
44 83
44 95
46 51
47 23
47 97
48 12
51 14
51 62
52 66
52 80
52 86
54 43
55 3
55 77
57 86
58 57
58 78
58 98
59 2
59 32
60 61
61 23
62 64
64 8
64 41
65 64
66 57
66 80
67 19
67 33
68 84
71 2
71 49
71 60
71 87
72 84
73 5
75 72
76 64
78 19
78 41
78 88
79 8
80 1
81 58
82 81
83 16
84 24
85 11
86 92
87 40
88 3
88 21
88 60
88 90
90 8
90 32
91 65
91 82
92 98
96 49
97 23
98 59
98 74
99 7
99 38
99 80
