113
0 5
0 16
0 33
0 77
1 44
1 50
1 63
1 89
3 92
7 52
8 10
8 67
9 20
10 36
10 61
10 87
11 0
12 59
13 81
13 93
14 47
15 2
17 39
18 23
20 65
20 95
21 7
25 24
25 91
28 71
30 48
30 66
31 84
32 0
32 58
33 30
33 36
34 44
34 96
36 57
39 20
40 33
41 30
41 43
42 77
44 40
44 90
44 92
45 67
46 1
46 11
46 80
48 51
49 47
50 4
50 13
53 58
54 68
54 93
55 37
57 79
57 85
58 19
60 40
60 71
62 94
63 18
64 1
64 8
67 18
67 37
67 63
68 23
70 10
70 31
70 92
72 42
72 56
72 82
74 78
75 73
76 54
76 86
77 25
79 13
79 78
80 6
81 95
82 3
82 35
82 77
82 88
83 20
84 9
84 41
85 33
86 96
88 48
88 60
89 64
90 52
90 89
92 39
92 46
93 2
93 99
94 27
94 29
95 8
95 11
95 20
96 81
99 67
