124
2 2
2 62
2 68
3 29
4 21
4 81
4 92
5 39
5 49
7 69
8 13
8 90
9 40
9 47
10 3
10 66
11 10
12 60
13 82
13 97
14 31
16 77
17 18
17 91
18 1
18 52
19 21
20 42
21 12
22 10
22 31
22 79
23 61
24 93
27 31
28 2
28 44
29 30
29 66
30 7
30 19
30 40
30 74
32 32
34 9
35 21
35 44
35 66
36 31
36 91
38 56
39 16
39 39
39 80
41 4
42 42
42 98
43 47
44 23
44 85
45 59
46 8
46 67
46 82
47 45
49 2
50 91
51 12
51 29
53 77
55 21
55 48
55 99
56 43
57 8
59 34
60 70
60 84
61 2
61 13
61 54
62 67
64 25
65 76
65 78
66 9
66 30
67 91
69 69
71 2
71 79
72 17
72 54
73 41
75 10
75 36
77 14
77 63
77 88
80 56
81 8
83 10
83 26
83 29
83 83
84 72
84 91
85 56
88 4
88 17
88 43
89 39
91 51
91 67
92 11
92 89
93 34
93 72
94 64
94 79
96 96
97 48
99 1
99 19
