104
1 62
1 86
2 9
2 10
3 35
4 67
6 78
7 45
9 84
9 96
10 20
10 41
11 17
13 52
14 6
14 28
15 18
15 69
18 56
19 2
20 7
21 67
23 42
24 22
24 32
24 74
26 52
27 0
27 73
27 96
29 81
30 10
32 62
34 1
34 17
34 37
34 83
35 76
37 10
37 88
38 26
38 33
39 97
40 57
41 48
42 9
42 46
42 58
42 67
43 0
44 17
44 22
44 58
44 86
46 27
46 95
48 90
49 42
50 75
53 74
53 86
55 7
57 62
58 47
58 96
60 27
60 84
63 7
63 16
64 25
65 66
66 37
68 59
71 44
71 79
72 32
72 97
73 48
74 86
75 10
75 15
75 43
75 68
76 24
78 4
79 80
79 96
80 53
81 91
83 32
83 98
86 17
87 5
87 26
88 13
92 45
92 85
93 23
93 66
94 91
97 23
97 37
98 81
99 48
