106
3 66
3 78
4 31
5 96
6 38
8 89
9 10
10 21
10 25
12 5
13 10
13 60
13 92
14 34
16 21
18 99
19 75
20 30
20 79
21 6
22 28
22 58
22 64
23 71
24 85
25 94
26 62
28 52
29 0
29 22
29 36
30 17
30 45
30 71
31 78
31 94
32 69
35 24
35 27
35 65
37 92
39 7
39 58
41 39
41 73
44 47
44 83
44 98
45 66
46 13
46 71
48 54
50 1
53 25
53 95
55 9
58 27
58 35
58 71
58 98
59 89
62 31
62 46
65 60
66 6
66 65
66 95
67 4
67 18
68 93
69 23
70 53
72 33
72 96
73 15
73 54
75 20
75 45
76 78
79 66
79 71
80 42
81 34
84 6
85 45
85 59
86 13
86 26
86 73
87 22
87 66
87 85
89 52
89 86
91 3
92 35
93 22
96 52
96 65
97 10
97 41
98 46
98 87
98 98
99 5
99 74
