99
1 43
3 9
3 53
5 39
6 24
10 54
11 37
11 64
12 32
14 80
14 87
15 2
15 4
18 36
20 17
20 88
21 54
24 4
24 74
24 99
26 39
26 88
27 59
27 78
29 0
29 15
29 20
30 43
30 55
31 70
32 81
32 88
33 43
33 50
35 36
35 64
37 21
37 94
38 8
38 80
40 46
43 1
43 4
43 31
43 33
43 66
43 89
45 55
46 63
47 77
48 18
50 84
52 93
54 17
54 27
54 47
54 61
56 89
58 35
58 75
59 82
61 58
63 42
64 94
65 20
66 70
67 23
69 16
73 73
73 79
74 34
75 25
75 47
75 69
76 0
76 58
77 14
77 75
78 49
80 90
80 92
81 46
81 69
84 3
86 31
87 16
90 60
91 68
91 93
92 8
93 78
94 53
95 36
95 96
97 29
97 75
98 54
99 44
99 86
