# Penalty: 49181.76023331452
114
0 15
1 6
1 32
2 48
2 96
3 44
4 64
7 22
8 76
8 78
8 88
10 35
11 93
12 53
13 22
13 62
15 11
16 95
17 73
17 86
18 48
18 60
19 33
21 55
22 26
22 70
24 25
25 40
25 81
26 15
26 74
27 60
27 91
28 0
28 7
29 68
31 17
31 52
32 76
32 92
34 38
35 12
35 41
35 63
37 45
37 71
39 27
39 86
41 35
43 78
44 21
44 51
45 87
46 40
47 10
47 60
47 75
48 96
49 12
49 71
50 32
54 37
54 52
54 67
55 10
55 86
56 26
57 24
59 67
61 6
61 91
63 33
63 90
64 97
66 21
66 81
68 43
68 84
69 39
69 94
71 30
71 56
71 64
72 13
73 1
75 69
78 86
79 62
80 26
81 7
81 33
81 45
81 66
81 97
82 1
82 57
83 29
83 51
86 5
88 83
89 20
91 58
92 44
93 19
93 63
93 89
95 99
96 16
96 35
96 77
97 2
97 82
98 49
99 27
