# Penalty: 196273.44499631468
196
4 7
4 14
4 77
5 84
6 62
6 97
7 72
7 88
8 19
8 26
8 54
9 40
9 47
10 35
11 7
11 14
12 97
13 75
13 82
14 19
14 55
14 60
14 70
14 90
15 47
16 29
16 33
17 42
18 7
18 14
20 75
20 82
21 19
21 55
21 60
21 70
22 47
22 99
23 29
23 33
23 93
24 42
25 7
25 49
25 98
26 13
26 58
27 44
27 77
28 62
28 67
28 84
30 22
30 26
30 36
30 89
32 7
32 14
32 98
33 28
33 34
33 68
34 43
35 18
36 86
36 89
37 64
37 75
38 49
38 56
39 7
39 14
40 34
40 62
41 30
41 48
42 79
42 90
43 56
43 84
43 99
44 19
44 72
45 42
46 7
46 70
47 63
47 79
48 98
49 12
49 32
49 39
49 50
49 90
50 57
51 22
51 27
52 84
54 8
54 33
54 40
55 13
55 62
55 75
55 83
56 67
57 22
57 47
57 99
58 30
58 54
58 90
60 7
60 14
60 21
60 56
61 43
62 35
63 62
63 67
63 87
64 99
65 47
65 76
65 89
66 28
67 7
67 14
68 96
70 19
70 55
70 60
70 67
70 74
70 82
70 90
71 47
72 29
72 33
73 42
74 7
74 21
75 34
75 47
76 61
76 99
77 16
77 30
77 85
78 58
78 93
79 68
79 77
80 42
81 7
81 77
82 26
82 54
82 61
83 89
83 96
84 16
84 20
84 73
84 84
85 37
86 43
86 51
88 7
88 14
88 21
88 28
88 91
88 98
89 50
89 75
91 65
91 67
92 44
92 86
93 33
93 54
95 7
95 14
95 21
95 70
96 48
96 56
97 86
98 62
98 94
98 99
99 27
99 35
99 41
99 76
