# Penalty: 43513.901254148695
107
0 6
0 84
1 92
2 21
2 60
2 76
3 54
4 25
4 31
5 53
6 68
7 41
7 82
8 2
8 35
9 62
9 88
11 13
13 55
14 80
15 2
15 89
15 97
17 66
20 36
22 4
22 10
22 27
22 55
24 63
25 20
25 44
25 76
26 87
30 57
30 98
31 4
31 30
32 10
32 36
34 43
35 97
36 65
37 55
38 1
41 23
42 84
45 66
45 81
46 14
46 34
47 61
49 2
51 28
51 85
51 91
52 8
54 93
55 63
56 36
56 40
57 31
57 48
57 73
60 13
60 23
60 44
61 28
62 3
62 54
62 98
66 75
67 83
70 42
71 57
72 8
72 49
73 17
74 78
74 88
75 43
75 97
76 62
77 30
77 61
78 4
78 50
79 84
81 28
81 97
82 35
82 55
83 14
84 69
84 76
85 40
86 88
88 19
89 65
90 84
90 96
91 0
91 48
92 31
92 58
94 88
99 76
