# Penalty: 43477.22350638617
104
0 67
1 73
3 3
3 83
5 66
7 88
8 77
10 50
11 45
12 25
12 32
16 5
16 63
16 83
19 10
19 27
19 34
19 52
20 41
20 68
21 61
24 5
25 26
25 96
26 35
28 15
29 46
29 86
31 31
31 63
32 25
32 40
32 99
33 78
34 17
34 84
39 62
40 22
41 79
42 39
44 54
44 71
44 93
45 0
47 17
47 87
48 44
48 65
49 23
49 38
51 3
52 9
52 90
53 38
53 52
54 47
58 22
58 27
58 29
58 51
58 71
60 3
60 15
63 2
63 21
63 57
63 78
63 89
64 73
67 46
67 63
68 7
70 90
71 53
71 68
71 80
72 13
72 28
72 57
73 76
74 43
77 37
77 98
78 91
79 8
79 52
79 84
80 28
82 69
85 19
85 97
87 41
88 72
89 3
89 60
90 33
90 82
91 9
91 68
94 86
96 54
96 78
97 92
98 61
