# Penalty: 46954.4009133323
109
0 49
1 3
2 76
3 59
5 43
6 14
7 29
7 90
8 84
10 4
10 70
10 76
11 40
11 64
14 26
15 39
15 73
16 14
17 19
17 57
18 83
19 45
20 33
24 11
24 18
24 94
25 56
26 67
26 74
28 66
28 96
29 48
31 39
32 12
34 7
34 97
35 68
36 55
36 86
37 22
37 75
40 41
41 98
43 23
44 17
44 38
44 82
44 89
45 7
45 71
47 57
47 76
47 93
48 64
49 18
49 34
49 47
51 58
52 42
53 14
58 45
59 37
60 6
60 82
63 26
63 55
64 1
64 64
65 99
67 88
68 29
68 51
69 16
69 74
70 2
70 9
70 40
71 84
73 70
74 51
76 24
77 0
78 32
78 67
79 56
81 13
83 28
83 43
83 77
83 84
84 46
85 59
86 65
86 93
87 40
87 95
88 5
88 55
88 73
89 31
90 64
92 21
92 85
93 13
96 59
99 14
99 21
99 73
99 88
