# Penalty: 50113.597103711654
113
1 3
1 52
1 57
3 32
3 66
3 94
4 35
4 95
5 79
6 11
6 16
6 70
7 5
9 72
10 56
11 50
12 92
13 2
13 23
13 27
14 62
15 8
16 46
16 77
20 40
20 48
20 85
21 9
21 95
23 70
24 31
24 64
26 97
27 46
28 26
28 81
28 98
29 49
29 68
30 59
31 8
31 31
31 68
32 44
33 81
33 87
34 25
37 11
37 77
38 53
40 1
41 79
42 18
42 23
43 38
44 1
45 66
46 57
46 86
49 8
49 19
49 44
50 63
51 37
51 70
52 15
54 57
55 14
55 89
56 27
56 35
58 54
59 80
60 2
63 16
63 25
64 66
64 89
65 33
66 71
68 81
70 9
71 50
73 92
74 32
74 40
77 25
77 36
78 8
78 97
79 24
79 27
82 38
83 51
83 74
83 86
84 7
84 29
84 88
89 4
89 14
89 39
90 57
90 69
91 41
93 13
93 26
94 69
95 94
97 22
97 64
98 47
99 41
