# Penalty: 41159.26550443736
97
1 3
5 68
6 3
8 47
8 86
9 59
10 43
14 35
14 90
16 29
17 18
17 59
17 85
19 48
21 75
22 25
22 55
22 92
24 35
28 96
29 36
29 83
30 46
32 9
32 71
33 51
34 21
34 27
34 41
34 99
35 59
38 17
40 50
40 86
41 92
42 73
44 15
44 34
45 11
45 40
46 54
47 47
47 86
49 20
50 23
50 89
51 70
51 97
52 61
59 14
59 24
59 42
59 82
60 19
60 28
61 35
61 98
62 65
64 84
65 71
66 31
66 79
67 43
68 11
69 52
72 26
72 40
73 90
74 16
74 81
75 59
75 75
76 98
77 43
77 66
79 10
79 50
80 72
80 88
81 31
83 61
84 14
84 18
85 46
85 74
86 99
87 50
89 29
91 64
93 46
93 83
94 93
96 50
97 34
97 57
99 26
99 67
