# Penalty: 47293.58797658119
110
0 1
0 76
2 53
2 64
5 30
5 57
5 90
7 8
7 92
8 51
9 74
10 88
11 26
12 40
12 75
13 13
13 68
14 34
15 51
15 57
15 79
15 94
18 29
18 97
19 20
19 53
20 25
22 4
22 17
22 44
22 81
23 51
25 7
26 74
26 93
28 28
28 97
29 30
29 62
30 11
30 75
37 7
37 67
39 13
39 19
39 64
40 34
41 94
42 80
44 76
45 92
46 11
46 55
47 95
49 81
50 26
50 39
50 60
51 22
52 46
54 90
55 11
57 59
59 18
59 97
61 15
61 69
63 4
63 20
63 26
63 87
64 11
64 43
64 56
64 98
65 68
65 91
68 59
68 76
69 1
70 16
71 79
74 14
74 96
76 32
77 2
77 64
78 23
81 36
82 8
83 15
83 40
84 64
84 73
84 77
85 55
87 2
87 63
89 88
90 5
91 93
92 50
92 81
93 13
94 47
96 5
96 32
96 64
97 28
97 61
