# Penalty: 41663.56803297737
106
0 97
2 2
2 27
2 40
2 68
3 91
4 74
5 22
6 97
8 33
9 3
9 15
9 72
13 54
13 64
13 96
15 6
15 19
15 92
16 72
17 46
17 61
18 57
21 37
21 45
22 8
23 43
24 89
26 85
26 97
27 20
30 76
31 30
31 49
31 85
32 8
32 92
33 25
35 22
35 57
37 34
39 83
40 9
40 55
42 50
44 11
45 21
46 87
48 2
49 39
49 52
49 72
50 26
51 62
53 74
54 8
54 91
55 25
55 88
56 39
57 5
57 16
57 96
58 45
58 69
60 65
61 50
61 77
62 3
62 33
63 13
65 20
66 99
67 73
67 91
69 12
70 50
70 59
72 70
73 24
76 90
78 59
78 97
79 35
79 48
81 89
82 26
83 14
84 95
85 62
87 56
89 66
91 5
92 20
92 86
93 31
93 47
94 14
95 59
97 2
97 25
97 68
98 89
98 99
99 40
99 79
