# Penalty: 45420.344678287736
109
0 89
1 96
2 28
3 4
4 16
5 76
6 65
6 87
7 39
8 57
10 15
10 78
10 97
14 24
14 58
14 71
16 47
17 8
17 33
21 58
21 75
21 91
22 53
24 21
24 36
25 85
27 25
28 7
28 12
28 78
28 97
29 75
30 44
31 51
31 58
31 65
33 32
33 83
34 13
34 68
34 97
36 76
37 5
38 26
39 90
40 0
40 14
41 62
42 53
43 78
45 94
46 37
47 43
47 66
48 31
49 1
50 57
51 68
52 27
52 41
54 54
54 92
56 74
56 77
59 1
59 22
59 59
60 11
60 28
61 91
64 19
65 56
66 83
66 90
68 10
69 32
71 16
71 26
74 35
75 8
75 74
76 61
77 40
78 53
79 24
80 96
81 89
85 50
85 78
86 11
87 2
87 61
87 69
87 91
88 37
91 30
91 97
92 64
93 78
94 20
95 63
96 47
96 57
97 14
97 42
97 95
98 5
98 36
99 29
