# Penalty: 43894.229533541424
103
0 17
0 32
0 51
3 3
3 60
3 86
4 8
4 20
8 44
8 53
9 9
9 72
10 60
10 77
11 89
11 98
13 14
14 32
15 9
15 39
16 19
16 49
17 54
19 42
19 62
19 89
20 69
22 4
22 25
23 81
25 0
26 56
26 71
26 98
26 99
27 23
27 36
32 12
32 39
32 83
34 56
36 45
37 98
38 21
38 34
40 40
42 30
42 63
43 2
44 75
46 42
48 33
48 98
50 79
51 13
52 34
54 86
56 16
57 31
57 42
58 58
59 60
61 24
62 4
65 15
65 52
66 30
67 0
67 10
67 98
69 50
69 59
70 34
71 87
74 80
74 93
75 29
76 87
77 10
77 60
77 68
78 34
78 77
79 55
80 90
82 84
84 95
85 64
86 12
86 22
87 46
87 74
88 87
90 6
90 67
91 44
92 19
93 78
95 53
95 87
98 7
98 66
99 66
