# Penalty: 47234.76603959511
114
1 0
1 4
2 29
2 83
2 93
4 67
5 23
5 34
5 59
7 17
7 90
8 79
8 97
9 26
11 50
11 57
13 31
13 94
14 73
15 5
18 79
19 60
20 20
22 39
23 47
24 30
25 4
27 8
27 73
28 50
28 61
29 12
29 96
30 45
30 87
31 2
33 91
35 43
35 63
36 51
37 19
37 28
38 67
39 4
39 11
39 33
39 83
41 59
42 80
45 47
46 85
47 39
48 62
49 17
52 31
53 11
54 45
56 5
56 20
56 72
58 5
58 35
59 59
59 96
62 46
62 77
62 85
65 26
65 33
66 75
67 62
68 24
69 60
70 14
70 74
71 5
72 40
73 3
73 63
74 23
74 85
77 54
78 37
79 13
80 43
82 45
82 92
83 14
83 27
83 64
84 56
88 25
89 36
89 64
90 83
91 72
92 55
92 98
93 15
93 82
93 91
94 40
95 47
95 61
95 99
97 0
97 13
97 75
97 90
98 8
98 39
98 65
99 22
99 30
