# Penalty: 42812.38390176969
106
0 82
1 87
3 51
5 3
6 47
7 12
7 22
7 83
11 44
11 61
12 29
12 54
14 13
14 78
15 21
15 28
17 57
17 98
19 5
20 7
22 52
22 80
22 89
23 44
25 84
26 28
28 45
29 12
29 58
29 65
29 94
30 20
31 42
32 69
33 4
33 19
36 34
36 52
36 62
36 98
37 87
39 76
40 12
41 49
41 91
43 9
45 22
45 56
47 40
48 25
48 37
50 97
51 52
55 11
55 25
55 47
55 59
56 16
57 92
58 66
60 38
61 18
61 86
63 8
63 74
63 81
64 40
65 37
65 68
67 26
69 91
71 19
71 61
72 6
73 33
73 45
76 19
77 79
77 99
78 27
78 64
78 70
78 84
79 0
81 36
82 19
83 41
85 27
87 61
89 8
89 12
90 86
91 78
91 96
93 16
93 56
94 26
94 72
95 29
96 2
96 40
96 52
96 75
96 87
97 66
98 83
