# Penalty: 44461.74636160524
109
0 39
2 46
2 74
3 25
3 53
3 87
4 64
4 91
6 5
7 30
7 55
9 46
9 85
9 98
11 27
11 74
12 10
12 12
14 51
15 1
15 37
16 21
16 36
16 60
17 2
18 20
20 93
22 14
22 49
24 33
24 67
25 96
27 51
27 91
28 77
30 27
31 18
31 67
31 79
32 14
33 2
33 67
33 93
37 48
37 91
40 93
43 20
43 59
44 34
44 68
47 37
47 95
48 1
49 26
49 30
49 46
49 77
50 52
52 13
52 91
55 7
55 81
56 17
56 56
56 60
58 20
58 92
59 28
59 68
60 37
61 85
62 62
63 99
64 74
64 76
65 3
67 33
67 94
69 15
70 81
71 95
73 24
73 75
76 47
77 7
78 83
79 44
79 87
83 2
84 49
84 61
85 4
87 57
88 3
88 87
89 41
89 63
89 95
90 17
91 55
92 95
93 76
93 85
94 2
95 28
96 46
97 49
97 76
98 64
