# Penalty: 48839.57386584277
112
0 47
1 7
1 28
2 83
3 38
4 58
4 98
5 43
5 90
7 6
7 93
8 32
8 49
10 7
10 19
10 67
12 7
14 40
14 76
14 96
17 17
17 22
18 93
19 15
19 60
20 2
20 69
21 25
22 37
22 85
23 4
25 36
25 52
25 72
25 74
28 96
29 34
29 85
30 20
32 62
32 91
34 72
35 14
37 45
37 97
38 23
40 14
40 85
41 73
42 53
42 65
43 35
47 37
48 87
50 3
51 5
51 19
51 25
51 63
52 84
53 13
54 22
54 97
55 61
56 3
56 51
57 6
57 39
58 89
61 28
62 67
64 52
65 17
66 11
68 41
69 3
69 8
69 15
69 98
70 37
72 26
72 55
73 72
76 2
76 25
77 93
78 16
78 66
78 74
79 40
79 52
81 49
83 39
83 83
84 20
84 71
85 86
86 56
88 13
91 25
91 51
91 78
92 43
94 30
94 68
95 10
96 60
96 82
97 4
97 84
98 24
99 96
