# Penalty: 54682.352835770245
87
0 63
1 38
1 83
2 32
3 18
3 44
3 93
4 48
5 12
5 23
5 32
5 78
8 82
9 16
9 69
9 76
9 88
10 61
12 21
12 39
12 53
12 98
14 72
15 16
15 59
15 92
16 46
17 24
17 30
18 77
19 69
19 99
20 56
21 42
21 88
22 34
23 51
24 28
24 76
25 65
25 72
25 96
26 41
27 55
29 91
30 32
30 66
30 97
32 84
33 94
34 72
35 39
35 55
35 79
36 61
37 69
37 98
38 47
40 85
45 56
45 79
45 99
47 63
48 90
50 53
52 75
53 61
53 86
55 68
58 90
59 76
60 66
61 84
62 74
62 99
63 65
65 95
66 89
68 80
69 74
72 97
75 95
76 87
81 97
82 89
88 93
94 98
