# Penalty: 40239.57387319851
94
1 9
1 84
4 3
4 18
4 32
4 99
6 93
9 40
9 98
10 8
10 62
11 48
12 17
12 67
12 75
13 3
14 82
15 53
17 1
17 14
17 47
17 70
18 25
19 7
20 19
20 31
20 92
21 99
23 40
24 24
25 78
26 59
26 66
27 27
28 8
28 20
28 46
28 94
29 84
31 36
31 46
32 26
33 94
37 35
37 83
38 17
38 55
39 89
40 9
41 40
43 73
45 31
47 9
47 22
48 48
50 17
50 61
52 94
54 25
54 67
55 35
56 43
57 54
59 8
61 21
61 58
62 71
65 66
66 2
67 93
68 5
68 47
72 69
73 55
73 79
74 92
75 17
78 87
79 5
79 11
82 78
83 88
85 48
88 69
88 88
89 23
90 47
93 79
96 90
96 95
97 28
97 37
98 49
98 98
