# Penalty: 43901.39581732677
107
0 79
0 87
1 6
2 33
2 56
3 42
4 62
5 29
6 22
6 72
6 94
7 37
9 13
10 86
11 45
11 78
12 64
14 25
14 31
15 50
16 74
17 2
17 18
17 70
20 33
22 21
22 46
22 84
23 6
23 70
26 53
26 71
27 61
28 22
28 27
28 96
31 33
31 85
33 9
34 37
35 30
35 47
35 52
35 70
36 89
37 60
39 4
40 78
42 25
42 93
43 10
45 39
46 33
47 61
47 81
48 73
49 38
50 54
51 4
51 98
52 77
52 89
53 29
56 37
57 6
57 21
58 12
59 69
59 82
60 42
63 50
64 5
64 23
67 19
70 4
70 24
70 49
72 41
72 75
74 83
75 96
76 61
77 17
77 36
78 49
78 54
78 90
81 13
83 27
84 5
84 37
84 56
84 67
84 97
86 91
87 49
89 11
89 22
90 34
90 85
92 52
92 79
95 9
96 31
96 71
98 58
99 42
