# Penalty: 44810.53986712934
104
0 11
0 18
0 26
0 41
0 55
0 61
0 87
0 93
1 78
2 2
2 34
2 70
3 48
8 54
10 1
10 19
10 25
10 34
10 87
11 10
11 62
12 42
12 70
12 78
12 94
13 48
28 34
29 94
30 1
30 61
30 86
31 18
31 26
31 42
31 54
31 70
32 10
32 78
33 48
39 70
39 78
39 86
40 3
40 9
40 35
40 41
40 55
40 62
41 18
41 26
42 94
43 48
48 2
49 18
49 42
49 70
49 78
50 9
50 54
50 62
50 87
50 95
51 26
51 34
53 48
58 18
58 54
58 62
59 2
59 26
59 34
60 11
60 71
60 77
60 93
61 42
61 86
63 48
68 54
68 78
69 42
70 2
70 26
70 62
71 10
71 34
71 86
72 18
72 70
72 94
73 48
88 2
89 54
89 70
89 86
90 10
90 25
90 35
90 63
90 79
90 94
91 18
91 42
93 48
