# Penalty: 43852.843893194535
104
3 7
3 62
3 90
4 35
6 2
6 21
6 74
8 4
8 27
8 45
9 16
9 49
9 83
12 12
12 53
13 26
13 37
13 64
13 89
13 94
16 15
16 69
18 45
18 78
20 30
20 34
22 24
23 55
24 47
24 61
24 81
24 95
27 14
27 65
28 29
28 83
29 73
30 77
32 4
32 34
33 94
34 61
36 6
36 35
39 43
39 75
39 96
40 21
40 65
41 34
42 54
43 67
45 7
47 38
49 17
51 90
52 23
52 62
56 67
57 34
57 42
57 58
57 87
58 73
58 80
60 23
61 62
63 16
63 37
66 71
67 61
68 85
68 98
69 34
70 8
70 55
72 67
73 1
73 26
74 46
74 92
75 32
82 37
83 98
85 5
85 74
85 93
86 48
86 61
87 10
87 27
87 83
90 12
90 43
90 73
91 37
91 98
92 33
92 82
94 52
96 33
96 90
98 75
99 67
