# Penalty: 49096.02637861224
111
0 32
1 97
2 0
2 10
3 26
3 36
4 50
4 64
4 91
11 3
11 58
12 26
13 43
14 78
16 8
17 50
18 22
19 13
19 30
19 60
20 18
21 72
21 83
21 91
21 97
23 1
23 41
25 12
25 24
26 68
27 96
29 9
29 31
29 35
30 24
30 84
31 72
32 18
33 40
33 95
34 3
37 46
38 53
38 72
40 4
40 26
42 7
43 41
43 79
45 88
46 12
47 67
48 28
48 55
50 95
51 2
52 42
53 13
54 60
54 80
55 91
56 48
56 70
57 16
59 99
60 88
61 22
61 46
61 69
62 35
63 84
65 6
67 1
67 91
69 48
69 81
71 33
72 8
72 58
72 68
73 15
75 77
77 31
77 68
78 2
78 9
78 63
79 23
80 50
80 95
81 29
82 82
82 89
83 40
83 77
84 15
84 21
86 91
87 0
87 73
88 42
89 24
92 64
93 18
93 47
93 84
94 41
96 75
97 12
98 34
99 82
