# Penalty: 42100.754180151846
106
0 57
1 12
1 28
1 46
2 17
2 79
3 4
3 42
3 99
4 11
6 76
7 19
7 30
8 39
9 61
10 95
14 16
14 28
14 77
14 90
16 10
17 81
19 3
19 95
20 30
21 85
21 95
22 8
22 54
23 47
24 35
26 23
28 74
29 32
29 42
29 88
30 18
30 25
31 66
31 96
32 90
34 75
35 7
36 96
37 41
38 60
39 85
41 17
41 44
42 39
43 92
44 28
45 7
45 50
46 44
46 80
47 22
49 65
50 4
50 98
51 56
53 1
53 49
53 93
54 10
56 19
56 35
58 89
59 72
61 16
61 26
63 57
63 64
65 10
65 82
65 95
66 42
67 43
68 73
70 85
70 87
72 29
72 56
73 40
73 77
76 0
76 11
78 21
78 62
80 32
81 23
82 56
83 74
84 89
85 4
90 30
90 94
91 44
91 66
92 10
92 37
93 61
93 90
95 80
97 85
98 27
