# Penalty: 45005.97124283545
109
0 16
0 69
1 12
2 48
2 53
2 77
2 99
3 24
5 33
9 2
9 45
11 63
12 16
12 73
13 91
15 29
15 99
16 9
16 65
17 84
18 40
18 56
23 25
23 43
23 75
24 1
25 38
25 68
26 21
26 60
26 85
26 90
28 26
28 97
30 19
32 46
32 52
32 61
33 7
34 91
35 39
35 85
38 92
39 26
39 54
39 65
40 0
40 15
40 75
43 9
44 35
44 54
47 65
48 1
48 58
48 75
49 19
50 97
51 43
51 72
53 48
54 34
55 45
55 56
55 81
57 61
58 0
58 32
59 39
60 45
62 95
63 83
65 0
65 74
66 5
66 31
68 46
68 66
69 14
71 34
72 24
73 5
73 74
74 58
74 99
75 45
76 43
76 91
80 98
82 22
83 53
83 60
84 3
84 78
85 46
86 10
86 35
86 69
87 71
88 31
89 26
95 37
95 54
97 67
98 2
98 22
98 84
99 58
99 78
