# Penalty: 43629.60809659089
106
1 52
2 30
4 77
5 29
8 1
8 14
9 52
9 89
11 35
13 65
14 2
14 71
15 50
15 77
16 8
16 28
18 59
18 82
19 65
21 15
24 54
25 92
26 28
27 38
27 63
27 75
30 3
30 12
32 58
33 97
34 4
34 37
34 46
35 87
37 65
37 71
39 22
39 55
42 95
43 21
43 47
44 13
47 25
47 80
47 90
48 59
49 38
49 70
50 75
51 18
51 57
53 31
53 77
54 92
55 3
55 36
55 69
57 19
57 54
57 59
61 28
61 46
61 95
62 3
62 20
64 32
65 69
66 75
67 28
68 13
68 49
70 2
70 42
73 65
74 95
75 17
75 86
77 2
78 5
78 15
78 78
79 28
79 38
79 61
83 14
84 24
84 83
85 49
86 43
86 70
89 45
90 56
90 79
91 6
91 34
92 20
92 65
94 1
94 27
95 72
95 94
96 11
96 90
97 95
98 35
98 80
