# Penalty: 43085.569173742864
105
0 19
1 72
2 57
2 94
3 20
3 28
3 61
4 3
4 37
4 96
6 37
6 86
7 8
7 99
9 20
9 70
11 62
12 1
15 50
18 10
18 59
18 73
20 15
20 94
21 43
24 55
25 5
25 84
26 30
27 38
30 30
30 73
32 6
32 82
32 87
33 19
33 24
33 67
35 49
39 55
39 76
40 25
40 94
43 23
43 33
44 0
44 15
44 85
45 8
45 79
49 99
50 83
51 27
52 53
53 33
53 78
56 12
56 23
56 42
56 84
57 69
57 93
58 31
58 60
60 78
62 9
62 15
62 63
63 43
63 97
64 52
64 69
65 2
65 89
66 84
71 98
73 60
74 24
75 11
75 85
76 52
77 0
81 11
82 35
83 57
83 77
83 84
84 22
87 15
87 37
87 51
87 69
88 87
89 13
89 29
89 80
91 97
92 68
92 75
93 2
93 26
93 58
94 78
94 85
96 41
