# Penalty: 52917.5505673108
118
0 51
1 6
1 94
2 65
3 39
4 22
4 88
5 57
8 41
8 73
9 2
9 98
11 18
11 62
13 81
13 90
14 34
14 46
14 56
15 67
18 17
18 93
19 82
22 11
22 25
22 33
22 41
23 4
23 67
23 88
24 56
24 75
27 9
27 42
27 62
27 75
28 90
29 20
29 29
31 4
31 69
33 25
35 13
36 79
37 63
38 56
39 5
40 23
42 44
42 86
44 95
45 21
46 66
47 13
48 4
48 91
49 48
49 75
52 14
52 23
52 38
52 65
55 21
55 52
56 31
56 45
56 83
57 78
57 91
61 30
61 98
62 2
62 53
64 20
64 64
65 8
65 54
66 12
66 29
68 71
69 20
69 37
69 81
69 88
70 4
70 45
70 93
70 97
73 15
74 80
76 74
76 89
77 5
78 61
80 50
82 95
83 18
83 62
85 13
86 30
87 22
87 90
88 51
89 0
89 74
90 79
92 80
92 94
93 72
94 38
94 62
95 9
95 24
96 17
96 98
97 84
99 3
99 38
