# Penalty: 46533.512201342106
113
0 25
1 37
2 9
2 45
2 71
2 99
3 17
4 83
5 86
6 38
6 97
8 10
8 49
8 64
10 0
10 58
11 31
12 20
13 15
16 99
17 80
19 46
21 2
21 55
22 16
22 19
22 64
22 88
23 75
24 16
24 79
28 31
29 74
30 8
30 55
30 62
34 28
34 92
35 49
35 61
35 96
36 12
36 20
38 35
38 85
41 63
42 6
42 26
42 44
43 3
43 72
45 91
47 60
48 11
48 99
50 22
51 31
52 0
52 81
53 7
53 16
54 34
55 40
55 87
56 48
57 58
57 79
58 90
60 73
61 7
63 23
63 86
64 39
64 52
66 79
66 95
67 65
71 12
71 59
72 69
74 39
77 86
77 98
78 68
82 23
82 79
83 20
83 50
83 77
84 63
85 0
85 48
86 36
87 99
88 29
89 11
89 91
91 22
91 66
91 83
92 62
93 4
94 50
95 79
96 1
96 94
97 19
99 23
99 32
99 42
99 56
99 60
99 90
