# Penalty: 47760.86584026616
109
2 70
3 51
4 1
4 92
5 65
6 31
6 82
7 20
9 91
10 6
13 75
14 55
14 98
15 37
17 55
19 78
19 91
20 47
21 15
22 82
24 41
24 57
25 10
28 5
28 52
28 71
28 92
31 19
33 41
33 54
34 10
35 77
38 18
39 64
40 82
41 3
41 14
42 43
44 14
44 68
44 76
45 5
45 48
46 22
46 34
47 56
48 80
51 61
53 75
54 43
54 79
55 37
55 69
55 90
56 24
56 30
56 58
56 99
57 51
58 57
59 3
59 97
60 39
61 7
61 76
61 86
64 34
65 17
66 19
66 64
68 94
69 8
69 56
69 72
70 48
72 24
73 43
74 3
74 65
74 71
75 80
76 96
77 21
77 51
77 60
80 2
82 20
82 98
83 44
83 74
85 10
86 39
86 63
86 89
86 96
87 34
88 23
88 68
93 35
93 46
94 5
95 51
96 11
97 54
97 99
98 23
98 66
98 90
99 28
