# Penalty: 50524.65049719606
111
0 13
0 92
1 32
1 40
1 52
1 82
2 26
2 59
5 19
7 5
8 44
8 82
9 37
10 31
10 63
11 25
12 57
14 48
15 69
16 43
17 58
18 85
19 15
20 64
22 0
22 29
22 47
23 11
25 38
25 75
25 79
25 94
26 14
26 23
28 70
31 14
32 56
33 25
33 34
33 44
34 88
38 26
38 96
40 49
40 81
41 11
44 6
44 55
45 63
46 34
48 24
49 42
49 77
49 88
50 14
51 7
52 18
53 63
55 31
55 83
56 14
56 89
57 0
58 24
58 41
58 77
60 50
61 18
61 59
63 40
64 97
65 75
66 23
67 47
67 88
68 19
68 61
69 70
69 82
70 26
72 52
74 6
74 44
74 81
75 34
75 93
76 13
77 96
79 30
79 52
80 37
80 79
80 86
82 10
83 97
84 33
84 73
85 19
85 68
86 40
87 90
88 82
89 44
91 53
92 23
94 90
95 27
96 38
96 45
97 13
97 75
