# Penalty: 49690.431195412595
115
0 60
0 89
2 15
3 25
4 45
4 84
5 10
5 39
5 43
5 72
5 77
6 97
7 30
8 9
9 68
9 97
11 31
11 56
12 17
12 46
12 92
14 3
15 76
18 50
18 89
19 16
23 6
23 27
23 84
25 19
25 41
26 92
27 47
27 63
28 69
30 4
30 28
30 85
32 25
33 16
33 90
33 98
34 76
35 45
37 37
37 53
37 70
38 2
41 78
41 98
45 14
48 69
48 79
48 82
48 99
49 36
52 28
53 0
53 89
55 32
55 63
56 44
56 58
57 35
59 94
60 66
60 70
60 81
61 11
62 9
62 33
63 55
64 9
64 45
64 88
65 95
66 24
66 50
66 90
68 57
69 80
70 1
70 94
71 44
73 28
73 81
74 35
74 47
75 62
76 20
79 31
79 64
80 81
80 83
80 85
82 14
82 42
82 73
84 7
85 63
88 79
88 97
89 14
90 19
91 53
92 35
94 4
95 8
96 55
97 0
97 39
97 77
97 93
98 18
98 64
