# Penalty: 43156.86682241144
108
1 8
1 23
1 82
2 34
2 90
5 54
7 20
7 42
8 32
8 58
9 3
9 97
11 74
13 11
13 80
14 23
15 98
16 51
16 67
16 87
16 92
19 20
19 31
20 6
22 84
23 90
25 53
26 15
26 31
27 79
29 95
30 56
32 10
32 24
32 39
33 56
34 45
35 28
35 78
35 92
36 50
38 6
38 99
40 75
41 42
42 16
42 58
42 81
42 91
43 6
46 33
47 39
47 79
48 67
49 58
49 94
51 20
53 65
54 13
54 93
55 24
55 51
56 35
57 5
57 41
57 70
58 10
61 73
63 17
64 25
64 65
67 22
67 45
68 17
69 87
70 23
71 33
71 91
74 50
75 42
75 57
78 4
78 61
78 74
80 9
81 35
81 66
82 98
84 37
85 86
86 22
86 42
86 61
88 74
89 53
91 41
92 54
92 83
93 4
94 24
94 73
96 96
97 41
98 1
98 14
98 73
99 30
99 84
