# Penalty: 45417.50789225653
86
2 5
2 17
3 0
7 30
9 34
13 7
15 18
15 26
15 43
16 10
18 6
19 35
20 49
24 42
25 25
27 7
27 15
31 41
37 13
39 34
47 35
50 21
50 28
51 1
51 9
53 38
54 16
54 22
54 44
55 4
58 27
58 50
61 43
65 27
65 61
66 69
67 54
68 10
69 34
70 26
70 87
72 17
72 47
73 69
73 78
73 96
74 61
75 85
76 16
76 53
77 28
77 65
78 2
78 46
78 90
80 97
81 11
81 60
82 44
82 69
82 86
83 24
83 35
83 56
83 74
84 29
86 12
86 19
86 80
87 49
88 0
88 8
88 97
89 76
91 32
91 59
92 7
92 82
92 92
93 54
93 69
95 5
96 47
97 29
97 83
98 10
