# Penalty: 37299.20739141714
97
1 3
2 11
3 54
3 97
5 22
7 1
10 12
10 65
12 75
14 54
15 43
15 78
19 16
19 93
23 51
24 85
25 36
25 64
26 44
26 75
28 23
28 56
31 18
31 33
31 63
33 39
33 90
34 8
35 57
37 13
37 80
38 91
38 99
39 4
41 70
42 20
42 54
43 98
44 8
45 24
45 40
46 32
46 57
46 67
48 75
49 96
51 5
53 50
54 31
55 12
55 23
55 44
57 79
59 25
59 92
59 99
60 5
60 65
61 58
62 46
64 2
64 88
65 7
65 81
66 35
67 41
67 52
69 21
69 91
70 27
71 4
73 59
73 68
73 72
75 18
75 30
75 48
75 54
79 6
79 80
80 40
80 99
81 91
83 19
83 58
85 28
87 53
87 90
89 9
90 34
90 48
92 25
93 57
96 78
97 1
97 89
98 34
