# Penalty: 45960.485914609686
106
0 30
1 23
1 59
2 50
4 97
7 17
7 98
8 55
9 38
10 80
11 27
11 58
11 62
12 32
12 77
13 16
14 2
14 33
14 95
17 84
18 34
18 44
21 64
23 22
24 50
27 26
27 78
28 44
30 92
31 18
31 24
31 89
32 8
32 32
32 40
34 3
35 15
35 66
36 59
38 22
39 69
40 45
40 54
40 74
41 25
42 89
43 48
44 13
44 21
45 72
46 37
48 16
49 20
50 37
50 53
50 90
51 67
53 79
54 45
54 94
55 85
56 36
58 77
60 7
60 58
61 89
62 97
63 44
66 15
66 30
67 4
67 92
68 69
68 81
69 44
71 39
72 60
73 31
74 46
74 50
74 87
77 74
79 65
80 18
80 35
81 75
82 5
83 81
84 18
86 64
87 10
88 33
88 43
88 65
89 61
90 89
91 49
91 76
92 14
94 8
95 27
95 73
96 49
96 87
98 22
99 99
