# Penalty: 47000.498140586315
112
0 91
1 62
2 11
3 21
6 37
6 76
6 87
7 5
8 82
9 21
9 59
9 96
11 62
12 96
13 39
14 50
14 91
16 9
20 90
20 94
21 7
21 66
22 17
22 44
22 59
23 34
24 76
25 50
25 60
27 4
27 29
28 69
30 87
31 41
31 95
33 29
33 89
35 11
35 70
36 25
36 50
36 64
38 4
40 44
41 77
42 14
42 55
43 98
44 26
45 84
46 45
46 70
47 31
47 60
47 95
48 8
49 7
50 80
52 32
52 79
52 87
53 3
53 35
53 54
54 18
54 97
55 73
58 7
58 33
60 64
60 88
62 11
62 51
65 22
65 29
65 48
65 76
67 18
68 3
68 67
69 14
71 62
72 17
73 53
73 64
75 42
76 99
78 39
79 5
79 45
79 85
79 90
80 72
82 74
83 83
84 27
85 96
87 55
89 64
91 10
91 52
92 13
92 40
94 82
94 87
95 77
96 29
96 46
98 8
98 36
98 55
98 65
