# Penalty: 49774.46263836243
112
0 2
1 44
2 10
2 53
2 81
4 85
5 3
5 61
5 96
6 12
7 79
8 19
8 28
11 12
11 22
13 72
14 33
15 96
16 49
17 18
17 67
19 7
20 32
21 24
21 39
22 8
22 79
26 29
26 99
27 75
28 6
28 20
28 27
29 56
30 49
33 41
33 70
33 86
34 13
35 49
37 26
38 35
39 54
39 83
40 41
42 90
44 35
45 29
45 41
45 62
47 57
50 70
50 85
51 2
51 76
52 13
53 63
54 47
54 95
56 24
56 36
57 30
59 48
59 69
60 8
61 11
61 60
61 86
62 79
63 14
64 66
64 98
66 4
66 39
66 46
67 19
68 78
70 53
72 84
73 37
73 59
73 94
74 78
75 54
76 30
77 99
79 63
79 82
79 96
81 11
81 88
83 18
83 39
84 83
86 16
86 48
86 57
87 3
87 28
87 42
89 92
90 64
94 38
94 89
95 63
96 2
97 8
97 14
97 78
98 49
99 20
99 38
