# Penalty: 44883.21502170594
109
0 27
1 96
2 8
2 85
3 58
3 62
4 5
4 19
5 45
6 22
7 40
7 99
9 73
10 39
11 85
12 32
14 49
14 72
15 90
18 64
19 93
21 41
22 62
23 24
24 74
24 83
24 99
26 26
26 43
26 56
26 74
29 47
30 62
30 70
31 23
32 9
33 1
35 70
36 72
37 38
38 24
38 82
39 9
39 48
42 58
43 31
43 52
44 70
45 3
47 60
47 97
48 41
49 93
51 10
51 24
51 45
51 85
51 97
52 67
54 0
54 84
55 89
58 37
60 58
61 45
62 67
64 58
64 98
66 30
67 9
67 85
67 89
68 49
69 4
70 35
70 58
70 95
73 33
74 20
74 22
74 66
76 43
76 60
79 7
79 78
82 72
84 66
84 91
85 24
85 52
86 31
86 39
86 49
87 1
87 8
88 89
91 33
92 56
92 60
93 26
96 42
96 78
97 12
97 18
97 27
97 56
97 73
99 9
99 86
