# Penalty: 47859.356214367006
110
1 86
2 35
3 18
5 50
6 53
7 75
8 44
8 81
10 16
10 27
12 13
12 64
13 99
14 91
15 24
15 49
16 65
18 20
18 51
18 71
18 89
19 63
20 37
21 7
22 93
23 12
24 36
25 1
25 80
26 27
26 45
27 62
27 79
29 27
29 48
30 10
32 40
32 68
36 48
36 50
36 77
37 4
37 8
39 59
39 80
41 14
42 36
42 40
43 24
45 18
45 63
48 93
49 27
49 55
49 82
50 94
51 6
51 23
51 31
52 77
53 41
53 84
54 65
55 2
56 12
60 83
60 89
61 71
64 98
65 1
65 17
65 54
68 64
70 3
70 85
71 47
73 42
73 60
73 75
73 79
75 68
76 42
77 32
78 20
79 10
80 88
81 23
83 96
84 33
84 76
85 54
86 10
88 43
88 58
89 71
90 16
90 27
90 86
90 94
92 1
92 7
92 83
93 72
94 60
94 74
96 54
97 4
98 24
98 34
99 96
