# Penalty: 42919.35380267261
107
1 96
2 29
2 55
3 64
3 91
3 93
4 49
5 15
7 67
8 61
9 3
9 31
9 46
11 80
11 97
13 40
14 71
15 5
16 35
17 25
20 61
20 67
20 90
21 45
22 10
24 72
25 93
26 83
27 49
28 6
28 32
29 23
29 56
29 95
31 15
31 69
34 11
36 4
36 31
36 42
36 62
36 78
37 82
44 82
45 28
45 92
46 17
46 41
47 3
49 57
50 34
51 25
51 52
52 84
53 0
55 17
55 40
56 28
56 96
59 27
59 65
60 2
60 88
61 45
61 68
61 81
62 36
62 62
63 18
65 91
66 81
67 44
67 54
67 73
71 40
72 94
73 2
73 9
74 69
75 25
75 32
75 48
75 55
75 84
79 42
81 81
81 89
82 22
82 59
82 73
85 53
87 99
88 10
89 69
90 13
91 97
92 30
92 46
92 59
94 78
96 6
96 69
97 34
97 40
97 59
97 91
98 23
