# Penalty: 51745.46190987225
113
0 34
0 90
1 10
1 43
4 50
4 84
5 41
6 27
6 85
7 2
7 70
9 38
9 50
11 7
11 62
12 17
12 20
12 91
14 57
15 29
17 80
18 49
18 93
20 36
21 65
23 42
23 52
24 54
25 5
27 32
27 60
29 76
29 91
30 52
30 65
32 3
32 21
33 65
34 50
35 59
36 80
37 80
38 7
39 10
39 71
40 35
40 88
42 79
42 91
43 20
43 51
44 10
45 41
46 0
46 43
46 99
47 30
48 25
50 62
51 5
51 54
52 62
53 43
55 73
56 25
56 77
56 94
58 86
60 64
61 64
62 11
63 21
63 87
66 12
66 57
67 20
67 28
69 97
71 83
72 39
73 24
73 79
73 90
74 61
75 51
76 47
78 48
79 23
79 62
79 78
81 15
81 35
81 77
82 95
84 7
85 40
87 52
88 4
88 8
90 26
90 35
91 19
91 36
93 67
93 95
94 3
94 15
94 21
94 78
95 75
96 52
98 46
99 69
