# Penalty: 39966.897073206084
101
0 65
1 10
1 30
3 51
3 95
4 20
6 67
8 25
8 42
8 76
9 36
9 52
10 13
10 66
13 92
13 94
14 25
15 50
15 71
16 35
16 76
18 12
20 37
20 54
21 31
22 63
27 74
27 98
28 13
30 50
30 91
31 58
32 18
32 82
34 11
34 32
35 89
36 5
42 24
42 56
43 79
44 0
44 45
44 68
46 11
47 39
48 64
50 52
51 10
51 31
51 38
51 97
53 67
54 47
55 86
56 83
56 96
57 25
57 88
59 52
60 34
60 57
60 66
62 16
65 53
65 82
65 96
70 12
70 16
71 81
72 5
72 62
73 88
74 20
75 39
75 70
76 49
76 57
76 97
77 20
78 30
80 12
81 7
81 65
81 87
84 98
85 81
86 68
88 46
88 86
89 20
89 74
91 25
91 37
91 77
92 10
95 85
96 34
96 53
96 92
97 45
