# Penalty: 45540.58819198541
113
0 35
0 40
0 49
0 87
2 11
2 83
3 60
4 20
5 75
6 74
8 0
8 94
9 37
9 92
10 21
11 16
11 49
12 55
13 79
16 94
17 74
18 4
19 45
20 90
24 37
24 45
26 58
26 65
27 78
28 0
28 14
28 20
28 64
28 82
30 29
31 95
31 99
32 50
34 72
36 7
36 77
38 16
38 31
39 35
40 12
41 1
42 55
42 67
42 84
44 50
44 60
45 17
45 39
45 93
47 0
48 14
50 81
51 24
53 51
53 75
54 16
56 30
56 37
57 10
57 69
58 61
59 50
59 77
60 4
60 99
62 39
62 52
62 88
63 21
63 29
64 84
65 38
67 15
68 39
68 99
69 4
69 60
69 69
71 26
71 78
71 84
74 43
75 99
76 10
78 0
79 74
79 91
81 20
81 45
81 54
82 29
84 51
85 63
85 83
87 16
89 4
91 7
91 94
93 25
93 28
93 35
94 71
95 15
97 41
97 51
97 57
99 12
99 87
