# Penalty: 47819.44054400514
110
0 48
2 29
2 96
3 23
3 67
3 81
4 3
4 13
4 85
4 98
7 71
9 4
9 15
9 54
9 71
10 19
11 80
12 54
13 44
13 91
15 32
16 18
17 60
17 72
18 26
18 92
18 98
21 4
21 59
25 80
27 8
27 85
28 75
29 35
29 65
30 15
31 40
31 53
32 31
32 63
34 84
35 19
35 58
36 7
36 40
36 77
38 30
40 50
41 59
42 98
43 13
43 86
45 37
46 51
46 61
46 73
47 91
48 20
49 7
50 49
51 35
51 95
52 85
55 63
55 84
56 56
60 76
60 99
62 18
62 66
67 56
67 75
68 8
68 20
68 49
69 33
70 78
71 23
71 56
71 95
72 2
72 91
74 26
77 74
78 48
79 83
80 33
80 43
80 58
81 86
82 10
84 97
85 44
85 68
87 4
87 23
87 80
88 59
89 28
89 93
90 50
90 73
91 11
91 38
93 86
93 90
95 93
96 89
97 13
99 72
