# Penalty: 39236.65597766091
104
1 9
1 51
3 36
3 99
6 64
7 55
8 28
8 49
8 78
10 2
10 91
11 69
11 97
14 1
15 38
16 44
17 32
17 77
19 9
19 66
19 96
23 87
24 23
25 0
29 92
30 73
31 30
33 46
34 19
34 54
34 63
35 96
37 85
38 0
38 91
39 71
40 34
41 53
43 15
44 60
45 43
46 3
48 18
48 74
49 30
50 13
50 59
50 87
52 48
53 94
54 80
55 27
56 38
57 13
58 61
58 99
59 43
62 52
62 76
63 64
64 15
64 40
66 87
66 92
67 18
67 33
67 59
69 2
69 48
69 73
70 80
72 6
74 42
75 24
76 89
78 65
79 98
80 6
80 13
80 21
81 31
82 68
82 75
83 52
84 87
85 46
86 63
87 32
88 97
89 55
90 16
90 40
90 83
90 90
91 3
92 7
95 81
95 86
96 11
96 16
96 63
97 37
98 23
99 57
