# Penalty: 42242.693661948855
104
0 39
0 56
1 90
5 33
7 20
7 42
7 53
9 9
9 60
9 96
12 85
13 34
13 58
15 69
16 91
17 75
19 21
22 85
23 6
23 99
24 56
25 52
26 3
26 22
26 73
29 15
29 60
29 91
30 83
31 19
31 41
31 44
32 4
35 90
36 46
36 50
37 35
37 86
38 67
38 78
39 93
40 11
41 1
43 89
44 16
44 51
46 26
46 63
46 73
50 39
50 81
51 16
51 23
54 70
54 95
55 47
55 71
58 84
60 6
66 19
66 38
67 72
67 88
68 64
68 65
69 2
70 23
72 99
73 15
74 55
74 81
76 33
76 67
79 6
79 55
79 85
79 94
79 96
81 11
81 43
82 68
83 62
83 92
85 33
88 94
89 21
90 5
90 55
90 66
90 87
90 95
91 49
93 37
93 47
93 64
94 17
94 20
95 54
96 5
96 12
96 79
96 90
97 31
97 63
