# Penalty: 41638.58213679005
105
0 55
1 21
2 38
2 51
4 97
5 84
8 30
8 38
9 19
10 3
10 97
11 75
13 42
13 85
15 0
16 47
18 16
19 65
19 71
19 98
20 56
21 23
22 5
22 87
24 31
25 48
25 66
26 59
29 6
29 42
30 88
33 36
33 53
33 66
33 96
34 11
34 25
34 43
35 74
35 85
36 60
37 31
38 90
42 55
42 62
42 80
43 10
44 68
45 46
47 2
47 31
48 18
49 24
49 54
50 6
51 78
52 41
53 16
54 47
55 61
55 92
56 86
57 32
57 56
58 22
58 99
60 7
61 38
61 83
62 97
63 2
65 91
66 14
67 19
67 70
68 9
68 42
69 58
70 87
72 28
73 6
75 71
76 67
76 79
78 27
78 92
79 35
79 55
81 16
83 23
84 2
84 67
86 88
89 48
90 3
90 8
90 81
91 35
93 22
94 11
95 31
95 65
97 37
97 51
99 84
