# Penalty: 43805.14149109352
110
0 0
0 62
0 76
1 13
2 10
2 60
3 41
4 43
6 15
6 75
7 57
8 31
12 39
13 24
14 12
14 67
14 93
14 97
16 1
16 89
20 20
21 61
22 0
23 63
24 34
24 42
25 60
26 27
26 49
27 9
28 96
28 97
29 75
30 21
31 85
32 15
32 66
33 29
34 2
34 13
35 52
38 25
38 73
40 43
41 59
41 64
42 34
42 98
43 1
44 14
44 26
45 70
46 38
46 85
47 16
47 55
50 67
51 32
52 1
55 94
56 36
56 50
56 75
57 80
59 21
59 99
62 70
63 0
63 89
64 48
65 37
66 17
66 42
67 9
67 43
69 64
70 70
70 85
70 98
72 4
73 38
73 55
73 90
74 70
76 31
78 74
78 96
79 39
80 47
81 13
84 31
84 55
84 77
85 5
85 83
86 43
87 19
88 15
92 14
92 58
94 69
95 39
95 54
95 72
95 92
96 29
96 47
98 77
99 5
99 20
