# Penalty: 44197.14631971354
106
2 66
2 72
3 37
4 23
4 92
5 43
5 56
5 96
8 8
8 50
10 85
15 20
15 32
15 94
16 76
17 22
19 43
22 47
22 61
23 39
23 94
24 86
27 69
29 15
29 41
30 6
31 52
32 27
32 35
32 88
33 80
34 21
34 94
35 49
36 56
37 4
37 94
39 24
40 13
40 35
40 84
41 21
41 58
41 68
42 25
42 49
44 97
45 35
45 69
45 94
49 9
49 30
50 91
52 52
53 72
55 9
55 32
56 83
57 23
57 88
57 97
58 46
61 55
61 74
62 6
65 89
67 24
67 39
67 71
67 86
68 52
68 69
69 97
70 9
70 48
72 88
74 60
75 83
76 35
76 74
77 13
78 17
79 30
79 89
80 39
81 4
81 56
82 48
84 5
84 11
84 73
86 16
89 85
89 94
91 7
92 33
92 38
92 60
92 69
94 21
95 3
96 59
96 68
96 91
97 49
99 10
