# Penalty: 49483.69542797909
111
0 22
1 12
3 48
3 97
4 76
4 89
6 39
6 72
7 61
9 32
10 19
12 11
12 27
13 44
14 68
14 92
15 31
16 6
16 54
18 26
18 49
20 3
21 32
21 66
22 43
22 80
23 4
23 71
23 77
24 9
24 23
25 52
26 85
28 58
29 51
30 34
30 94
31 46
31 69
33 23
33 83
35 8
37 59
37 88
37 93
38 36
40 28
40 54
40 70
43 76
44 0
46 47
47 44
49 68
50 56
52 6
53 36
54 13
55 27
56 21
56 87
57 85
59 35
61 2
61 20
62 10
63 42
63 52
64 75
64 80
65 63
67 33
67 82
68 55
68 89
70 77
71 41
73 13
73 26
74 5
74 61
76 84
78 14
80 9
80 33
81 20
81 71
82 60
82 93
83 3
86 23
86 36
86 74
87 47
89 87
90 0
90 48
91 12
93 32
93 70
94 60
94 90
95 18
95 67
96 49
96 74
96 78
97 8
97 27
97 36
97 97
