# Penalty: 44043.112969551745
107
1 33
2 63
3 13
3 97
4 24
5 8
5 73
6 0
8 6
8 18
8 48
10 30
10 39
10 83
10 88
12 1
13 97
14 21
14 60
15 9
15 22
16 38
16 70
19 26
19 46
19 49
21 3
21 20
21 80
21 99
25 96
27 83
29 4
29 26
30 66
32 30
32 38
33 88
34 95
35 16
36 10
36 77
38 33
38 42
38 48
38 71
38 91
39 3
40 66
41 59
42 30
44 8
44 40
46 97
49 51
52 37
53 68
53 73
53 94
54 43
54 53
54 61
55 21
58 98
59 30
61 6
61 68
62 40
63 22
63 55
64 30
65 16
65 64
65 83
66 92
67 73
68 5
71 61
71 77
71 90
73 46
73 96
74 30
75 63
75 72
75 80
76 17
76 97
77 4
80 34
80 47
81 24
83 3
84 55
88 64
88 74
90 39
91 2
91 43
94 80
96 12
96 22
96 54
97 32
97 94
99 26
99 99
