# Penalty: 40740.4007105792
103
2 9
3 29
4 2
4 48
5 54
6 96
9 79
9 85
10 10
10 15
12 72
13 45
13 90
13 99
14 62
14 74
15 0
15 80
16 6
16 23
17 8
18 35
18 98
20 67
20 76
21 24
21 50
22 14
26 61
27 87
28 17
30 48
33 3
34 5
34 26
34 36
34 41
35 72
37 97
38 12
40 43
41 0
42 68
42 81
43 62
44 89
45 20
47 15
47 99
48 37
49 27
49 94
50 47
51 32
52 11
53 99
55 21
55 76
57 75
57 85
58 8
59 54
61 68
63 19
63 39
63 43
63 86
64 6
64 97
65 23
65 64
65 75
66 48
66 82
69 14
70 16
71 28
74 54
76 45
76 80
76 85
77 8
78 41
79 26
79 68
79 97
81 72
83 19
83 82
85 10
86 54
86 91
87 31
90 67
91 25
91 45
95 8
95 94
96 49
98 21
98 75
99 32
99 67
