# Penalty: 46809.39712702864
109
0 21
1 16
2 88
4 42
4 54
4 79
6 60
7 0
9 45
9 71
10 96
11 5
11 11
11 79
11 93
12 55
12 87
16 29
16 35
17 13
20 44
22 29
23 52
23 69
24 20
24 25
24 84
25 11
25 41
26 96
27 6
29 76
30 68
31 27
31 87
32 2
32 42
33 91
34 57
35 33
37 76
38 19
39 50
40 11
41 87
42 2
42 30
42 79
45 53
45 65
46 39
47 9
47 25
49 32
49 74
49 90
51 62
52 19
52 51
53 38
53 84
54 73
55 8
55 10
57 26
58 4
58 79
58 96
60 16
61 46
61 64
62 71
65 22
65 54
65 86
66 68
69 75
70 9
72 28
72 59
73 35
73 50
73 80
78 47
79 95
80 7
80 34
81 14
84 70
85 28
85 46
86 63
86 91
87 12
87 18
87 75
89 70
90 20
90 80
91 36
91 91
92 30
93 49
94 43
96 75
97 3
98 24
98 31
99 83
