# Penalty: 44212.666192559045
103
1 90
2 31
3 61
6 15
6 58
7 37
7 48
7 66
8 76
10 29
11 11
12 50
12 79
12 97
13 83
14 56
16 45
17 6
17 97
19 32
19 62
20 39
20 56
22 79
23 27
23 46
23 98
25 83
27 86
30 10
32 58
33 33
34 43
36 77
37 25
38 70
39 36
40 59
41 45
41 53
42 11
43 18
43 81
43 92
44 29
44 62
45 50
46 67
48 43
49 6
51 21
51 51
51 62
52 85
53 34
55 68
56 44
59 19
59 67
59 78
62 62
64 85
64 93
65 97
66 34
66 83
67 45
67 75
68 9
69 47
69 56
70 68
71 1
71 41
72 13
72 61
75 78
75 97
76 74
77 43
78 22
80 56
81 9
81 18
81 51
82 93
83 0
84 67
85 75
86 29
86 41
87 63
88 12
91 44
91 51
93 36
93 92
93 97
95 82
98 56
98 97
99 14
99 23
