# Penalty: 45001.85426557845
104
0 50
1 1
2 18
4 42
4 66
5 97
7 27
7 43
8 72
11 33
12 3
13 18
13 71
14 43
14 88
15 36
17 2
17 27
18 49
18 97
21 56
22 26
22 44
23 35
25 13
25 83
26 91
28 22
29 54
29 83
30 4
31 34
31 48
32 60
33 70
35 2
37 28
37 63
39 29
39 68
39 87
40 22
40 75
41 53
42 63
44 96
45 8
45 25
47 73
47 94
48 49
48 63
50 42
50 68
52 9
52 32
54 72
55 25
56 9
56 16
56 66
56 83
57 55
59 35
60 45
61 59
63 78
64 22
64 48
64 53
64 67
64 87
68 6
71 91
73 18
73 54
73 64
74 23
74 96
75 13
75 37
75 68
75 86
77 4
77 94
79 22
83 63
84 59
85 5
85 34
85 54
85 80
86 14
89 74
91 1
91 96
93 42
93 77
93 88
94 10
94 31
96 38
96 53
97 45
