# Penalty: 42517.71102266351
104
0 41
1 78
2 48
3 61
4 60
4 88
5 16
6 10
7 63
9 97
10 22
10 51
11 79
12 31
12 85
13 3
13 95
17 47
19 95
21 54
21 71
22 12
22 37
22 82
24 24
24 87
25 74
27 47
28 1
29 43
31 11
31 63
31 80
31 87
32 7
32 74
32 95
34 52
36 61
38 40
40 92
44 31
44 44
44 58
46 66
46 96
48 25
48 87
51 9
51 19
51 29
52 74
53 85
54 5
54 10
55 40
55 78
56 5
59 53
60 87
60 90
61 7
61 38
62 25
63 97
64 60
64 72
65 30
66 22
66 76
67 54
67 62
68 1
68 67
69 35
70 82
71 16
71 97
75 80
75 91
76 9
77 58
78 2
78 48
79 48
81 68
84 54
84 88
85 20
85 24
86 16
87 30
87 94
89 35
94 13
94 22
94 26
94 97
95 40
95 44
97 16
97 75
99 0
99 65
