# Penalty: 44146.02460364411
106
0 67
0 75
1 6
1 83
3 36
4 25
4 34
6 61
7 46
7 79
11 44
11 51
12 7
16 11
16 26
16 45
16 73
17 91
18 2
18 60
20 39
21 79
23 32
24 45
25 55
28 31
31 59
33 80
34 13
34 28
34 79
35 37
36 10
36 20
36 51
36 75
39 44
40 69
41 89
43 39
43 63
43 79
44 17
44 27
44 99
46 96
47 8
47 86
48 2
48 44
48 74
49 53
49 67
50 61
52 78
53 84
54 26
57 41
57 45
57 92
60 0
60 55
60 99
62 32
63 78
64 4
64 26
65 42
66 61
66 84
67 34
69 68
69 75
70 25
70 99
71 57
72 15
74 25
75 44
76 92
77 3
77 18
78 36
80 82
81 13
82 75
83 66
84 41
84 97
86 0
86 74
90 6
90 47
90 82
91 17
91 28
91 86
91 95
93 51
93 76
94 36
94 60
97 9
99 0
99 23
99 65
