# Penalty: 42155.77595563046
107
0 17
0 71
3 0
3 43
4 83
4 91
6 47
9 17
9 37
9 69
11 8
11 43
11 97
12 2
13 65
14 25
14 33
14 56
15 9
16 84
16 92
20 77
21 21
22 59
22 69
24 11
24 50
25 84
25 99
26 91
27 32
28 74
29 51
30 65
31 11
31 23
31 34
32 54
35 33
35 47
35 79
35 85
37 58
37 90
37 95
38 9
38 27
40 64
41 40
42 2
43 86
45 76
47 32
48 6
49 21
50 48
50 97
52 57
52 81
53 74
54 64
55 3
55 30
58 15
58 35
58 46
58 63
58 90
59 96
60 21
60 54
61 76
61 82
63 36
64 16
65 91
66 41
67 7
67 58
69 26
73 94
75 39
76 67
76 75
82 5
82 26
82 98
83 0
83 17
83 33
84 12
86 69
90 58
90 85
91 3
92 15
92 68
93 46
93 79
94 11
95 31
95 94
96 0
96 45
97 85
98 53
99 65
