# Penalty: 45638.65737998289
109
1 30
1 49
1 69
1 80
2 83
3 55
3 60
4 15
7 30
8 24
9 5
9 45
9 64
10 55
10 77
11 11
12 82
13 85
14 49
14 93
16 40
16 65
17 59
18 4
19 77
20 15
21 29
22 20
22 96
23 53
24 70
26 42
26 48
27 5
27 10
27 27
27 61
27 86
28 97
30 70
32 55
34 22
35 43
36 84
36 94
37 5
38 15
38 35
39 68
41 28
41 47
41 93
43 2
43 59
43 78
43 85
46 67
46 90
47 16
49 46
51 13
51 38
52 6
52 73
52 96
55 8
56 12
57 43
58 59
59 52
61 47
61 99
64 23
64 88
65 80
67 27
67 73
68 92
70 7
70 14
71 82
74 1
74 35
75 76
75 92
78 29
81 0
81 7
82 80
83 35
83 67
85 24
85 94
87 53
88 29
88 66
90 7
90 16
91 62
92 26
92 40
92 58
93 74
94 49
95 15
96 2
97 96
98 67
99 85
