# Penalty: 44979.44236387809
108
0 25
0 35
0 75
1 94
2 0
3 52
3 59
4 13
4 68
5 85
6 99
7 31
8 88
9 28
9 44
9 81
11 3
11 17
11 52
11 64
14 34
14 55
14 96
16 39
17 0
17 2
17 54
18 12
19 29
19 68
20 84
21 21
22 46
22 63
24 24
24 40
24 51
24 81
25 95
26 31
30 5
30 13
36 33
36 63
36 99
38 4
38 59
39 34
39 82
43 48
43 73
44 17
45 3
46 96
47 64
48 58
48 87
49 26
49 32
50 38
53 92
55 22
56 44
57 31
58 36
58 94
61 7
61 53
61 75
65 64
65 84
66 0
66 80
67 48
68 87
68 97
70 38
71 14
72 53
73 24
73 31
73 68
73 78
75 46
75 63
78 0
78 95
79 85
80 39
80 47
81 14
83 8
84 26
86 69
87 2
87 57
87 97
88 16
90 76
91 37
91 43
91 49
96 10
96 41
96 80
98 83
99 30
99 94
