# Penalty: 43014.146840109104
106
1 46
3 1
3 93
4 35
4 86
5 59
5 74
6 8
6 96
7 29
7 42
10 61
11 72
13 80
13 99
14 20
15 31
17 66
17 80
18 38
19 11
20 36
20 53
20 76
21 59
22 8
22 60
22 97
24 3
24 63
25 52
26 13
27 25
29 28
31 66
31 76
33 47
35 96
36 16
36 51
38 86
39 49
39 54
39 74
40 34
42 77
44 5
45 20
46 45
46 72
46 78
50 53
50 91
52 23
53 7
54 34
54 69
56 10
56 99
57 87
59 12
59 58
59 79
60 4
61 87
61 95
64 24
66 47
66 55
67 35
67 37
67 67
68 10
68 81
68 98
70 63
71 3
72 59
74 9
75 3
75 80
76 18
76 36
76 76
77 45
79 24
80 50
80 51
82 64
83 78
83 95
84 63
86 22
87 35
88 67
90 19
90 94
91 29
92 40
93 46
94 13
94 76
95 42
96 53
97 34
98 85
