# Penalty: 103928.34178761861
164
0 0
0 9
0 56
0 83
1 16
1 27
1 70
1 93
2 23
2 75
3 35
3 42
5 0
5 21
6 61
7 30
8 9
8 38
8 87
8 94
9 15
9 40
9 78
10 48
11 56
14 14
15 2
16 21
16 53
16 60
16 77
16 82
17 7
17 47
18 36
21 14
22 2
22 40
23 23
23 48
23 58
24 62
24 67
24 81
24 89
25 5
26 30
26 36
26 99
27 77
29 28
31 19
31 35
31 42
31 68
31 99
32 50
32 66
32 84
34 79
35 0
35 7
35 14
35 56
37 14
37 98
38 40
38 77
39 47
39 70
40 5
41 92
42 0
42 19
42 35
42 65
45 0
45 42
45 63
45 70
46 79
46 96
47 19
48 6
48 87
49 12
49 51
50 37
51 28
53 42
54 34
54 48
54 54
55 61
55 91
56 10
56 77
56 83
57 70
57 99
58 21
58 30
61 0
62 13
62 36
62 62
64 26
64 47
64 67
64 78
64 82
65 19
65 40
65 93
66 8
67 56
70 20
71 35
71 40
71 82
71 92
71 98
72 7
72 16
72 68
74 51
74 76
77 14
77 28
77 35
79 48
79 54
79 65
79 90
80 95
82 2
82 42
83 84
86 12
86 19
86 71
87 89
88 3
88 45
88 98
89 56
90 33
91 28
91 63
91 84
93 0
94 5
94 93
95 23
95 41
96 60
96 80
96 81
96 95
97 12
98 48
99 28
99 35
99 56
