# Penalty: 47930.801352705545
111
1 80
2 94
3 64
3 82
4 58
4 95
5 11
5 28
7 46
8 36
10 56
10 60
10 72
10 90
11 4
13 18
13 46
13 64
14 74
16 29
18 39
19 47
19 85
19 97
20 11
20 63
21 5
24 84
25 91
26 1
26 76
27 12
27 22
28 11
29 24
30 51
30 68
31 36
31 81
31 97
32 4
33 57
34 47
35 68
35 76
38 90
39 52
40 34
41 36
42 42
42 52
42 61
43 6
43 17
43 81
47 33
49 78
50 97
51 61
52 42
52 75
52 92
54 99
56 50
57 43
57 49
58 78
61 6
61 86
63 33
65 24
66 60
66 70
68 16
68 49
68 65
69 76
69 91
72 39
73 51
76 34
77 19
77 25
77 89
78 66
79 80
80 3
82 46
82 96
83 42
84 0
84 12
85 78
86 61
87 13
87 43
88 36
88 52
88 91
89 3
89 68
91 49
92 22
93 14
93 41
93 89
94 91
95 69
96 57
97 26
98 50
