# Penalty: 42464.431212746524
104
0 91
2 49
5 13
5 68
6 40
7 21
7 98
8 74
12 12
12 23
12 83
13 46
14 39
14 60
17 70
17 86
17 93
18 31
19 15
19 53
21 38
21 65
23 25
24 5
26 76
26 95
27 84
29 31
30 65
31 7
31 40
31 91
32 18
34 23
35 2
35 62
35 74
37 27
38 55
38 82
39 48
39 68
40 85
41 12
41 18
43 96
44 30
46 71
46 92
49 30
51 15
52 9
52 49
52 56
52 63
54 5
54 81
54 94
58 14
58 74
59 32
59 82
60 65
62 91
62 96
63 22
63 50
65 38
66 45
66 84
68 14
72 74
73 51
73 53
74 82
75 67
76 40
76 49
76 97
77 7
78 89
79 25
81 18
82 37
82 60
84 78
85 62
85 90
86 55
88 5
88 41
90 48
90 70
91 18
92 60
94 22
94 49
95 1
95 97
96 9
96 63
97 87
98 76
98 81
