# Penalty: 48350.853330583515
109
0 69
1 4
1 21
2 64
3 41
4 26
4 46
4 96
7 35
8 64
9 75
9 85
10 92
12 5
12 20
12 86
13 47
13 56
14 31
17 80
19 64
20 68
21 24
22 42
23 18
24 13
25 33
26 77
27 58
30 38
30 67
30 83
31 53
33 5
34 64
34 70
34 92
35 98
36 86
38 31
39 1
39 49
39 54
40 10
41 68
42 37
43 22
43 65
44 2
44 79
49 54
50 12
51 33
53 44
53 68
53 86
54 78
55 21
55 29
57 15
57 54
58 63
59 90
60 43
62 76
63 7
65 24
65 38
65 52
66 86
67 19
67 65
68 3
69 69
69 76
70 11
70 23
72 81
73 31
73 88
74 52
75 26
76 6
77 82
78 43
79 94
80 49
81 63
81 72
82 40
82 57
82 97
83 78
84 52
84 66
86 11
86 34
87 81
89 27
89 86
89 93
90 49
91 59
93 2
94 25
95 82
96 64
97 96
98 17
