# Penalty: 44449.14019292282
109
1 45
1 66
1 78
2 50
3 21
3 94
5 40
7 10
7 72
7 80
8 6
8 43
8 61
9 99
10 49
13 23
14 45
15 28
15 68
16 96
17 14
17 58
18 88
21 5
22 14
23 43
23 72
24 27
26 98
27 85
28 3
31 37
32 19
33 95
34 5
34 77
35 87
36 56
40 12
40 21
41 7
41 49
42 30
42 38
42 59
42 93
45 4
45 15
47 18
47 73
47 97
48 76
50 53
50 63
51 23
53 8
54 41
54 90
54 98
56 64
58 67
59 64
60 12
60 37
60 54
61 96
62 43
63 19
65 60
69 71
70 8
70 49
70 79
71 19
71 97
72 35
73 23
73 74
74 31
74 58
75 41
75 65
78 48
79 17
80 10
81 2
81 41
82 29
82 66
82 84
82 91
85 66
86 51
86 97
87 82
89 88
91 35
91 70
92 19
93 33
93 60
95 93
96 44
96 56
97 63
97 98
98 0
98 77
99 15
