# Penalty: 47665.205006644195
106
1 56
4 87
5 21
7 63
8 98
9 75
12 45
13 10
13 69
14 34
15 25
17 16
17 61
17 66
18 51
18 53
19 2
19 28
22 17
23 80
25 48
25 71
26 42
26 88
27 95
28 88
29 4
30 81
31 21
33 93
34 56
34 64
35 73
36 37
36 81
38 30
38 74
38 93
40 36
41 65
42 10
43 0
43 26
45 44
46 74
46 89
47 34
47 55
47 82
47 96
49 72
50 48
52 80
54 8
54 37
56 68
56 89
59 81
60 49
60 71
61 37
62 20
63 12
63 48
64 75
64 91
65 4
65 65
66 43
69 20
69 85
70 34
71 50
71 56
71 70
72 41
75 80
76 22
77 34
77 62
77 86
78 96
81 20
81 58
83 91
84 9
85 67
86 13
86 23
86 31
86 76
87 47
87 80
87 97
90 89
91 40
94 71
96 32
96 55
97 7
97 62
97 92
98 16
98 41
99 75
99 82
