# Penalty: 48321.5215638219
93
0 2
2 69
4 98
5 51
5 71
8 27
12 17
12 38
12 76
14 70
17 26
19 21
19 40
19 78
20 58
20 65
20 71
21 55
22 68
23 5
23 30
24 41
25 84
26 79
27 75
28 6
28 25
28 94
30 35
31 67
32 9
32 37
33 24
33 52
33 59
34 30
36 81
37 62
37 75
38 16
38 47
41 25
41 58
42 61
42 88
44 35
45 75
46 15
46 40
47 91
50 60
51 4
54 27
55 64
57 73
58 56
59 34
60 51
60 63
61 70
62 6
62 17
62 79
64 22
64 36
64 39
65 64
66 46
67 29
67 55
68 83
71 60
71 87
72 44
73 26
73 72
73 78
74 16
75 70
76 20
77 57
78 29
78 61
79 44
81 25
81 60
83 35
83 75
83 80
87 18
89 48
90 70
98 51
