# Penalty: 48322.58690308127
110
0 60
0 98
1 17
2 85
3 6
3 90
4 24
6 8
6 32
8 98
9 63
9 70
10 13
10 25
13 73
14 55
14 89
15 0
15 45
16 61
17 14
17 30
19 7
19 68
20 23
20 89
23 94
24 16
24 30
24 44
24 57
25 78
27 11
27 99
28 3
28 63
29 22
30 37
30 66
32 60
33 36
33 92
36 15
36 24
36 52
38 82
39 11
39 69
39 77
40 33
42 17
42 41
44 60
45 76
45 95
47 21
49 10
50 51
50 93
52 8
52 72
53 83
55 46
55 66
57 72
58 98
59 20
59 53
60 36
60 86
61 30
63 81
64 61
65 5
65 12
65 44
66 87
67 54
68 97
70 5
70 18
72 39
72 72
73 84
75 8
76 60
77 25
77 66
78 79
78 94
79 52
80 12
82 30
83 15
85 87
86 44
87 73
87 75
88 24
88 50
91 22
91 87
92 47
92 56
94 8
96 31
97 25
97 42
97 68
99 73
