# Penalty: 45915.54140643137
108
2 11
3 4
4 24
4 55
4 62
4 68
6 27
7 47
7 73
8 9
9 64
9 90
10 2
10 33
12 41
12 69
13 20
13 49
14 7
14 61
14 95
16 84
17 39
19 44
19 77
21 19
22 28
22 65
22 95
25 54
26 22
28 73
29 31
30 83
31 7
32 14
32 35
32 88
34 57
35 21
35 86
36 50
36 77
38 30
39 23
39 42
40 5
40 66
40 96
41 34
42 13
42 90
44 66
45 56
48 36
48 96
50 7
50 27
50 32
50 85
51 21
51 79
53 51
53 65
53 73
54 2
54 36
58 16
58 62
60 22
62 79
63 2
63 8
64 46
64 91
65 15
68 25
69 56
69 64
71 32
71 47
76 17
76 76
78 39
80 52
80 86
81 60
83 72
84 5
85 14
85 62
87 31
87 52
87 75
89 95
90 3
90 54
92 48
95 31
96 5
96 18
97 70
97 81
98 13
98 51
98 57
99 37
99 97
