# Penalty: 47684.65333424207
111
0 16
1 55
2 38
3 66
3 82
5 2
6 24
6 74
7 20
7 60
9 9
9 44
10 34
11 55
13 76
13 90
14 51
15 67
16 11
16 72
16 80
17 60
19 83
21 20
21 42
22 28
22 50
23 93
24 88
24 99
25 24
26 40
26 58
28 43
28 73
31 27
31 55
32 93
33 84
34 43
34 61
36 91
37 3
38 75
39 99
40 12
40 59
41 24
41 58
42 1
42 8
43 51
44 68
45 64
46 20
46 52
46 97
48 32
48 80
49 11
50 88
51 23
51 42
52 69
53 75
55 4
55 74
56 0
56 96
57 54
58 19
58 34
59 43
60 13
60 96
64 75
65 32
65 39
66 66
68 20
70 55
70 87
72 13
72 68
73 1
73 30
73 48
74 24
74 63
79 81
80 39
80 76
81 97
83 23
83 49
84 60
85 13
86 71
87 81
88 19
89 98
90 67
91 35
93 40
93 49
96 37
96 63
97 27
97 95
98 0
99 15
