# Penalty: 86365.22190273789
99
2 25
2 75
2 80
3 3
3 11
3 31
3 37
3 42
3 44
3 50
3 54
3 59
3 66
3 70
3 86
3 90
3 93
4 15
4 20
12 10
12 20
12 30
12 35
12 40
12 45
12 65
12 70
12 75
12 90
13 1
13 5
13 15
13 25
13 50
13 55
13 60
13 80
13 85
13 95
22 1
22 5
22 15
22 35
22 40
22 45
22 80
23 10
23 20
23 25
23 30
23 50
23 55
23 60
23 65
23 70
23 75
23 85
23 90
23 95
32 1
32 5
32 10
32 15
32 30
32 35
32 50
32 60
32 70
32 80
32 90
32 95
33 20
33 25
33 40
33 45
33 55
33 65
33 75
33 85
42 5
42 15
42 20
42 25
42 80
42 85
43 1
43 10
43 30
43 35
43 40
43 45
43 50
43 55
43 60
43 65
43 70
43 75
43 90
43 95
