# Penalty: 46742.70494435521
108
0 44
1 33
1 73
2 56
4 2
4 23
4 87
6 13
6 79
9 37
9 49
10 82
11 29
11 61
12 23
13 7
13 54
13 95
16 16
16 56
17 24
18 66
19 50
20 34
20 92
23 11
23 88
25 17
27 52
28 5
28 26
28 73
29 12
30 33
30 58
30 63
30 93
31 86
34 42
35 54
35 96
37 20
37 37
38 6
39 63
40 12
40 46
42 80
43 0
43 21
43 39
46 33
46 60
47 45
48 21
49 75
50 86
51 6
54 33
55 43
55 50
56 70
56 95
57 59
59 89
61 13
61 58
63 38
64 5
64 45
67 12
67 28
67 37
70 74
71 3
71 86
71 98
73 25
75 53
76 61
77 6
77 32
78 37
78 82
79 44
80 27
80 66
80 98
81 76
82 20
83 6
83 93
84 1
84 62
84 70
85 7
86 22
86 54
86 88
88 81
89 74
91 61
91 97
92 14
96 26
97 47
98 59
98 91
