# Penalty: 42095.14236276819
104
2 2
2 12
2 85
2 98
3 30
4 4
6 52
9 18
9 92
9 96
11 68
12 77
13 10
13 92
15 33
16 0
16 42
16 86
17 1
17 58
18 75
21 10
23 90
24 67
25 5
27 51
28 69
30 27
30 95
31 48
32 55
32 82
33 57
34 15
34 97
35 35
35 71
36 11
36 75
39 50
40 37
40 73
41 91
42 25
43 4
44 51
45 67
46 72
47 26
47 79
49 44
49 95
50 54
52 39
54 1
54 58
55 14
55 86
57 97
58 31
58 67
59 21
59 54
59 92
63 21
64 14
65 34
67 64
68 1
68 88
68 91
69 15
70 79
71 21
71 34
71 37
72 53
72 73
74 43
75 34
75 97
76 66
78 7
78 50
80 15
80 56
81 47
81 80
84 25
85 1
85 56
86 14
86 92
89 36
90 8
90 70
92 43
92 94
93 29
94 92
96 81
99 5
99 19
99 99
