# Penalty: 47205.52942334281
108
0 50
1 86
2 57
2 77
2 94
5 40
6 60
7 73
7 98
8 5
8 83
11 27
13 20
13 53
13 77
13 86
14 10
14 98
15 67
16 28
16 40
16 58
16 88
18 12
20 55
21 44
21 86
22 76
23 71
24 90
25 26
26 60
26 67
28 76
29 7
29 35
30 14
32 26
32 34
32 72
32 90
33 63
34 83
35 51
38 16
39 22
40 77
41 62
41 87
45 5
48 63
49 18
49 39
49 48
50 72
50 80
51 32
53 8
53 26
54 86
55 38
57 56
58 92
59 5
60 43
61 75
62 55
65 92
66 65
67 13
68 3
69 77
69 83
70 34
70 55
71 0
71 20
73 44
75 9
76 89
77 28
77 38
77 61
78 73
79 11
80 33
81 92
83 45
84 15
84 66
86 95
88 83
89 34
90 64
91 5
91 75
92 20
92 94
95 13
95 28
95 66
96 39
96 57
97 21
97 49
98 4
98 89
99 26
