# Penalty: 40446.69265857709
102
2 38
2 59
4 10
5 51
5 71
8 99
9 7
9 77
10 22
10 71
11 47
11 65
11 95
13 8
16 53
16 77
16 91
19 23
19 96
20 32
20 58
22 38
22 68
23 8
23 19
24 51
25 27
27 75
28 19
28 67
28 87
28 95
31 12
31 48
32 45
32 96
34 69
36 9
36 89
37 51
38 20
39 43
41 1
43 9
44 66
45 49
45 72
48 10
48 28
48 97
51 33
51 49
51 82
53 23
53 92
54 19
54 98
55 3
55 63
55 89
56 80
59 62
59 73
60 35
61 14
61 41
61 51
62 25
62 99
63 69
64 1
66 85
67 15
69 71
71 58
72 12
73 26
73 45
75 34
78 62
79 2
79 91
80 16
80 67
81 77
85 26
85 92
86 81
88 84
89 51
89 61
90 21
90 38
91 76
93 7
94 87
96 14
97 41
97 61
97 93
98 1
98 30
