# Penalty: 48851.39180719651
113
0 26
2 42
2 56
3 74
3 86
5 96
6 12
7 36
7 69
7 77
9 0
9 46
9 60
11 23
11 87
11 90
13 17
14 35
15 11
15 29
16 39
16 48
18 25
18 62
20 99
21 1
22 10
23 18
23 43
23 62
23 75
26 16
27 2
27 55
27 94
29 40
31 30
31 80
32 49
33 22
33 70
33 90
34 5
35 58
37 23
38 52
40 15
40 44
40 66
41 35
41 92
45 1
45 27
46 21
47 73
47 83
48 36
49 97
50 93
52 27
53 58
53 84
54 64
54 75
55 9
57 39
60 20
60 67
61 49
62 8
62 32
62 89
65 24
65 62
65 75
68 32
68 48
69 4
70 97
71 15
71 86
73 71
74 9
74 39
74 52
75 91
75 97
78 58
79 3
79 19
80 66
81 13
81 52
84 37
84 82
85 27
86 74
88 64
88 91
89 29
89 79
90 5
90 47
90 84
91 56
92 93
94 72
95 81
96 47
97 27
97 36
98 62
99 94
