# Penalty: 37321.27109171415
100
0 0
0 78
1 56
1 95
3 29
5 6
5 12
5 97
6 33
8 83
9 64
10 11
11 48
11 61
12 46
12 64
12 76
15 91
16 95
17 20
18 16
20 58
21 48
22 35
23 72
25 77
25 94
27 9
27 14
28 58
29 23
29 65
32 98
35 50
35 98
36 47
36 71
38 83
39 33
40 27
42 10
42 22
42 59
42 96
43 23
43 94
44 3
47 82
48 3
48 34
49 52
50 4
51 68
53 23
53 89
54 32
56 23
56 28
57 54
57 61
58 55
59 97
60 45
62 7
62 79
63 3
63 33
64 90
65 68
67 19
69 71
70 41
70 55
72 2
72 70
73 19
74 25
75 14
75 53
77 76
78 41
80 31
81 74
82 20
82 50
82 60
82 95
86 93
87 47
88 26
89 83
93 55
94 7
94 44
95 3
95 23
98 75
99 13
99 35
99 57
