# Penalty: 47133.80123876479
109
2 10
2 56
3 24
4 33
4 41
4 48
5 89
8 43
9 0
9 74
10 16
11 63
11 82
12 39
13 94
14 94
15 31
15 53
16 22
17 17
17 75
19 2
19 88
20 28
21 35
21 68
22 6
22 46
23 38
24 58
25 29
27 62
28 55
28 85
34 16
35 94
36 27
38 86
41 18
42 72
43 30
44 45
44 76
44 96
45 55
47 12
49 83
50 3
50 16
50 71
50 92
51 22
51 33
52 44
52 48
52 75
57 29
58 15
59 13
59 25
59 55
60 97
61 1
61 81
61 90
62 38
63 65
65 26
65 73
66 15
67 55
68 44
68 93
69 11
69 18
71 74
74 37
75 1
75 28
76 23
78 48
78 86
79 4
79 11
79 58
79 64
81 47
81 95
81 99
83 71
84 54
85 27
86 18
86 42
87 2
89 83
91 93
93 33
94 90
95 45
95 49
96 66
97 1
97 37
97 60
97 73
98 4
99 13
99 91
