# Penalty: 43747.80454704557
107
0 6
0 15
0 40
0 81
0 94
1 71
3 26
3 65
3 85
5 1
5 71
7 52
8 17
10 91
16 32
18 26
18 90
20 3
20 20
20 82
21 60
25 14
25 53
26 71
26 92
27 46
28 5
28 82
29 14
29 66
30 62
33 49
33 72
35 34
35 36
36 15
36 16
36 53
36 91
38 61
38 98
40 30
40 65
41 47
41 54
43 78
44 22
44 86
46 65
47 44
48 3
49 97
50 72
51 87
52 11
54 50
54 77
56 59
56 91
57 22
57 38
59 34
59 73
60 98
63 12
64 83
67 4
67 12
67 23
67 34
68 57
70 38
71 0
71 29
71 98
72 93
73 7
74 55
75 19
75 89
78 0
78 18
78 40
79 36
81 82
81 98
83 54
84 27
84 77
87 41
87 67
87 93
90 5
91 81
91 95
92 13
92 27
92 55
93 5
93 18
96 86
97 24
97 68
98 15
99 32
99 42
99 64
