# Penalty: 40973.83635820199
105
1 2
1 9
1 22
1 29
1 67
1 94
2 59
3 43
4 49
6 73
8 87
9 40
9 48
10 63
10 81
13 14
14 32
14 58
15 17
17 4
17 39
18 55
18 72
20 63
21 83
23 32
24 12
24 48
25 23
25 97
26 4
26 75
29 45
29 81
30 53
30 66
31 93
35 34
36 76
36 87
37 25
37 41
38 62
39 2
39 51
42 18
42 44
44 25
44 64
46 91
47 69
50 24
50 61
51 1
51 81
52 7
53 42
56 4
56 65
56 92
57 19
57 72
58 32
61 44
61 85
62 58
62 92
63 65
64 77
65 1
65 16
65 27
65 29
66 87
68 7
71 64
71 92
71 97
72 48
72 80
74 88
75 35
75 44
75 68
77 78
79 98
81 19
81 28
82 34
82 47
84 59
87 74
88 4
89 21
89 79
90 41
90 93
92 5
92 53
95 27
95 36
97 52
98 96
99 43
99 77
