# Penalty: 35059.58152092233
84
1 3
1 49
1 98
2 20
3 10
3 36
3 57
3 68
3 93
5 77
8 4
9 64
11 35
11 76
11 84
12 9
12 14
12 19
12 89
13 26
13 41
13 97
14 3
14 46
15 39
15 53
16 79
20 48
21 4
21 25
22 77
22 91
23 18
24 56
24 67
25 1
26 33
30 11
31 3
32 20
33 9
33 50
33 95
34 37
34 53
34 89
35 29
39 2
40 14
41 67
41 73
42 21
44 76
45 7
45 86
47 43
47 93
48 16
48 48
50 17
50 54
54 76
55 46
56 15
57 7
63 95
64 11
66 81
67 4
72 24
73 17
74 5
74 93
77 37
78 26
79 12
82 17
85 3
89 18
90 4
91 23
92 14
94 47
95 4
