# Penalty: 43654.53985559077
105
0 21
0 83
1 42
1 59
1 73
4 35
4 63
8 57
9 8
9 38
9 86
13 34
13 96
16 4
16 23
16 77
17 35
17 67
17 96
18 20
18 49
20 50
20 93
22 14
22 65
22 86
24 41
25 0
25 9
27 30
27 58
28 72
28 89
30 47
31 38
31 66
32 18
34 6
34 12
34 46
34 69
35 15
35 78
37 23
37 91
41 9
41 59
42 66
43 75
43 93
44 28
47 95
49 83
50 53
52 71
53 6
53 82
54 36
56 41
59 25
60 17
60 61
61 89
62 51
63 0
63 64
65 17
67 2
67 57
67 74
68 31
68 82
71 98
72 87
73 48
75 32
76 86
77 0
78 49
78 69
79 78
80 26
81 82
81 99
82 17
82 92
86 45
86 56
87 32
87 34
87 85
89 19
89 90
90 71
91 20
91 76
92 29
92 50
93 8
94 99
98 11
98 62
99 38
99 58
99 70
