# Penalty: 42288.7437965209
103
1 62
2 93
3 11
3 57
6 37
6 83
8 4
9 24
10 16
10 77
11 26
12 67
12 81
13 42
15 60
15 66
16 30
16 56
16 95
18 5
19 18
19 49
21 22
23 15
24 2
24 48
24 57
24 97
25 41
27 71
28 81
29 30
31 62
32 11
32 44
33 67
34 6
34 22
35 39
35 83
35 96
36 89
41 46
42 29
42 66
44 59
44 95
45 4
45 9
47 19
47 70
47 87
50 3
51 49
52 12
53 40
53 54
54 66
55 6
56 82
56 94
57 20
58 50
58 80
59 13
62 39
64 15
64 26
65 68
69 84
70 45
71 12
71 84
72 27
72 72
73 38
73 95
74 79
75 34
76 46
80 17
81 8
82 26
82 72
85 0
85 90
86 40
86 46
87 61
87 77
89 21
89 64
91 9
92 32
93 49
94 18
94 20
95 73
95 86
95 97
97 34
97 68
99 79
