# Penalty: 49932.14207925004
116
0 2
1 16
2 31
2 71
3 58
3 80
3 86
4 26
5 12
6 92
7 48
7 80
8 4
8 43
10 9
10 92
11 26
11 74
12 33
12 39
14 43
14 61
14 71
15 86
16 93
18 14
18 24
19 10
21 14
21 56
21 93
23 49
24 19
24 61
25 5
26 26
26 33
26 92
29 45
29 85
30 22
31 56
31 80
33 39
34 17
35 2
35 91
36 21
37 29
37 67
37 70
39 0
40 51
41 40
41 87
44 27
44 98
47 55
47 79
49 3
49 16
50 36
50 65
51 10
51 73
51 94
52 21
52 70
53 32
53 82
54 65
55 9
55 94
59 10
62 32
62 69
63 48
63 79
64 85
65 24
66 55
66 72
68 5
68 41
68 94
70 19
71 30
72 22
72 41
75 99
76 17
76 68
78 16
78 77
80 5
81 56
81 95
82 44
82 65
85 67
86 12
86 93
89 19
89 79
89 94
90 49
91 60
94 35
94 36
95 79
96 69
97 5
97 26
98 42
98 65
99 48
