# Penalty: 49846.63730928934
116
0 4
0 37
2 61
3 9
3 21
3 31
3 53
3 97
5 78
7 87
8 25
8 65
9 42
9 61
10 4
11 42
13 57
13 94
14 48
16 12
16 21
16 73
17 79
20 87
22 33
22 52
22 59
22 75
22 79
23 70
25 47
25 94
27 11
27 31
28 68
29 87
30 1
31 93
32 57
33 41
33 98
34 25
35 5
37 56
38 51
38 65
39 9
39 42
40 78
41 94
42 1
44 87
45 44
46 68
47 40
47 72
50 90
51 4
52 11
53 51
54 67
55 26
57 83
57 96
58 1
58 10
58 17
58 79
61 62
61 88
62 37
62 56
62 75
63 29
66 4
67 67
67 84
68 20
69 33
69 55
71 48
71 61
71 91
73 41
74 7
74 65
75 84
77 1
78 59
78 71
79 37
81 84
82 25
82 47
82 79
86 19
86 28
86 87
87 3
87 53
88 12
88 68
90 43
90 58
93 67
93 96
94 14
94 33
95 21
95 81
96 7
96 29
97 58
97 72
97 88
98 94
