# Penalty: 47502.474815471636
112
0 13
0 77
2 8
2 54
3 24
3 85
3 92
4 70
4 97
6 38
7 45
7 94
8 81
11 18
11 32
11 48
11 60
12 3
12 25
14 12
14 43
14 65
17 85
19 32
19 94
20 73
22 14
22 44
22 51
23 64
24 88
25 82
27 24
27 98
28 59
29 42
29 49
29 65
31 18
32 28
32 81
34 73
35 11
36 36
36 99
37 25
37 69
38 49
38 63
38 93
39 15
41 75
41 79
42 85
45 7
45 65
46 55
47 38
47 96
48 20
49 45
50 10
50 69
51 85
52 32
52 74
54 5
57 54
58 88
59 30
60 84
62 53
63 71
65 45
66 31
66 91
68 2
68 79
69 67
69 97
70 38
71 9
71 31
71 48
73 37
76 89
77 38
77 73
77 95
78 22
79 16
79 44
79 64
81 57
83 8
84 28
84 59
84 71
87 17
87 74
90 50
90 89
92 0
92 12
92 97
93 28
97 24
97 54
98 81
98 93
99 14
99 63
