# Penalty: 43278.46128820706
105
1 6
1 19
2 43
3 27
4 89
6 61
7 51
8 11
10 86
11 71
12 79
14 33
15 50
19 97
21 11
21 25
23 9
23 58
23 74
24 3
24 65
25 47
28 42
28 80
29 8
30 21
31 16
34 67
35 93
36 43
36 80
37 57
37 87
38 12
38 22
39 3
39 51
40 76
40 97
42 63
44 8
45 41
47 25
47 41
48 1
48 12
48 16
48 78
50 32
51 88
51 97
53 61
54 47
56 7
57 51
58 71
59 4
59 31
60 23
61 41
62 11
62 77
64 65
66 18
66 50
67 90
68 22
68 57
69 73
71 2
71 67
72 34
72 50
72 80
75 30
75 94
77 10
77 57
77 76
77 94
80 47
81 41
81 62
82 21
82 94
83 52
84 66
84 73
86 87
88 16
88 40
89 48
90 53
92 27
92 89
93 56
94 48
94 69
95 9
96 1
96 62
96 77
98 41
99 17
99 27
