# Penalty: 47499.96990222804
111
1 4
1 89
3 51
3 64
4 34
5 84
6 96
7 5
8 12
8 19
8 26
8 61
8 72
9 47
11 30
13 50
13 71
14 47
15 80
15 96
16 25
16 92
19 9
20 41
20 61
21 7
21 12
21 51
26 70
26 72
28 1
28 26
28 36
30 50
30 82
31 57
32 40
32 56
33 63
34 89
36 25
38 15
38 29
38 58
39 69
41 3
41 10
41 26
41 67
42 54
43 37
43 99
48 36
49 14
49 45
50 89
51 0
52 64
52 68
52 79
54 22
54 55
55 72
55 90
57 36
61 6
62 66
63 41
63 92
66 34
66 42
67 64
68 49
70 18
70 76
71 14
72 47
72 60
74 53
74 92
75 30
76 17
76 97
78 33
78 73
78 76
82 20
82 70
83 42
83 50
85 87
85 92
86 54
86 70
87 14
88 82
89 13
89 25
89 65
89 96
93 2
94 15
94 39
94 87
96 9
96 65
97 46
97 52
97 68
97 97
98 25
