# Penalty: 50194.09058827463
111
0 74
0 99
1 9
2 18
3 46
4 53
4 76
7 29
8 3
8 23
8 63
10 15
15 12
15 29
16 23
16 35
16 59
17 52
17 95
21 31
21 70
22 61
23 9
23 73
23 98
25 45
25 55
27 63
27 78
29 41
29 69
29 89
30 20
30 29
31 2
31 35
31 48
32 14
36 46
37 86
38 3
39 52
39 63
40 39
42 93
43 31
43 46
44 52
44 87
47 63
47 80
47 90
47 99
49 37
50 81
51 47
56 94
57 31
57 41
57 85
58 61
58 73
60 15
60 51
61 3
62 54
63 20
63 84
64 32
65 9
66 72
66 94
67 29
68 17
68 38
68 43
69 51
71 9
73 57
73 73
73 86
74 2
74 83
75 42
75 49
76 6
76 23
76 66
78 60
79 94
81 29
82 51
83 13
85 2
85 68
89 17
89 84
90 32
91 22
91 42
91 92
95 12
95 70
97 3
97 48
97 90
98 31
98 64
98 83
99 20
99 58
