# Penalty: 42354.73690005101
104
0 74
0 98
1 48
2 39
3 25
3 88
4 62
5 14
5 68
7 8
8 37
8 44
8 71
10 50
12 10
12 94
15 26
17 31
18 18
18 98
19 49
20 9
21 69
21 78
24 63
25 27
26 15
26 75
26 95
27 48
27 85
28 33
31 69
33 11
34 57
34 95
35 12
36 66
37 34
37 51
39 79
40 5
40 38
40 62
41 47
42 70
45 7
45 18
46 97
47 75
47 92
48 65
49 16
50 45
51 11
51 22
51 32
51 52
53 74
54 20
55 92
56 25
56 58
57 45
58 32
59 6
61 53
62 74
62 97
63 11
63 45
66 86
67 7
67 73
68 42
68 58
71 94
73 43
73 82
74 35
75 14
76 2
76 48
77 62
77 92
79 49
79 77
83 3
83 39
83 94
85 49
86 21
88 90
89 14
89 28
93 90
95 37
96 77
96 98
97 8
97 43
98 24
98 61
99 57
