# Penalty: 44124.263261405074
111
0 0
0 20
0 34
0 58
0 64
0 99
5 86
5 88
7 0
8 17
9 77
9 99
11 12
13 38
13 49
14 4
15 50
15 55
15 91
16 88
17 19
19 35
20 77
21 9
21 76
22 56
24 21
24 79
25 36
25 98
26 50
31 46
31 94
33 7
34 0
34 26
34 61
35 76
35 90
35 99
36 30
36 64
36 80
39 40
40 13
40 47
43 60
44 0
44 39
44 73
46 84
46 92
49 15
49 32
49 43
52 39
52 72
53 17
53 55
53 70
53 99
54 26
55 46
57 14
57 93
59 82
60 9
60 31
62 96
63 19
63 49
63 53
66 73
68 65
69 1
70 50
70 64
72 25
72 87
72 92
73 70
74 97
75 8
76 0
76 75
77 34
77 55
78 22
79 75
80 66
83 60
83 99
86 15
86 46
87 13
87 72
87 77
91 96
92 34
92 35
93 54
93 72
94 0
96 24
96 53
96 81
97 62
97 65
98 47
99 0
99 38
