# Penalty: 48879.669809720326
111
0 17
0 61
1 93
2 42
3 1
3 8
3 78
5 51
5 53
5 86
7 34
7 65
9 7
10 78
11 14
11 24
11 43
12 60
13 6
14 46
14 88
15 96
16 70
17 19
17 54
17 80
18 36
19 29
20 3
20 69
20 78
21 51
25 3
26 35
27 88
29 49
30 1
31 7
31 60
33 13
33 37
33 80
37 45
38 85
40 79
41 7
41 34
41 53
42 15
44 39
44 70
44 95
45 49
47 90
48 4
49 42
50 38
50 80
51 26
52 89
53 14
53 33
54 98
55 45
57 56
58 75
60 13
61 24
61 84
62 46
63 85
64 96
65 5
65 19
65 38
65 60
65 64
66 75
69 8
69 67
71 53
74 19
74 28
74 82
74 92
78 62
79 4
79 13
79 56
79 98
80 88
81 44
83 75
85 4
85 59
85 96
86 0
87 38
87 91
89 52
91 97
92 0
92 17
93 35
93 53
93 82
94 10
94 47
97 68
97 74
98 5
