# Penalty: 43829.988918237344
106
0 6
0 49
2 16
2 26
4 47
4 81
5 42
5 58
6 33
7 26
11 40
11 80
12 58
12 70
12 87
12 95
13 16
14 21
15 48
18 98
19 27
20 3
20 61
23 13
23 53
23 65
24 44
25 31
27 74
27 79
28 10
28 56
28 98
32 49
33 20
33 40
33 93
34 1
34 71
35 57
36 64
36 81
38 6
38 31
40 47
41 12
41 57
42 23
42 69
44 94
45 52
45 99
48 60
49 17
49 35
49 78
49 97
50 73
50 92
51 30
52 13
52 50
53 28
54 45
55 40
56 91
60 7
60 44
60 52
60 73
60 78
60 98
62 64
63 20
64 31
64 40
64 82
66 54
67 70
68 23
69 2
72 87
73 27
75 99
79 0
79 22
79 43
80 17
80 81
80 94
81 7
81 55
81 67
83 58
86 25
87 2
88 88
91 40
92 49
94 15
94 60
94 94
95 26
98 43
99 0
99 67
