# Penalty: 53924.06678603789
112
2 5
4 26
5 68
5 87
6 77
7 6
7 14
7 25
7 59
9 31
9 54
11 19
12 67
12 71
13 55
14 12
15 0
16 62
19 7
19 80
20 32
22 87
22 96
23 37
23 47
24 4
24 73
25 55
25 79
27 65
28 88
29 25
29 31
30 42
30 98
31 72
32 11
33 54
33 71
34 38
34 85
35 15
35 22
36 48
36 77
38 99
40 84
41 51
41 64
42 34
42 41
43 7
46 9
46 48
46 78
47 26
48 21
48 39
48 60
48 98
50 75
50 82
51 37
52 46
53 61
54 56
54 90
55 5
56 18
56 83
56 99
59 11
59 49
59 93
60 73
61 28
61 37
63 6
63 84
68 73
68 95
70 36
70 91
71 60
72 78
72 98
76 45
77 25
77 33
77 58
77 72
77 82
78 7
79 30
80 68
81 87
83 39
83 77
85 2
85 65
86 56
86 95
90 36
90 44
90 51
90 86
91 75
92 18
93 94
95 44
97 81
97 86
