# Penalty: 50994.05410844615
112
0 97
3 33
3 49
3 71
4 9
4 65
4 82
5 39
7 14
8 28
8 36
8 66
10 96
12 1
13 58
13 70
13 80
14 7
14 10
17 48
21 85
22 12
23 45
25 59
26 32
28 5
28 23
28 66
30 15
30 76
33 40
34 87
35 1
35 20
35 68
36 5
36 34
37 62
37 96
38 77
40 25
40 62
41 16
42 48
42 80
43 72
43 88
44 36
45 45
46 73
47 8
47 29
47 37
47 56
50 98
51 80
53 29
53 55
53 93
54 16
54 42
55 72
55 85
58 51
59 32
62 5
62 19
62 95
63 48
63 60
63 81
63 85
65 24
66 67
67 34
67 79
68 42
68 56
69 3
70 12
72 97
73 68
74 8
75 33
75 84
76 58
77 4
78 45
79 35
80 64
81 53
81 87
84 4
84 14
84 45
85 18
87 62
87 81
89 50
90 22
90 61
92 89
93 46
95 2
95 14
96 96
97 30
97 97
98 20
99 43
99 72
99 85
