# Penalty: 40379.0305221958
100
1 34
2 2
3 46
4 28
5 8
7 36
8 17
8 26
9 5
9 90
11 51
12 82
14 13
15 27
16 3
16 71
16 90
18 19
20 10
21 56
21 87
22 25
23 38
24 3
26 75
27 19
28 27
28 97
29 9
29 50
29 84
31 56
32 43
32 69
35 1
35 17
36 67
36 79
37 42
37 95
38 35
42 9
43 27
43 69
44 44
45 61
46 16
46 31
47 97
48 8
51 15
51 37
51 55
51 97
52 87
53 78
56 21
56 97
57 17
58 30
59 39
59 74
61 5
61 47
61 88
62 53
62 96
63 18
63 34
66 70
66 91
68 48
70 13
70 54
71 76
74 18
77 62
77 79
78 88
80 14
80 56
81 66
83 36
85 3
86 29
86 85
87 11
87 45
89 56
89 73
90 20
92 37
92 51
94 15
95 1
95 67
97 7
98 17
98 66
98 79
