# Penalty: 44807.66727909437
106
2 20
2 35
3 82
4 29
4 89
5 54
6 96
9 72
9 77
10 38
10 88
11 45
12 66
13 22
13 56
15 7
15 31
16 76
18 39
18 91
19 77
20 18
22 92
23 12
23 62
24 1
25 31
25 33
25 58
25 83
26 87
27 72
29 46
30 52
32 66
33 95
34 9
35 38
37 13
38 3
39 27
39 60
40 49
41 70
42 45
43 26
44 11
45 36
47 0
47 55
48 17
48 48
48 66
51 99
52 33
52 90
53 25
53 43
53 73
55 82
56 6
56 40
56 49
57 18
57 69
61 34
64 56
66 64
67 23
67 87
69 72
69 92
70 2
70 16
70 83
71 10
72 50
73 56
74 75
75 13
75 34
76 28
77 92
80 44
81 32
82 65
83 88
84 73
84 96
85 40
85 53
85 64
88 10
89 0
89 38
89 77
90 81
91 17
91 89
92 28
92 70
93 46
96 55
96 61
98 29
99 6
