# Penalty: 49888.90022809736
113
2 15
2 40
3 50
3 67
4 24
4 29
4 43
6 9
8 85
11 14
11 67
13 54
13 90
14 7
14 24
14 79
16 30
17 13
17 49
17 74
20 66
20 89
20 95
22 24
24 14
25 3
25 49
27 8
28 24
28 32
28 83
31 94
32 54
32 76
33 21
33 95
34 63
35 88
36 3
37 57
38 42
38 49
42 26
42 61
42 78
42 89
43 12
43 67
44 6
45 20
45 38
46 1
47 47
48 75
49 35
49 60
49 97
50 6
50 84
50 90
51 70
53 30
53 53
54 14
54 36
55 9
55 67
57 4
57 40
59 98
60 2
60 70
62 29
62 94
63 35
63 62
67 13
70 38
71 23
71 81
73 1
73 68
74 88
74 95
76 15
76 29
76 87
76 96
79 61
80 25
80 51
81 7
81 14
81 37
82 74
84 33
86 52
88 95
89 15
91 25
91 42
91 89
92 50
93 1
93 32
94 8
94 77
95 44
95 60
96 53
97 72
98 83
99 18
