# Penalty: 52035.23776260394
113
1 26
1 50
2 46
3 6
4 65
4 68
4 95
6 13
6 20
6 58
6 88
9 27
9 55
10 23
10 72
12 14
13 51
15 32
15 61
15 82
17 13
18 35
18 42
19 69
19 80
19 88
21 65
21 94
24 48
25 25
26 14
27 85
28 34
29 57
29 88
30 3
31 45
32 60
33 28
33 56
34 9
34 41
35 92
36 30
37 12
39 66
40 83
41 18
42 1
42 37
43 75
43 90
44 48
45 88
47 53
48 65
49 7
49 39
49 51
53 64
53 75
54 98
55 45
55 54
55 75
55 86
58 12
58 20
61 3
61 91
62 33
62 53
63 35
63 96
64 68
65 60
66 18
66 34
66 46
66 72
67 82
68 51
70 5
71 29
72 78
74 65
76 78
76 97
77 68
78 56
79 91
80 0
80 42
82 38
84 26
84 49
86 86
87 60
87 81
89 23
89 66
90 91
91 16
91 25
92 32
92 44
92 80
93 51
94 58
96 37
96 68
97 81
98 16
