# Penalty: 45338.584451118535
108
0 41
2 54
3 26
3 86
5 17
5 20
7 12
8 69
9 50
10 88
12 27
13 97
14 54
14 75
15 29
15 96
17 45
18 4
19 6
20 98
21 89
22 60
22 69
23 38
23 55
23 81
24 42
24 94
25 4
25 47
26 22
26 78
27 14
27 31
28 92
29 68
30 86
33 39
34 62
36 21
36 56
37 6
38 30
40 35
41 25
42 6
42 33
42 54
42 87
43 65
43 76
43 92
44 47
47 8
47 53
48 26
49 0
49 14
50 99
51 58
52 40
55 36
56 75
57 46
58 65
59 10
60 14
60 85
61 97
63 63
63 88
64 41
64 83
65 70
67 80
68 3
68 58
69 32
71 13
71 96
72 50
73 46
75 8
75 32
76 15
76 21
77 82
79 70
81 1
81 22
81 65
82 90
83 70
84 46
84 86
85 8
86 58
90 78
90 88
91 28
91 39
92 32
92 50
93 98
97 75
98 4
98 64
99 54
