# Penalty: 44203.95066378649
108
1 62
2 4
3 43
3 89
4 30
4 52
4 74
4 98
5 42
6 51
7 11
8 64
8 87
9 5
9 20
10 83
11 13
13 54
15 17
15 69
16 93
18 8
19 78
21 6
21 46
22 0
22 35
24 88
25 70
27 25
27 50
29 14
29 71
29 80
31 43
31 52
32 61
33 13
33 85
33 97
37 75
38 5
38 33
39 22
42 12
42 56
43 49
43 89
44 77
45 32
48 11
48 83
49 23
50 38
50 48
50 51
51 80
52 87
53 66
54 60
55 11
56 72
57 21
58 43
59 15
60 22
60 84
61 79
62 7
63 97
64 26
64 69
65 55
65 98
69 1
69 60
70 53
71 40
72 30
73 73
73 97
75 59
76 82
77 35
78 7
79 81
80 18
81 61
81 91
81 97
82 14
82 47
83 2
83 4
83 71
85 24
86 47
86 55
87 88
91 27
92 38
92 83
95 23
95 60
96 4
97 43
97 72
99 98
