# Penalty: 37078.92481526927
99
0 3
2 28
2 86
3 67
5 14
5 93
6 38
6 75
7 45
9 55
10 79
12 30
13 93
14 26
15 3
15 24
16 65
17 83
18 19
18 40
20 44
20 54
21 65
25 80
26 57
28 25
28 51
29 72
31 3
31 59
32 11
34 79
35 42
35 67
35 96
36 55
38 59
39 27
40 29
40 93
41 1
41 36
41 70
42 13
43 81
46 6
47 51
48 45
50 27
51 75
52 84
53 17
54 14
54 67
55 3
55 9
56 1
56 23
56 50
56 86
57 71
60 95
63 92
64 54
67 10
67 36
68 3
68 48
68 59
68 69
69 99
70 10
71 25
71 99
73 40
73 49
73 82
75 85
78 61
80 20
81 67
82 48
82 75
83 31
83 39
84 18
85 96
87 0
88 89
89 3
90 34
90 68
91 33
92 82
93 9
95 53
95 57
96 95
99 19
