# Penalty: 48415.03764164262
113
0 96
1 50
1 89
3 30
3 59
4 38
5 6
5 53
5 73
7 80
7 94
8 8
8 44
9 67
11 36
11 84
13 43
13 75
15 8
15 23
18 42
18 50
18 95
19 1
19 80
20 77
23 2
23 97
24 63
25 15
26 29
27 6
27 83
28 33
31 14
32 84
33 22
34 42
34 90
35 77
36 2
36 29
37 47
38 58
39 8
39 50
39 63
40 95
42 19
42 88
43 10
43 36
43 71
45 56
46 88
47 18
47 27
48 46
48 94
49 69
50 81
52 37
53 5
53 83
54 43
54 49
56 11
57 27
58 97
59 49
60 37
60 72
61 61
64 4
66 87
67 0
68 51
68 99
70 90
71 16
73 45
73 74
73 95
74 42
74 64
75 6
75 31
77 14
78 36
79 80
81 12
81 64
81 99
82 52
82 87
84 38
84 57
85 0
85 49
86 11
86 77
87 18
87 70
87 86
88 95
91 57
93 40
95 51
95 66
96 25
97 88
98 76
99 98
