# Penalty: 45222.85169820309
108
0 0
2 36
3 11
3 24
3 68
3 77
3 95
6 52
8 64
10 2
11 34
11 80
13 62
14 32
14 71
15 44
16 58
18 89
19 99
20 26
22 1
22 67
23 31
23 72
23 85
24 59
25 5
25 34
25 41
28 91
31 31
31 69
32 11
32 17
32 59
35 24
35 41
35 93
37 80
38 52
38 66
38 86
39 37
43 11
43 26
45 59
45 64
46 91
47 51
47 73
47 80
48 84
49 9
49 16
50 28
50 68
53 55
53 63
55 17
55 26
57 42
57 96
59 0
59 21
59 54
60 40
63 79
63 86
65 56
66 23
66 92
68 75
69 42
69 69
70 9
70 29
70 81
74 17
75 33
75 74
76 27
78 39
78 94
79 3
80 18
81 60
84 37
84 44
86 30
88 4
88 21
88 87
89 70
90 55
90 96
91 40
91 78
92 90
94 26
94 73
95 1
96 9
96 98
99 18
99 28
99 33
99 53
99 95
