# Penalty: 39343.86891048442
103
1 33
1 75
3 5
3 78
4 14
4 57
4 59
7 41
8 82
10 14
11 29
12 79
13 98
14 20
14 57
16 62
17 9
17 47
19 31
20 63
20 94
21 26
21 97
22 40
23 31
25 49
26 4
27 59
27 90
30 73
31 59
31 71
32 41
33 8
33 10
34 75
34 98
36 29
38 84
39 2
39 18
39 50
42 49
43 70
44 59
44 93
45 24
46 65
47 79
48 1
48 82
50 93
51 72
52 33
53 69
54 49
56 44
58 7
62 19
62 80
63 9
63 86
66 54
66 63
66 96
67 47
68 97
69 78
70 14
70 34
71 59
72 28
72 38
72 84
73 65
76 91
77 2
78 16
79 46
79 83
80 6
81 52
81 62
81 85
83 23
83 93
83 97
84 12
85 20
85 33
88 9
89 43
91 72
91 87
93 95
94 7
94 17
95 53
95 87
96 46
96 65
99 23
99 32
