# Penalty: 40514.24383769932
106
0 31
0 51
0 58
0 89
2 0
3 83
4 9
4 18
4 43
5 99
6 56
7 38
9 26
11 4
11 63
11 87
12 20
14 96
16 6
16 26
16 53
16 60
16 98
17 35
18 66
20 17
21 87
22 60
23 73
25 52
28 1
28 59
29 84
32 16
32 22
32 98
33 33
34 3
34 52
35 47
36 34
39 13
42 23
43 71
44 70
45 34
48 14
48 50
48 64
50 13
50 89
51 47
54 96
55 43
55 55
55 74
57 26
58 5
59 76
60 2
60 43
61 10
61 31
61 56
61 94
62 66
63 87
66 62
70 28
70 38
72 1
72 12
72 89
72 99
74 7
75 27
75 49
75 59
76 76
77 85
78 10
78 28
79 41
81 21
81 93
82 65
82 86
83 71
84 14
86 46
87 73
88 57
90 0
90 4
90 32
90 89
91 42
91 49
91 74
93 18
96 62
97 11
97 85
97 90
99 19
99 69
