# Penalty: 42335.24267612934
109
0 65
1 21
2 4
2 49
2 92
3 40
3 85
4 98
7 8
8 18
8 40
8 47
8 88
10 5
10 98
13 78
14 25
14 64
15 30
17 11
17 49
17 59
20 2
20 75
21 45
23 76
25 59
25 94
26 7
26 19
26 34
26 48
26 87
29 29
29 79
31 53
32 91
34 2
35 22
35 35
37 98
38 41
39 72
40 48
40 57
40 66
41 29
42 19
42 86
44 74
48 88
50 1
50 5
50 49
51 27
51 70
51 97
54 32
55 87
56 18
57 76
57 97
58 65
60 36
60 52
60 90
61 8
61 67
62 39
62 74
63 20
64 45
65 0
65 26
68 83
70 15
71 35
72 51
72 68
73 20
74 89
74 97
76 30
77 72
79 69
79 95
81 6
81 15
82 28
82 44
83 56
83 79
86 65
86 86
87 41
88 3
89 16
90 33
90 54
91 78
91 82
92 89
93 60
94 4
95 66
95 98
97 30
97 48
98 78
