# Penalty: 43729.964873049285
109
0 59
0 67
1 1
2 11
3 30
4 2
5 22
5 45
6 87
7 14
7 31
7 75
7 94
9 71
10 55
11 22
12 12
13 8
13 48
14 82
14 97
15 77
18 37
18 96
20 27
20 56
21 5
22 12
22 38
24 80
26 21
26 45
26 76
27 18
27 67
29 4
29 86
30 46
31 9
31 90
34 31
34 83
36 25
36 59
36 71
37 39
38 66
40 73
41 3
42 13
43 34
44 93
45 3
45 12
45 52
45 59
47 81
48 40
49 72
50 21
53 97
54 22
55 13
55 47
56 29
58 4
58 74
59 65
59 88
60 37
62 10
63 86
66 54
68 63
68 69
69 34
71 25
72 92
73 90
74 8
74 63
75 0
76 59
77 8
77 82
80 4
80 33
80 75
81 29
82 4
83 49
84 75
85 18
85 61
85 96
86 43
86 63
86 91
87 30
90 28
90 84
91 98
92 8
94 43
96 19
97 2
97 65
97 78
99 62
