# Penalty: 42647.891781281454
106
1 86
2 25
2 64
2 74
3 19
3 38
4 12
6 67
8 52
10 9
10 59
10 85
12 46
14 0
14 73
15 14
16 26
19 93
20 87
21 14
21 33
21 69
22 60
24 5
24 45
24 50
24 76
25 89
26 22
28 30
30 16
31 59
32 69
32 96
33 39
34 15
34 77
35 90
37 34
37 66
38 0
38 74
39 49
39 81
40 29
41 70
42 15
42 85
43 61
43 91
44 40
45 77
46 23
47 20
48 0
49 38
49 50
51 41
51 96
54 7
55 20
56 55
57 32
58 45
58 80
59 36
59 62
60 89
63 65
64 10
65 40
68 2
68 25
69 8
69 55
69 93
72 61
74 26
74 55
74 89
75 96
77 74
78 7
79 92
80 30
82 69
83 66
83 95
86 30
88 5
88 11
88 21
88 43
88 48
88 57
88 70
90 77
90 90
91 84
93 24
96 7
97 45
97 62
97 99
98 84
99 68
