# Penalty: 61224.28481436522
136
0 1
0 6
0 16
0 27
0 36
0 48
0 62
0 72
0 92
0 99
1 56
2 77
7 0
7 19
7 59
7 99
8 37
8 68
8 91
10 6
10 26
10 47
12 77
14 84
17 0
17 29
17 39
17 79
17 99
18 17
18 61
18 91
20 6
20 46
20 72
21 27
27 9
27 29
27 79
27 89
28 51
28 61
28 71
28 97
30 0
30 16
30 36
32 42
35 96
37 0
37 79
37 99
38 27
38 37
38 61
40 6
40 16
40 72
40 92
42 36
42 47
43 77
47 0
47 99
48 27
48 61
48 71
48 91
50 6
50 17
52 47
52 77
53 39
57 87
58 47
58 67
59 7
60 26
60 36
60 82
60 92
62 61
62 97
63 0
63 19
63 77
64 9
68 0
68 41
70 26
70 82
72 7
72 17
72 47
72 57
72 87
73 11
73 69
73 99
78 1
78 78
78 90
80 52
81 27
82 7
82 17
82 70
83 39
83 49
83 59
83 99
87 87
89 57
90 26
90 36
92 71
92 79
92 91
92 99
93 0
93 9
93 19
93 49
96 44
97 1
97 91
98 12
99 6
99 16
99 31
99 36
99 52
99 62
99 72
99 82
99 99
