# Penalty: 41524.24285872608
104
0 37
0 40
1 18
2 29
2 80
3 51
4 62
7 2
7 18
8 48
9 67
10 57
13 52
14 45
15 75
16 22
18 32
19 82
20 91
21 59
22 9
22 41
22 49
22 66
23 35
25 20
27 84
28 2
28 59
29 8
29 29
32 38
32 90
33 56
33 86
35 19
35 74
36 62
37 5
40 40
40 95
41 47
42 26
43 79
44 34
44 54
44 64
45 20
46 97
48 14
49 43
51 32
51 70
54 55
55 66
57 11
57 40
57 44
58 58
59 87
59 97
60 71
61 8
61 32
62 80
64 89
65 39
65 65
66 21
66 77
67 43
67 51
69 0
70 89
73 11
74 97
75 0
75 40
77 19
78 5
80 59
81 53
81 77
81 89
82 43
82 93
83 30
85 25
88 4
89 36
90 52
91 80
91 98
94 52
94 74
94 91
95 67
95 94
96 12
96 25
97 57
98 80
99 7
99 43
