# Penalty: 34194.48881434857
83
0 59
1 42
3 6
4 19
5 30
5 41
8 8
8 13
11 4
12 28
12 44
13 14
14 22
16 31
17 89
18 19
18 75
19 37
19 44
19 50
21 4
21 88
23 23
23 30
27 40
28 15
29 29
29 46
31 22
33 41
33 55
34 60
34 73
35 11
35 28
35 96
39 66
39 92
40 14
40 78
41 42
42 2
42 28
43 49
43 74
44 52
46 8
46 26
46 38
49 2
51 15
52 60
52 86
55 51
58 12
58 77
60 48
61 53
65 5
67 43
69 53
69 76
70 61
70 67
74 20
75 28
79 80
85 80
86 7
86 29
86 54
87 18
87 70
88 59
89 67
90 40
91 4
92 8
93 72
98 18
98 28
98 97
99 1
