# Penalty: 39405.24435464782
105
1 30
1 76
1 87
1 95
3 32
3 59
4 16
5 45
7 79
9 45
13 21
13 66
14 86
15 34
15 50
16 32
17 23
18 4
19 8
22 86
22 92
23 55
23 97
24 18
25 8
25 55
26 29
27 42
27 48
29 86
30 32
33 7
33 41
33 97
36 58
37 14
37 80
38 21
38 86
40 62
41 84
41 95
43 5
44 22
44 88
46 70
47 1
47 45
48 10
48 73
52 9
52 65
53 34
55 68
56 27
57 34
57 79
58 53
60 0
60 8
63 98
64 42
64 44
64 83
65 31
65 92
66 26
68 98
69 57
69 83
70 8
70 19
72 66
74 23
74 47
75 78
76 57
77 83
78 46
79 8
80 3
81 66
82 38
82 92
83 6
83 13
85 19
85 60
86 50
88 95
89 74
90 24
90 35
90 41
91 94
93 81
94 4
94 32
95 82
96 67
97 1
97 73
98 52
98 59
99 96
