# Penalty: 41377.96248979531
107
0 0
0 97
1 21
5 78
6 6
7 41
8 16
8 63
9 23
9 59
10 54
11 34
12 26
13 11
16 81
17 39
17 44
17 66
18 0
18 72
19 92
20 9
21 20
21 28
21 50
24 21
26 6
26 53
28 36
31 4
31 75
31 98
32 67
34 56
36 5
36 22
36 94
38 49
38 80
39 38
39 96
41 1
42 59
42 69
43 31
44 12
44 36
44 75
45 80
45 94
47 1
49 6
50 49
50 56
50 97
53 27
54 30
55 23
56 4
56 36
56 85
57 51
59 58
60 90
61 83
62 5
63 2
64 37
64 64
64 77
65 46
68 16
68 29
69 12
70 50
70 68
72 60
74 33
75 7
77 35
77 55
78 31
78 74
79 48
82 58
82 97
83 4
83 22
85 40
86 64
87 11
90 23
90 48
93 35
93 95
95 76
95 86
96 0
98 12
98 91
99 5
99 26
99 60
99 67
99 77
99 83
99 99
