# Penalty: 42469.86069891845
104
0 6
0 72
0 89
1 93
2 51
5 17
5 30
5 83
6 95
8 77
9 88
10 5
10 22
10 53
10 67
12 90
13 13
13 42
14 34
16 7
18 60
18 73
23 52
24 65
24 99
25 29
27 35
28 17
28 58
29 44
30 23
30 84
32 17
35 5
35 34
35 75
36 12
36 24
38 95
40 99
41 84
42 65
43 54
44 78
45 67
45 94
46 10
46 29
46 37
47 83
48 12
49 41
51 2
51 27
51 95
52 81
53 58
53 64
55 51
56 15
58 99
59 34
62 90
63 12
63 55
63 61
64 4
64 46
64 98
66 19
68 50
69 28
70 9
71 87
73 60
74 28
75 72
76 32
77 48
77 57
77 64
77 81
78 21
79 38
80 3
80 8
80 11
83 21
85 1
85 62
87 54
87 88
89 65
89 80
90 18
90 93
91 5
92 81
96 74
96 97
97 26
98 83
99 48
99 59
