# Penalty: 42724.81730052562
104
1 33
2 4
2 69
3 42
3 97
4 11
6 50
6 77
7 55
10 1
10 58
11 20
12 82
14 14
14 32
17 56
17 64
17 81
17 86
18 7
18 35
24 65
24 96
25 23
25 87
27 18
27 51
27 79
28 39
29 91
30 81
31 59
31 75
32 6
32 40
34 49
36 35
37 8
37 22
37 53
39 92
41 16
41 46
41 48
43 27
43 74
46 43
46 53
47 4
48 76
48 95
50 19
50 32
52 70
53 39
55 53
58 83
59 33
59 45
59 59
60 96
61 91
62 26
62 75
65 48
65 53
66 5
66 34
67 64
67 77
68 22
68 91
69 29
72 5
72 82
73 13
75 32
75 63
75 67
76 24
77 2
77 53
79 36
79 91
83 18
83 84
84 24
84 46
85 60
85 75
86 30
87 36
89 45
90 71
90 81
91 96
93 87
96 27
98 23
98 39
98 68
99 6
99 80
99 93
