# Penalty: 42416.65060624528
105
1 0
2 12
2 37
2 93
6 22
6 43
6 63
7 83
8 7
8 52
9 33
10 2
11 21
12 56
12 65
12 92
13 75
13 81
15 8
17 15
17 37
18 26
18 77
18 98
20 63
21 5
22 88
24 97
26 33
26 41
27 78
28 7
28 20
28 33
29 55
33 22
33 86
33 99
39 47
39 66
39 96
40 4
40 27
40 85
43 19
45 37
45 90
46 28
46 58
47 10
48 85
49 4
51 17
51 49
51 77
53 95
56 22
56 69
58 65
59 52
60 26
60 99
61 58
63 54
64 95
65 20
65 34
65 74
68 4
70 29
73 99
74 38
74 74
75 87
76 10
76 94
77 25
77 52
77 82
78 14
80 32
81 59
81 63
82 1
82 85
83 74
85 50
87 11
87 28
87 41
89 21
90 3
90 92
91 37
92 16
92 70
93 63
93 87
94 30
95 5
96 47
97 23
99 13
99 60
99 67
