# Penalty: 44743.9577728174
108
0 41
0 47
0 95
1 69
3 79
4 87
8 26
8 86
9 41
10 60
12 34
14 51
15 10
17 17
17 19
17 45
17 57
17 98
18 30
18 66
18 73
20 84
22 48
23 17
24 6
25 39
25 90
26 69
27 4
27 86
28 36
31 81
32 27
32 53
33 16
33 61
36 6
37 93
38 49
41 11
41 64
42 26
42 81
42 87
43 33
43 66
44 56
44 75
45 19
48 57
49 34
50 50
50 92
51 24
51 31
56 7
56 45
56 72
57 13
57 61
57 71
57 83
60 86
61 97
62 7
62 33
63 50
64 28
67 65
68 54
68 77
68 82
69 12
70 0
71 41
73 93
73 97
75 19
75 68
75 74
76 98
77 53
78 12
78 23
79 19
80 36
80 40
81 60
82 92
83 45
83 83
84 8
86 59
88 2
88 54
89 40
89 46
89 74
91 22
91 26
92 14
94 95
95 68
97 3
97 57
98 48
98 78
99 90
