# Penalty: 45487.7566887301
111
0 37
0 61
0 68
2 44
3 50
3 82
4 9
6 70
10 1
11 9
12 39
12 56
13 99
14 5
14 84
15 68
16 76
17 15
17 33
18 85
19 24
22 45
22 99
23 7
23 53
24 24
24 34
24 77
26 7
26 93
27 37
27 48
29 68
31 13
32 86
33 91
33 98
34 73
36 7
36 68
37 34
38 25
39 53
39 94
40 60
42 70
42 89
44 99
45 19
46 1
46 7
46 34
48 84
49 96
50 47
50 74
51 24
51 35
53 67
54 39
55 12
57 52
57 62
57 69
58 30
59 17
59 86
62 82
63 99
64 58
64 70
65 43
65 50
67 0
67 40
68 82
70 21
71 43
71 53
71 63
71 95
72 30
73 7
74 1
74 22
74 40
74 91
77 63
77 73
78 44
81 10
81 48
82 81
84 2
88 59
88 95
89 8
89 24
89 62
91 23
92 35
92 51
94 11
95 71
97 0
97 23
99 42
99 51
99 57
99 79
99 97
