# Penalty: 43205.207306119875
107
0 36
1 12
2 2
2 20
3 26
3 51
3 88
4 7
5 70
8 61
10 35
10 52
10 68
12 14
12 45
13 10
13 92
14 31
14 77
16 23
18 50
18 72
19 16
20 40
21 86
23 4
25 23
25 67
25 91
26 84
28 6
29 64
32 95
33 96
34 10
34 28
34 65
34 85
35 93
36 3
36 30
40 34
42 25
43 10
43 67
44 6
44 49
45 80
47 34
47 94
48 90
49 39
52 19
52 87
53 5
55 10
55 45
57 70
59 79
60 64
61 55
62 7
64 39
65 3
65 23
66 27
67 75
68 13
68 94
69 62
71 3
71 41
72 83
73 74
73 91
73 99
75 27
75 50
75 98
76 15
76 63
78 0
79 85
80 58
80 78
80 93
82 32
83 64
83 97
84 25
85 19
86 69
88 8
88 29
88 43
89 90
91 25
91 54
91 77
93 93
94 53
96 29
97 19
98 6
98 45
99 68
99 98
