# Penalty: 45165.07293363585
110
1 69
1 84
3 58
5 78
8 10
8 53
9 24
10 73
10 94
11 83
12 20
12 31
12 64
13 4
17 25
18 43
18 60
19 11
19 37
20 91
21 66
23 46
24 63
25 0
27 30
28 11
29 25
29 56
29 95
31 15
32 79
33 47
33 85
34 68
35 26
37 0
38 87
39 12
39 26
39 42
39 52
41 70
42 6
42 61
43 19
44 46
44 83
45 25
47 3
47 33
48 64
49 41
49 49
52 10
52 59
52 89
53 21
56 2
56 66
58 16
58 50
58 76
58 96
61 0
62 36
63 22
64 49
64 81
65 61
66 94
67 4
68 88
69 28
70 1
72 81
74 14
75 65
76 34
76 50
76 69
77 40
78 73
78 97
80 23
80 57
80 82
83 6
84 27
84 52
84 92
85 68
86 12
86 95
88 56
89 85
90 62
91 76
92 14
92 90
93 8
93 47
94 3
95 82
96 32
96 42
96 63
96 97
97 77
98 84
99 35
