# Penalty: 61931.237142703045
124
1 62
1 82
2 2
2 69
4 37
4 51
5 21
5 94
6 13
6 28
8 40
8 90
9 49
9 71
10 3
10 9
11 56
13 30
14 63
14 81
14 97
15 12
15 92
16 20
17 79
18 1
19 44
20 51
21 21
22 9
23 29
23 62
24 32
24 78
26 8
26 93
27 17
30 3
30 28
30 42
30 69
31 47
33 30
34 21
34 75
34 91
35 9
35 44
36 31
37 55
37 71
39 18
39 83
40 42
41 4
41 88
42 38
43 97
44 49
44 68
46 8
46 21
46 58
48 42
49 2
49 81
51 12
51 89
52 29
53 76
55 21
55 49
57 8
57 87
57 99
58 33
59 43
60 4
60 73
61 13
61 25
62 55
62 67
65 8
65 76
65 91
66 81
68 30
69 65
71 0
71 54
72 17
73 89
74 42
75 10
76 37
76 78
77 59
80 25
81 8
81 16
81 53
83 83
84 29
84 54
84 73
84 91
87 45
88 12
88 39
90 18
91 51
92 4
92 11
92 36
92 65
93 71
93 90
94 19
94 78
96 96
97 5
97 48
99 63
