# Penalty: 50474.893078223016
117
0 34
0 53
1 26
1 99
2 69
4 7
4 29
4 40
5 5
5 73
5 87
9 39
9 62
10 0
10 50
10 55
11 90
12 12
12 88
13 76
13 98
14 90
15 29
15 37
16 18
19 72
21 3
24 15
24 41
26 18
26 38
26 61
28 84
28 99
29 96
30 1
31 70
31 81
32 8
33 85
34 15
34 34
34 48
35 65
36 28
37 56
38 13
38 42
38 46
41 94
44 23
44 30
44 69
45 94
46 63
46 83
47 22
47 38
48 81
51 28
52 11
54 60
55 94
56 83
57 61
58 2
58 65
59 73
61 13
61 24
61 83
62 97
63 32
63 36
64 17
66 96
67 3
69 43
69 49
70 0
70 21
72 30
74 13
74 15
74 47
74 60
76 55
76 91
77 36
77 97
78 21
78 43
80 92
83 22
83 50
84 4
86 83
86 92
87 13
87 64
87 74
88 16
88 30
88 39
91 80
93 8
93 59
95 6
95 60
95 68
96 87
97 23
97 29
98 41
99 34
99 68
99 73
