# Penalty: 43858.24647460262
105
2 22
2 37
2 56
2 74
2 92
3 35
3 78
4 8
5 46
5 59
6 2
10 54
14 19
17 74
18 13
19 85
19 96
20 62
21 54
22 47
22 79
24 18
25 27
25 41
25 87
26 38
26 96
28 62
31 0
31 78
33 22
34 44
35 12
35 77
36 59
37 31
38 65
38 84
41 92
42 0
42 25
43 7
43 44
44 52
45 16
45 77
46 57
46 67
47 46
48 79
48 98
49 32
50 86
51 31
52 54
53 97
56 13
56 82
56 91
57 19
58 3
58 43
58 61
59 90
61 6
61 33
62 20
62 28
62 49
64 57
64 68
64 78
66 60
68 98
69 80
70 42
70 54
71 27
72 14
72 69
73 75
75 58
76 46
77 66
78 22
81 9
81 38
82 94
84 78
85 56
86 87
87 21
87 64
87 93
88 63
89 40
93 83
94 35
94 73
96 39
98 17
98 24
98 66
99 48
99 87
