# Penalty: 46185.66526826384
111
1 4
1 78
2 12
2 43
2 74
3 60
4 32
5 32
6 5
7 22
8 71
9 48
9 85
11 10
11 62
11 90
12 42
15 15
16 23
18 15
19 25
20 4
20 50
21 1
21 54
21 82
22 34
23 97
27 71
28 4
29 20
30 34
30 79
31 49
32 16
33 95
34 42
34 67
35 27
35 39
36 54
36 75
37 85
39 21
39 75
40 9
40 92
43 90
44 9
44 28
44 39
44 51
44 69
49 62
50 76
51 0
51 12
52 61
53 70
54 18
54 22
54 40
56 15
56 27
57 85
58 76
59 62
60 87
60 97
62 37
63 35
64 10
64 64
65 1
65 45
66 49
67 28
69 89
70 7
70 19
71 67
72 43
73 56
73 81
73 95
74 19
75 7
77 68
79 82
81 30
82 59
84 97
85 15
85 49
85 71
86 42
86 77
87 63
87 86
89 20
92 34
92 42
92 77
93 55
94 97
96 60
97 12
97 25
97 82
97 94
99 3
