# Penalty: 54240.96856788186
106
0 21
1 2
1 10
1 12
1 29
6 27
9 1
10 14
10 71
12 81
13 2
13 60
14 6
15 21
15 26
15 63
15 77
17 14
17 70
19 7
19 21
19 77
20 62
22 81
23 1
24 27
24 57
24 70
25 12
27 0
27 29
28 43
32 9
33 46
34 3
34 27
35 20
36 41
49 60
52 76
53 11
53 15
53 93
54 78
55 22
55 88
56 31
56 35
56 48
57 41
58 94
59 6
59 70
60 55
60 98
61 77
61 88
62 20
64 7
64 29
64 66
65 90
67 16
67 47
69 58
69 67
70 21
70 76
70 85
72 52
73 90
75 40
75 99
77 92
78 6
78 25
78 66
81 42
81 87
83 12
83 53
83 73
84 60
85 30
85 34
85 79
86 62
87 0
88 22
88 55
88 98
90 72
91 13
91 35
92 22
92 28
92 30
92 44
92 80
93 75
95 3
95 7
95 16
95 54
97 86
99 60
