# Penalty: 38473.13704416474
99
0 6
2 53
3 43
6 21
7 56
8 40
12 32
13 64
13 90
15 4
15 39
16 78
17 33
19 14
20 0
20 88
21 2
22 97
23 54
24 37
24 73
26 59
27 23
28 78
29 14
29 90
30 43
30 56
31 70
32 2
33 50
33 81
35 4
35 24
35 36
36 64
37 88
38 41
38 79
38 94
42 0
42 91
43 48
44 32
45 55
45 67
46 19
46 28
47 6
47 77
50 62
50 84
51 92
52 28
54 47
54 61
55 17
56 73
57 89
59 33
59 83
61 59
62 40
63 94
65 19
66 69
68 19
68 25
72 75
73 79
74 34
74 58
75 69
76 4
77 14
77 24
77 43
77 50
79 76
79 92
80 86
81 46
81 70
84 4
85 32
89 15
90 68
90 93
91 60
93 8
94 79
95 36
95 74
95 96
96 90
97 27
97 51
97 57
99 43
