196
5 8
5 99
6 58
6 77
7 16
7 22
7 30
7 43
7 52
7 86
8 65
8 70
8 89
9 35
12 65
12 69
12 85
13 6
13 35
13 42
13 91
14 14
14 46
14 77
15 99
16 23
16 29
16 57
19 34
19 57
21 17
21 18
21 31
21 41
21 64
21 71
21 89
22 98
23 49
23 76
23 82
24 7
26 14
26 68
27 41
27 48
27 78
27 93
28 23
28 28
28 57
28 87
29 9
29 62
29 97
31 35
32 98
33 42
34 36
34 92
35 9
35 15
35 52
35 69
35 74
36 27
36 82
37 21
37 55
37 61
40 8
40 34
40 99
41 15
41 28
41 41
41 64
41 78
41 93
42 23
42 49
42 55
42 86
43 72
46 91
47 28
47 35
49 17
49 40
49 57
49 81
50 6
50 23
50 62
50 99
51 47
51 68
52 77
54 30
54 49
54 91
56 10
56 32
56 57
56 62
56 71
56 77
56 87
57 43
58 19
59 14
59 98
61 7
61 40
61 64
61 85
63 11
63 68
64 51
64 76
65 19
65 29
65 35
65 58
65 90
65 97
68 23
68 42
70 60
70 78
70 95
71 7
71 33
71 70
71 82
71 89
72 12
72 26
72 47
72 55
75 6
75 49
75 64
76 86
77 69
77 76
78 12
78 44
78 56
78 93
78 96
79 20
79 28
79 35
83 14
83 48
83 93
83 99
84 7
84 37
84 60
84 85
86 21
86 28
86 44
86 54
86 72
86 78
89 9
89 28
89 99
90 51
90 63
90 69
90 78
91 14
91 44
91 54
92 22
92 36
93 83
93 90
96 29
96 47
96 98
97 22
97 34
97 61
97 79
97 92
98 53
99 7
99 12
99 42
99 68
99 85
