114
0 7
0 41
0 49
0 83
0 92
0 96
1 65
3 12
3 24
3 48
6 80
7 88
8 59
10 0
12 19
12 99
14 51
14 76
15 63
15 87
17 46
17 92
20 0
20 42
20 76
21 8
21 78
22 14
22 34
25 24
25 53
26 88
26 95
27 75
27 97
28 64
30 13
30 68
30 79
31 53
32 61
33 3
33 20
35 47
36 0
36 94
38 9
38 81
39 47
40 19
40 36
42 90
42 99
45 15
45 26
45 58
46 35
47 70
48 50
49 28
50 8
51 0
52 71
52 92
53 6
55 20
55 97
56 23
57 3
58 84
58 91
61 79
63 32
65 38
66 29
66 45
66 94
67 55
69 91
70 22
71 81
72 6
72 42
74 0
74 59
75 55
77 74
77 91
78 94
79 43
81 25
81 88
82 14
83 16
85 7
88 57
88 79
89 10
89 46
90 27
90 91
91 72
92 98
94 49
94 94
96 36
96 40
96 61
97 2
97 13
98 31
98 67
99 21
99 82
