112
0 3
0 61
0 95
2 28
2 85
3 69
5 14
6 75
6 99
7 93
8 4
8 20
8 57
8 61
11 15
11 29
12 36
15 47
16 5
16 53
16 95
17 19
17 79
17 91
22 33
23 42
23 66
24 6
24 59
26 79
26 91
27 44
28 1
28 51
28 68
28 97
29 53
30 19
30 29
33 76
33 85
35 34
35 88
38 16
38 23
39 9
41 97
42 37
42 67
44 1
44 76
45 85
46 58
48 12
49 45
50 47
50 97
51 54
52 1
52 78
53 16
53 32
56 29
56 66
59 6
61 19
61 70
61 79
61 86
63 13
63 28
63 39
66 52
66 69
67 59
68 40
69 89
70 20
71 54
73 35
73 95
75 65
76 10
77 74
78 48
79 27
80 29
80 83
81 24
81 68
82 59
83 0
83 75
85 17
85 94
86 88
88 62
88 99
89 48
89 73
90 80
94 18
94 43
94 99
95 28
96 24
97 68
98 9
98 49
98 55
99 32
99 78
