110
0 1
0 54
0 67
0 80
3 30
4 58
4 94
5 91
6 8
7 51
9 74
10 12
10 74
11 90
12 22
13 20
13 39
13 68
13 99
14 34
14 52
15 57
15 79
18 29
18 97
19 53
20 25
21 83
22 4
22 16
23 40
23 51
24 94
25 76
28 4
29 30
29 62
30 78
30 98
31 25
32 9
38 67
39 6
40 34
40 66
41 14
41 18
42 94
43 85
43 93
45 9
45 76
46 55
49 96
50 39
51 22
51 80
52 26
52 47
52 62
52 93
56 13
57 62
57 99
59 18
60 70
61 15
63 3
63 20
64 26
64 43
64 56
65 68
65 88
65 91
66 98
68 59
68 76
69 9
72 11
73 0
73 17
74 76
74 96
76 68
77 30
79 0
81 23
81 36
82 7
84 15
84 58
84 74
84 77
85 54
87 39
87 90
89 64
90 3
90 5
92 47
94 14
94 85
95 47
96 64
96 95
97 4
97 24
98 33
99 60
