103
0 33
0 67
0 99
2 57
3 85
5 11
5 45
5 77
6 16
6 51
6 88
7 58
12 2
13 65
15 88
16 71
16 99
19 24
19 80
20 33
20 87
21 42
22 53
23 12
23 51
23 59
25 2
26 8
26 91
28 14
29 27
29 42
29 63
31 78
32 23
33 77
34 67
35 6
35 25
35 48
35 58
37 42
38 84
39 36
41 8
43 66
43 93
45 0
46 77
48 21
50 8
50 54
50 67
52 31
52 44
52 84
53 42
56 69
57 3
59 14
59 35
59 74
61 99
62 31
62 65
64 48
65 80
66 0
66 24
66 32
68 10
69 11
70 70
74 54
75 36
76 62
78 46
78 97
79 84
80 11
80 54
81 27
83 67
86 56
86 76
87 98
88 5
89 17
90 26
90 47
92 69
93 92
94 85
95 3
95 32
96 10
96 25
96 38
96 79
97 3
97 99
99 16
99 82
