104
0 0
0 17
0 24
0 32
0 79
1 91
2 7
2 65
3 53
4 45
6 34
7 91
9 20
9 50
10 10
10 94
13 19
14 40
15 9
15 79
16 40
16 69
17 94
19 81
20 27
21 56
21 92
23 63
24 20
24 53
25 36
25 99
26 15
27 0
27 85
29 64
30 13
31 7
33 81
34 40
35 19
35 55
35 88
36 6
36 22
36 79
36 90
39 58
39 64
40 39
40 47
41 13
41 73
44 28
47 1
47 92
48 24
49 46
49 94
51 21
51 61
55 9
56 44
56 84
57 16
57 27
58 0
58 18
59 9
59 41
60 89
62 49
64 25
64 80
65 0
67 38
67 57
68 14
71 95
71 98
72 6
73 21
74 84
76 37
78 42
80 9
81 61
82 66
82 74
84 83
84 99
85 6
86 0
87 34
87 90
89 25
90 43
90 57
95 4
95 71
96 22
96 64
97 55
98 36
