105
0 11
0 22
0 90
1 46
2 30
2 60
2 81
2 99
6 67
7 23
7 39
9 71
10 87
11 12
11 59
13 18
14 50
14 79
15 7
15 30
15 91
15 93
20 8
20 15
22 96
23 0
23 14
24 45
28 29
29 18
30 20
30 55
32 40
32 79
34 64
34 99
35 5
36 33
37 97
39 1
39 39
39 87
41 11
41 97
42 73
44 18
44 61
46 4
46 22
46 32
47 65
48 90
49 46
49 85
50 7
52 39
52 48
53 72
53 77
55 21
56 32
56 69
58 57
58 83
59 0
62 7
62 72
62 99
64 33
64 69
65 28
66 92
67 3
67 10
67 95
68 60
68 68
70 3
70 44
72 31
72 79
73 59
74 19
74 30
75 35
75 95
81 13
81 75
82 86
83 49
83 54
84 71
85 7
86 38
87 27
89 53
89 78
90 83
90 94
95 28
96 42
96 62
97 78
99 19
99 52
