109
0 14
0 23
0 40
0 84
1 59
7 52
7 75
8 27
8 87
9 12
9 58
10 98
11 45
12 77
13 21
15 73
16 65
17 26
18 9
19 46
22 7
22 67
22 74
23 29
24 88
26 13
27 49
28 96
29 18
30 30
31 82
33 75
34 59
34 93
35 40
37 3
37 64
38 4
39 42
40 87
41 94
42 24
42 93
44 56
46 33
46 77
48 12
49 89
51 49
51 96
52 3
53 56
54 14
54 29
54 42
55 71
57 83
57 91
58 35
60 59
60 84
61 75
62 8
62 99
63 18
64 11
64 67
66 25
66 49
67 71
67 78
69 58
71 32
72 14
72 96
74 80
75 43
76 25
77 16
77 64
78 37
80 87
81 93
82 45
82 58
83 0
85 19
85 22
85 60
85 87
86 70
88 80
89 0
89 50
89 57
89 96
91 12
91 67
92 3
94 34
94 40
95 20
96 53
96 72
97 85
97 97
98 58
99 0
99 41
