111
0 20
0 81
0 97
2 57
3 5
4 27
4 53
5 23
5 35
6 70
8 42
8 87
8 96
9 34
11 38
11 62
14 25
14 70
14 77
15 84
16 56
18 14
20 22
20 51
21 3
21 92
22 61
22 91
23 14
23 77
23 99
24 43
24 51
26 0
27 37
30 59
31 28
32 28
33 72
33 96
34 6
34 19
34 53
38 74
40 25
40 66
40 96
41 50
42 54
43 14
43 66
43 91
44 1
47 30
48 62
49 52
49 92
50 2
52 26
52 39
52 79
53 8
54 77
54 94
55 1
55 68
58 83
60 19
60 89
61 37
61 70
62 9
62 52
62 58
64 81
65 20
65 27
67 54
68 44
69 2
71 12
71 65
73 14
73 39
73 56
74 6
76 83
78 49
80 43
81 70
81 84
81 97
82 14
83 0
84 58
84 79
84 91
86 27
87 40
88 69
90 98
91 49
92 79
93 34
95 30
95 86
99 0
99 22
99 39
99 65
99 80
