114
0 9
0 50
0 91
1 34
3 82
4 70
4 97
5 37
6 49
6 56
7 77
7 79
8 25
10 9
10 30
11 69
13 75
14 15
14 37
15 94
17 5
19 82
20 2
20 99
21 13
21 57
23 38
23 72
24 32
25 19
26 6
26 56
26 66
27 29
27 48
28 0
28 22
28 34
28 89
29 94
31 10
32 49
32 97
34 51
35 25
35 85
37 39
38 7
38 60
40 3
40 16
41 55
42 46
42 93
43 17
44 69
44 85
45 40
51 0
52 55
52 99
53 18
53 27
53 46
56 35
56 86
57 6
57 71
58 51
60 96
61 69
62 6
62 12
62 59
63 35
63 61
64 82
64 89
66 8
66 30
66 99
68 82
70 19
70 74
70 93
71 51
73 0
73 8
73 57
73 62
74 98
75 38
77 20
81 16
81 99
82 48
82 62
82 80
83 31
84 68
85 4
85 66
87 92
88 42
88 53
88 73
90 57
94 12
94 83
95 30
95 44
99 18
99 37
99 93
