112
0 32
0 53
0 99
1 4
1 39
3 21
4 35
4 99
5 11
5 62
5 79
7 68
9 24
9 55
9 73
9 90
10 47
13 12
15 61
18 18
18 65
19 32
21 2
24 50
25 42
25 95
26 27
26 96
27 53
28 22
28 30
28 79
30 37
31 3
31 6
31 48
31 57
34 68
35 21
36 59
36 99
37 90
38 14
38 51
40 0
40 71
40 84
43 14
44 42
44 86
46 22
47 19
47 49
47 95
51 1
51 21
52 47
52 72
53 6
54 43
54 55
55 24
55 61
55 92
58 76
59 7
60 3
60 30
60 63
60 94
62 55
62 70
63 39
67 15
67 89
69 30
69 81
70 43
70 99
72 13
72 53
73 58
74 33
75 4
76 89
77 38
78 22
78 53
79 69
80 91
81 28
81 44
81 84
83 60
83 80
84 0
85 11
87 46
87 77
89 68
89 93
91 52
92 0
93 21
93 87
94 15
95 38
98 99
99 17
99 27
99 44
99 55
