95
0 28
0 84
1 2
1 21
2 65
4 57
4 93
5 99
6 13
7 74
9 57
11 20
11 53
12 61
12 95
13 26
13 90
13 94
14 99
15 1
16 25
16 78
17 68
18 50
20 9
20 18
21 70
21 83
21 89
25 13
25 14
25 32
25 94
26 62
26 97
28 19
29 4
29 52
30 74
32 85
48 67
51 85
52 91
52 99
53 5
56 12
56 22
58 76
58 95
59 27
59 51
60 69
61 42
63 4
63 41
64 12
66 66
66 90
67 35
67 95
68 48
69 83
71 2
72 65
72 93
74 25
75 18
77 84
79 31
79 47
80 59
82 5
82 19
83 72
84 22
85 73
86 82
87 8
87 58
88 39
88 53
90 7
90 45
91 21
92 62
93 78
95 28
95 59
96 0
96 74
97 34
99 9
99 33
99 42
99 53
