110
0 3
0 13
0 31
0 48
0 78
0 95
1 99
2 21
2 65
3 86
6 3
6 21
7 54
7 71
10 72
11 11
11 80
12 91
13 44
14 32
15 16
15 51
17 24
17 60
18 92
18 98
19 3
20 75
24 62
25 80
26 8
27 38
27 86
30 15
30 65
31 53
32 31
32 42
32 73
34 5
34 76
35 59
36 15
36 40
36 65
37 85
39 52
40 26
40 59
40 97
41 11
42 87
43 35
44 55
44 75
46 61
47 51
48 2
48 19
48 90
51 95
52 37
52 85
55 57
55 65
55 84
58 75
60 99
61 16
61 64
66 76
67 56
68 5
69 32
69 46
70 18
71 79
72 23
72 57
73 96
74 91
75 0
76 25
80 8
80 43
80 50
80 81
82 31
82 75
83 57
83 85
84 97
86 70
87 23
87 81
88 5
88 8
88 43
88 98
90 50
90 57
91 26
93 92
94 38
95 71
95 85
95 93
97 88
98 13
99 78
