111
0 62
0 76
2 69
2 94
4 7
4 45
4 55
4 98
5 37
6 82
10 85
11 3
12 45
13 19
14 82
15 14
15 36
15 89
19 48
19 53
19 58
20 34
20 94
23 11
23 69
23 77
24 73
25 99
26 24
27 56
28 34
29 7
29 87
31 13
31 52
34 49
34 58
34 92
37 39
37 55
39 1
39 81
40 24
40 71
40 83
43 37
44 25
45 11
45 63
46 2
46 77
46 99
49 95
50 22
51 55
51 68
52 26
53 39
53 50
55 78
57 99
58 28
58 50
59 78
61 12
62 6
62 59
63 22
63 88
64 37
65 65
70 13
70 18
70 33
71 2
71 52
72 99
73 84
75 24
75 90
76 45
76 80
77 66
78 8
80 7
83 99
84 93
85 26
85 38
85 49
88 18
88 86
88 88
90 53
90 55
90 99
91 5
91 27
91 31
91 43
91 69
94 19
94 82
95 60
95 75
96 81
96 96
97 98
98 0
99 26
99 67
