106
1 1
1 46
2 10
2 77
2 87
4 32
4 58
5 94
6 96
7 29
8 41
9 61
10 75
13 18
13 82
13 99
15 28
16 36
17 66
17 80
18 54
18 61
19 11
19 34
19 74
20 1
22 8
22 60
22 97
25 51
27 11
27 25
28 28
28 65
31 48
31 70
31 76
33 16
34 56
36 98
38 86
39 48
39 74
41 5
41 34
43 54
44 79
45 14
46 72
48 45
50 4
50 81
51 21
51 96
52 51
54 29
54 69
56 10
57 87
58 99
59 58
60 82
60 99
61 3
62 21
63 88
64 14
66 36
66 47
67 67
68 10
68 37
68 82
69 54
70 99
71 3
72 5
72 59
72 61
72 84
74 8
76 31
76 44
76 76
78 16
78 49
79 67
80 51
81 23
83 97
84 63
85 17
86 68
87 81
88 32
92 17
92 96
94 26
94 48
94 76
95 30
97 39
98 85
99 15
99 42
99 51
