105
0 16
0 79
0 87
1 7
1 26
2 0
2 59
5 52
6 87
7 8
7 94
8 62
9 35
9 68
10 20
11 27
11 48
12 73
12 76
15 55
16 17
17 67
18 52
20 37
22 4
22 40
22 73
22 95
24 6
24 83
24 92
25 52
27 20
27 58
30 84
31 4
31 30
33 65
33 97
35 7
35 19
35 88
38 52
38 58
39 92
39 98
41 0
41 37
44 9
44 62
44 79
45 20
48 8
49 48
51 69
52 32
54 49
55 11
55 40
55 76
56 93
58 32
58 59
59 67
60 49
61 0
62 9
63 18
63 40
64 98
65 55
67 29
67 58
67 94
68 0
68 21
68 79
71 42
72 63
74 26
74 71
78 40
80 93
83 34
83 65
84 74
84 93
85 48
87 44
88 43
89 0
89 19
90 91
92 98
93 30
94 23
95 45
96 7
96 72
97 15
97 63
97 86
99 41
99 48
99 96
