105
1 53
2 1
2 63
2 69
3 19
4 98
7 92
8 26
8 45
8 81
11 72
11 99
13 22
13 53
13 65
14 8
16 33
16 43
17 51
17 75
17 80
19 11
20 25
20 33
24 45
25 96
27 54
29 30
29 75
31 86
32 13
34 41
34 82
34 96
35 63
36 21
36 36
36 45
38 10
39 1
41 95
42 59
42 88
43 20
43 46
44 3
46 56
47 36
47 45
47 68
52 48
52 56
53 67
56 18
56 74
58 6
58 27
58 89
61 16
61 38
61 42
61 65
63 91
64 55
65 2
65 31
65 81
67 36
67 78
69 14
70 26
71 48
71 56
71 84
72 22
73 6
74 77
74 92
75 16
75 59
76 40
76 57
77 0
78 80
79 67
79 97
83 25
83 45
83 64
85 81
85 95
86 23
86 33
86 81
89 0
89 72
90 12
91 17
94 32
95 82
96 77
99 3
99 15
99 46
99 99
