110
0 14
0 37
0 58
1 28
1 76
2 51
4 42
5 4
5 87
6 15
6 79
7 21
9 68
11 4
11 61
11 85
12 47
14 7
14 30
14 95
15 24
15 68
16 14
16 75
18 45
18 94
19 34
20 75
23 85
24 54
25 50
27 15
28 8
30 25
31 39
31 99
34 90
37 9
38 30
38 70
40 16
40 19
40 35
40 67
41 49
42 8
44 75
44 98
45 2
45 62
46 46
47 28
49 19
50 91
51 96
53 37
53 59
54 42
55 18
55 64
57 18
58 7
58 23
61 48
62 99
64 27
64 52
67 61
68 99
69 17
70 3
70 34
70 44
71 68
72 76
72 81
74 11
74 27
74 32
75 1
76 57
78 20
78 65
81 81
81 84
81 94
82 6
84 15
84 56
85 41
85 69
85 91
86 2
86 15
86 48
87 57
89 24
91 31
92 65
92 85
93 7
94 76
95 38
96 0
97 16
98 14
98 74
98 99
99 23
99 34
