109
0 5
0 54
1 29
1 49
1 77
3 2
4 67
7 41
7 83
8 57
8 72
9 14
9 52
9 96
12 0
12 77
12 87
13 41
15 20
18 93
19 6
19 56
20 86
21 17
21 32
21 51
21 69
21 87
23 15
24 2
24 22
24 36
25 7
25 31
26 80
28 40
29 58
29 95
34 20
34 39
34 55
35 16
35 24
35 64
36 88
37 78
38 94
39 52
39 71
39 99
43 7
44 81
45 36
45 89
47 66
47 79
48 17
51 94
52 73
53 14
53 16
53 41
53 45
56 82
57 28
57 45
58 18
59 56
59 99
61 31
63 72
64 29
66 92
67 44
69 23
69 31
69 91
70 72
70 82
70 84
71 4
72 1
73 13
73 99
75 66
77 30
79 34
80 44
82 97
83 17
83 57
84 30
84 74
84 79
85 87
87 15
88 40
89 89
90 32
91 14
92 8
92 53
93 96
94 69
96 42
97 31
98 7
99 17
99 80
