110
0 16
1 3
1 9
1 31
2 61
3 47
3 77
4 93
4 97
6 5
6 81
7 27
7 70
8 45
9 0
11 13
11 37
12 22
13 59
14 34
17 6
17 94
18 24
18 29
20 32
20 50
20 68
21 57
21 84
22 3
22 80
24 1
27 14
27 91
28 22
29 77
32 4
32 45
33 57
33 65
34 13
37 7
37 37
38 23
38 36
38 71
39 0
40 22
40 85
41 47
45 0
45 59
45 88
46 28
46 51
47 32
47 44
48 14
49 28
50 16
50 66
53 59
54 3
55 10
56 80
58 44
58 52
58 65
59 84
60 27
60 74
61 8
61 18
63 24
64 98
65 12
69 1
69 13
70 61
70 77
71 27
72 48
72 90
72 95
75 59
75 69
77 51
81 33
83 1
83 54
84 15
86 25
86 40
88 67
88 82
88 89
89 2
89 34
90 42
92 14
92 51
93 28
94 13
94 51
95 8
95 99
96 61
96 92
99 22
99 84
