105
0 12
0 46
0 77
0 89
2 93
4 65
6 2
6 86
7 54
7 76
8 12
8 27
8 46
9 97
10 11
11 24
12 72
14 14
15 33
16 80
17 25
17 87
18 48
18 56
22 67
23 32
24 21
26 85
27 66
27 99
28 14
30 4
30 18
30 50
30 72
31 66
32 0
33 29
33 61
34 10
35 88
36 82
37 30
38 53
39 9
39 64
39 99
43 20
45 12
45 35
45 99
46 42
48 54
50 45
51 4
51 76
52 62
53 25
53 87
56 76
58 84
59 13
59 66
61 29
62 48
63 65
66 37
66 79
66 99
68 30
68 96
69 13
70 20
71 0
71 57
71 87
72 23
74 75
76 2
76 60
77 30
77 52
81 11
82 46
84 21
84 36
85 58
87 55
87 93
88 82
89 70
90 82
91 25
92 6
93 38
94 62
94 72
95 14
95 33
96 43
96 96
97 69
99 4
99 18
99 84
