108
0 0
0 14
0 22
0 30
1 55
2 61
2 73
2 86
3 39
5 9
6 40
6 99
8 66
10 36
12 85
13 65
15 43
16 4
16 76
16 80
18 10
18 89
19 31
19 67
22 49
23 3
23 40
24 12
24 59
24 80
27 84
28 31
28 95
29 45
31 7
31 51
31 74
32 18
32 24
32 79
35 93
36 7
37 2
37 92
39 39
40 61
40 99
43 25
44 41
45 5
45 15
45 84
47 59
47 70
48 88
49 79
51 84
51 96
53 18
53 32
56 60
57 62
58 33
59 75
61 3
62 49
63 43
63 78
63 92
64 7
64 26
65 9
67 99
68 85
69 20
69 38
69 49
69 63
70 2
72 39
74 13
74 23
76 3
76 36
78 20
79 34
80 57
80 90
82 73
82 91
83 39
83 71
84 9
87 83
88 0
88 6
88 49
88 69
88 99
90 57
91 61
92 10
93 0
95 50
95 72
96 98
99 28
99 80
