102
0 27
2 4
2 78
3 91
4 61
5 2
5 50
5 54
7 42
8 81
9 85
10 27
10 70
11 20
11 96
13 57
14 5
15 62
17 14
18 92
22 78
23 36
24 17
29 99
30 2
30 6
31 38
32 86
33 26
33 80
34 66
34 96
35 28
36 67
37 13
37 17
37 52
38 72
41 37
43 85
44 4
44 27
44 60
45 54
45 93
46 77
47 8
48 46
49 29
51 19
51 40
52 4
52 99
55 12
56 52
57 81
57 90
58 36
59 70
60 2
63 49
63 61
63 78
64 31
64 86
64 96
65 53
66 25
66 35
67 3
67 8
67 59
68 72
70 49
72 21
72 93
74 31
75 82
76 68
77 35
78 63
78 70
80 14
80 48
80 80
83 13
84 26
84 70
86 58
86 61
87 28
88 79
89 41
90 30
90 41
91 2
92 88
95 57
95 80
99 5
99 17
99 88
