103
0 2
0 43
3 19
3 73
6 35
8 8
8 64
9 83
10 73
10 96
11 60
12 19
12 44
12 52
13 42
14 4
15 35
16 24
17 86
19 42
20 75
21 49
22 68
23 15
23 30
24 6
25 10
26 29
26 85
29 4
30 57
30 99
31 80
32 14
32 50
35 79
37 19
37 67
39 39
39 52
39 68
40 90
41 3
43 9
43 87
44 27
44 60
47 88
47 94
49 0
49 47
50 24
51 72
52 14
52 37
54 83
55 28
55 79
56 66
58 5
59 34
60 54
62 46
62 87
64 39
64 97
65 47
66 73
67 8
69 92
70 26
70 73
71 35
72 11
73 99
75 40
76 19
77 38
78 48
78 67
79 0
79 80
80 92
82 14
82 22
83 40
86 8
87 35
87 62
87 98
88 54
89 89
90 30
91 0
92 55
93 11
95 50
96 39
96 63
97 21
97 31
98 83
99 4
