108
0 64
1 3
2 89
3 43
4 30
4 52
4 74
4 99
5 41
5 51
7 11
8 64
8 87
9 20
10 3
10 83
13 8
14 16
14 57
14 94
15 72
16 47
16 79
17 8
21 1
21 35
22 4
24 88
25 71
26 71
27 15
27 25
27 50
28 43
28 80
29 64
29 99
31 52
31 86
32 12
34 78
36 4
37 34
39 13
39 22
40 89
42 51
42 60
43 77
44 33
46 10
47 82
49 23
50 43
50 51
51 80
53 48
53 88
54 64
54 69
55 11
56 44
56 75
57 21
60 14
60 22
61 83
62 7
62 80
62 98
64 26
65 70
65 98
66 57
68 54
68 65
71 36
72 30
73 0
74 78
74 97
76 84
78 7
78 35
78 56
81 97
82 14
82 18
83 2
83 59
83 85
83 89
84 4
84 51
84 73
85 23
86 47
90 37
90 56
91 27
91 90
95 83
96 4
96 25
96 60
98 44
98 73
99 99
