99
0 2
0 86
2 28
3 14
3 67
5 44
5 93
6 38
6 76
7 56
9 32
9 79
11 23
14 83
15 3
15 97
17 17
17 23
17 42
17 67
19 56
21 49
21 80
22 60
25 59
26 52
28 0
28 24
29 69
32 11
33 97
34 79
35 67
36 55
36 60
37 42
38 60
39 30
39 37
40 0
40 23
40 94
41 71
44 83
45 8
45 15
47 53
49 44
49 84
50 27
52 18
52 75
53 11
54 3
54 14
54 67
55 24
55 53
56 86
57 71
59 1
61 95
62 12
64 54
64 90
67 58
68 3
68 38
68 46
68 69
70 9
70 99
71 25
72 39
72 83
75 46
75 85
77 99
78 61
79 18
81 38
82 33
82 68
82 75
83 48
84 20
85 32
87 0
88 99
90 1
91 33
92 89
93 82
94 69
95 53
96 59
98 10
99 19
99 98
