104
0 53
2 60
6 1
6 51
6 97
7 37
7 83
8 58
9 9
9 14
10 76
14 42
17 13
17 56
19 24
23 9
23 87
24 3
24 42
24 50
24 91
27 65
29 28
29 70
30 86
31 5
31 51
31 97
32 21
33 9
34 65
35 56
37 62
39 24
39 75
40 5
41 20
42 48
42 53
42 83
43 99
46 67
48 5
48 93
49 42
50 53
51 70
53 40
53 89
54 25
54 34
56 83
56 89
56 99
57 12
57 58
58 71
59 4
59 36
60 57
61 18
61 43
64 55
64 63
64 99
65 13
67 69
67 77
69 24
70 51
70 70
71 35
71 79
72 16
73 53
74 89
75 20
76 27
77 8
79 46
79 54
80 43
82 68
82 80
82 88
83 92
86 13
87 23
87 58
88 38
89 3
89 72
93 15
94 49
94 99
95 60
96 89
97 27
97 79
98 30
99 4
99 34
99 74
99 98
