112
0 31
0 96
2 20
3 57
4 18
4 89
5 4
5 79
6 45
6 62
7 71
8 27
10 32
12 7
12 99
13 13
13 72
14 39
14 86
17 65
18 1
19 25
19 79
20 59
21 47
21 97
22 74
23 15
23 65
26 99
27 20
27 25
28 88
31 5
31 55
32 55
32 68
35 26
35 34
35 96
36 15
38 88
40 76
41 38
44 22
44 63
45 0
45 51
46 45
46 48
47 15
47 90
49 30
49 60
49 69
51 98
53 80
54 91
55 1
56 59
56 93
57 30
57 37
59 46
60 14
60 36
60 55
61 83
62 47
62 69
62 75
64 2
67 62
68 9
68 17
68 44
68 92
69 56
70 26
70 84
73 11
74 4
74 52
76 69
76 82
77 16
77 36
77 91
78 62
79 37
79 74
80 81
81 48
83 1
84 28
84 99
85 13
85 60
86 57
89 71
90 21
90 39
91 8
93 59
95 89
96 30
97 77
97 97
98 16
99 6
99 35
99 64
