104
0 6
0 11
1 63
1 86
2 33
4 68
5 77
6 45
8 99
9 42
10 20
11 86
12 4
13 17
13 27
13 52
15 18
15 70
18 6
18 57
19 2
20 42
21 67
23 23
23 74
24 31
24 99
26 0
27 54
27 74
29 9
31 83
32 37
32 62
34 1
34 17
35 76
36 8
36 88
37 22
37 29
37 94
38 59
39 99
42 8
42 49
42 58
42 68
44 45
44 86
45 13
45 58
45 97
46 19
46 27
47 0
48 90
50 41
51 73
54 74
54 87
55 2
57 62
60 45
61 26
62 89
63 16
63 98
64 25
65 6
66 66
68 37
71 79
72 45
72 58
72 99
73 32
73 48
74 90
75 10
75 43
75 69
77 13
77 24
78 0
79 80
79 96
81 91
82 99
83 55
84 31
86 21
88 3
88 13
88 24
92 48
94 67
95 18
97 85
97 93
98 25
99 39
99 49
99 81
