106
0 81
1 32
3 67
3 87
4 94
5 39
9 10
9 23
10 25
11 93
12 5
13 10
13 32
13 60
16 18
17 99
18 73
19 31
19 57
20 5
20 79
21 64
22 28
22 71
25 60
25 94
26 51
27 23
27 35
27 88
28 43
28 96
29 16
30 69
30 73
31 0
31 80
35 24
35 26
35 65
37 92
38 42
39 7
39 60
39 75
43 85
44 46
45 0
45 11
45 66
45 99
46 71
49 56
52 24
53 95
56 8
58 34
59 73
60 26
60 90
60 99
62 46
65 60
65 64
66 6
66 33
66 92
68 18
68 22
68 93
69 3
70 54
71 31
73 43
73 54
74 18
74 98
75 14
76 84
78 38
79 71
80 66
81 3
81 32
84 88
85 59
86 44
87 13
87 74
88 20
88 51
89 26
89 86
91 3
91 67
93 35
94 22
96 54
97 10
97 65
98 40
98 45
98 87
98 99
99 5
99 77
