105
0 75
0 82
0 92
1 22
2 33
2 37
2 56
3 59
4 8
4 47
5 0
10 54
11 16
13 96
15 11
16 75
19 57
19 85
21 18
21 51
21 61
22 79
24 40
25 22
25 87
26 38
27 0
28 62
28 99
31 78
32 11
32 22
34 46
35 76
38 68
39 33
39 62
41 5
41 85
42 25
42 45
43 53
43 76
43 93
44 18
46 33
46 61
47 97
48 0
48 79
48 85
50 49
51 69
51 89
52 21
52 29
52 57
54 13
55 94
56 84
58 0
58 89
59 44
60 62
61 34
61 50
62 6
62 19
62 98
63 29
64 57
64 68
64 78
66 42
66 61
68 79
70 56
71 26
71 67
72 13
74 75
76 46
76 62
77 65
81 6
81 95
82 23
82 42
82 75
83 52
84 88
87 17
87 93
89 63
89 65
91 76
92 41
94 83
97 22
97 35
99 16
99 36
99 46
99 67
99 87
